Information: Changed wire load model for 'fpu_mul_frac_dp' from '16000' to '8000'. (OPT-170)
Information: Updating design information... (UID-85)
 
****************************************
Report : power
        -analysis_effort low
Design : fpu
Version: M-2016.12-SP1
Date   : Thu Apr 25 19:50:42 2019
****************************************


Library(s) Used:

    saed32rvt_ss0p95v25c (File: /mnt/class_data/ecec574-w2019/PDKs/SAED32nm_new/SAED32_EDK/lib/stdcell_rvt/db_ccs/saed32rvt_ss0p95v25c.db)


Operating Conditions: ss0p95v25c   Library: saed32rvt_ss0p95v25c
Wire Load Model Mode: enclosed

Design        Wire Load Model            Library
------------------------------------------------
fpu                    140000            saed32rvt_ss0p95v25c
bw_r_rf16x160          35000             saed32rvt_ss0p95v25c
fpu_add                35000             saed32rvt_ss0p95v25c
fpu_mul                35000             saed32rvt_ss0p95v25c
fpu_div                16000             saed32rvt_ss0p95v25c
fpu_add_frac_dp        35000             saed32rvt_ss0p95v25c
fpu_mul_frac_dp        8000              saed32rvt_ss0p95v25c
mul64                  35000             saed32rvt_ss0p95v25c
fpu_div_frac_dp        8000              saed32rvt_ss0p95v25c
mul_array1_1           8000              saed32rvt_ss0p95v25c
mul_array1_0           8000              saed32rvt_ss0p95v25c


Global Operating Voltage = 0.95 
Power-specific unit information :
    Voltage Units = 1V
    Capacitance Units = 1.000000ff
    Time Units = 1ns
    Dynamic Power Units = 1uW    (derived from V,C,T units)
    Leakage Power Units = 1pW


  Cell Internal Power  =   1.1991 mW   (85%)
  Net Switching Power  = 205.3578 uW   (15%)
                         ---------
Total Dynamic Power    =   1.4044 mW  (100%)

Cell Leakage Power     =   2.6092 mW

Information: report_power power group summary does not include estimated clock tree power. (PWR-789)

                 Internal         Switching           Leakage            Total
Power Group      Power            Power               Power              Power   (   %    )  Attrs
--------------------------------------------------------------------------------------------------
io_pad             0.0000            0.0000            0.0000            0.0000  (   0.00%)
memory             0.0000            0.0000            0.0000            0.0000  (   0.00%)
black_box          0.0000            0.0000            0.0000            0.0000  (   0.00%)
clock_network      0.0000            0.0000            0.0000            0.0000  (   0.00%)
register           0.0000            0.0000            0.0000            0.0000  (   0.00%)
sequential     1.0163e+03            7.3542        1.0216e+09        2.0452e+03  (  50.96%)
combinational    182.7991          198.0038        1.5876e+09        1.9684e+03  (  49.04%)
--------------------------------------------------------------------------------------------------
Total          1.1991e+03 uW       205.3580 uW     2.6092e+09 pW     4.0136e+03 uW
1
