Warning: Design 'fpu' has '46' unresolved references. For more detailed information, use the "link" command. (UID-341)
 
****************************************
Report : cell
Design : fpu
Version: M-2016.12-SP1
Date   : Fri Apr 12 12:18:48 2019
****************************************

Attributes:
    b - black box (unknown)
    h - hierarchical
    n - noncombinational
    r - removable
    u - contains unmapped logic

Cell                      Reference       Library             Area  Attributes
--------------------------------------------------------------------------------
cluster_header            bw_clk_cl_fpu_cmp               0.000000  b, h
fpu_add                   fpu_add                         11194.535069
                                                                    b, h
fpu_div                   fpu_div                         4302.912104
                                                                    b, h
fpu_in                    fpu_in                          1834.411447
                                                                    b, h
fpu_mul                   fpu_mul                         7626.861498
                                                                    b, h
fpu_out                   fpu_out                         794.708307
                                                                    b, h
fpu_rptr_groups           fpu_rptr_groups                 0.000000  h
i_fpu_inq_sram            bw_r_rf16x160                   0.000000  b
test_stub                 test_stub_scan                  0.000000  b
--------------------------------------------------------------------------------
Total 9 cells                                             25753.428425
1
