 
****************************************
Report : qor
Design : fpu
Version: M-2016.12-SP1
Date   : Wed Apr 24 14:32:26 2019
****************************************


  Timing Path Group (none)
  -----------------------------------
  Levels of Logic:               6.00
  Critical Path Length:      44601.43
  Critical Path Slack:         uninit
  Critical Path Clk Period:       n/a
  Total Negative Slack:          0.00
  No. of Violating Paths:        0.00
  Worst Hold Violation:          0.00
  Total Hold Violation:          0.00
  No. of Hold Violations:        0.00
  -----------------------------------


  Cell Count
  -----------------------------------
  Hierarchical Cell Count:       3665
  Hierarchical Port Count:      64342
  Leaf Cell Count:              59308
  Buf/Inv Cell Count:           11870
  Buf Cell Count:                2437
  Inv Cell Count:                9433
  CT Buf/Inv Cell Count:            0
  Combinational Cell Count:     51754
  Sequential Cell Count:         7554
  Macro Count:                      0
  -----------------------------------


  Area
  -----------------------------------
  Combinational Area:        0.000000
  Noncombinational Area:     0.000000
  Buf/Inv Area:              0.000000
  Total Buffer Area:             0.00
  Total Inverter Area:           0.00
  Macro/Black Box Area:      0.000000
  Net Area:              34678.472996
  -----------------------------------
  Cell Area:                 0.000000
  Design Area:           34678.472996


  Design Rules
  -----------------------------------
  Total Number of Nets:         70839
  Nets With Violations:             0
  Max Trans Violations:             0
  Max Cap Violations:               0
  -----------------------------------


  Hostname: xunil-03.coe.drexel.edu

  Compile CPU Statistics
  -----------------------------------------
  Resource Sharing:                    0.00
  Logic Optimization:                  0.00
  Mapping Optimization:                0.00
  -----------------------------------------
  Overall Compile Time:                0.00
  Overall Compile Wall Clock Time:     0.00

  --------------------------------------------------------------------

  Design  WNS: 0.00  TNS: 0.00  Number of Violating Paths: 0


  Design (Hold)  WNS: 0.00  TNS: 0.00  Number of Violating Paths: 0

  --------------------------------------------------------------------


1
