 
****************************************
  Report : Chip Summary
  Design : fpu
  Version: L-2016.03-SP5-1
  Date   : Wed May  8 21:34:38 2019
****************************************
Std cell utilization: 60.41%  (383486/(634800-0))
(Non-fixed + Fixed)
Std cell utilization: 60.41%  (383486/(634800-0))
(Non-fixed only)
Chip area:            634800   sites, bbox (5.00 5.00 407.04 406.28) um
Std cell area:        383486   sites, (non-fixed:383486 fixed:0)
                      28605    cells, (non-fixed:28605  fixed:0)
Macro cell area:      0        sites
                      0        cells
Placement blockages:  0        sites, (excluding fixed std cells)
                      0        sites, (include fixed std cells & chimney area)
                      0        sites, (complete p/g net blockages)
Routing blockages:    0        sites, (partial p/g net blockages)
                      0        sites, (routing blockages and signal pre-route)
Lib cell count:       64 
Avg. std cell width:  1.88 um 
Site array:           unit     (width: 0.152 um, height: 1.672 um, rows: 240)
Physical DB scale:    1000 db_unit = 1 um 

 
****************************************
  Report : pnet options
  Design : fpu
  Version: L-2016.03-SP5-1
  Date   : Wed May  8 21:34:38 2019
****************************************


--------------------------------------------------------------------
Layer      Blockage   Min_width   Min_height   Via_additive     Density
--------------------------------------------------------------------
M1         none          ---         ---       via additive      ---
M2         none          ---         ---       via additive      ---
M3         none          ---         ---       via additive      ---
M4         none          ---         ---       via additive      ---
M5         none          ---         ---       via additive      ---
M6         none          ---         ---       via additive      ---
M7         none          ---         ---       via additive      ---
M8         none          ---         ---       via additive      ---
M9         none          ---         ---       via additive      ---
MRDL       none          ---         ---       via additive      ---

**********************************
      Sub-Region Utilization      
**********************************
Number of regions with placement utilization 0 - 0.125 is 0 (0.00%)
Number of regions with placement utilization 0.125 - 0.25 is 1 (0.04%)
Number of regions with placement utilization 0.25 - 0.375 is 23 (0.98%)
Number of regions with placement utilization 0.375 - 0.5 is 284 (12.07%)
Number of regions with placement utilization 0.5 - 0.625 is 934 (39.71%)
Number of regions with placement utilization 0.625 - 0.75 is 1098 (46.68%)
Number of regions with placement utilization 0.75 - 0.875 is 12 (0.51%)
Number of regions with placement utilization 0.875 - 1 is 0 (0.00%)
1
