 
****************************************
Report : timing
        -path full
        -delay max
        -max_paths 20
Design : s1238
Version: L-2016.03-SP5-1
Date   : Fri Mar  8 23:33:46 2019
****************************************

 * Some/all delay information is back-annotated.

Operating Conditions: ss0p95v25c   Library: saed32rvt_ss0p95v25c

  Startpoint: G10 (input port clocked by ideal_clock1)
  Endpoint: G537 (output port clocked by ideal_clock1)
  Path Group: ideal_clock1
  Path Type: max

  Point                                    Incr       Path
  -----------------------------------------------------------
  clock ideal_clock1 (rise edge)           0.00       0.00
  clock network delay (ideal)              0.00       0.00
  input external delay                     2.00       2.00 f
  G10 (in)                                 0.00       2.00 f
  U12/Y (INVX1_RVT)                        0.06 *     2.06 r
  U478/Y (NAND2X0_RVT)                     0.14 *     2.20 f
  U444/Y (OR4X1_RVT)                       0.23 *     2.43 f
  U398/Y (OR2X1_RVT)                       0.06 *     2.48 f
  U397/Y (AND2X1_RVT)                      0.05 *     2.53 f
  U394/Y (OA21X1_RVT)                      0.07 *     2.60 f
  U393/Y (AND2X1_RVT)                      0.05 *     2.65 f
  U391/Y (OA21X1_RVT)                      0.06 *     2.71 f
  U388/Y (NAND2X0_RVT)                     0.07 *     2.78 r
  U386/Y (NAND2X0_RVT)                     0.11 *     2.89 f
  U451/Y (INVX0_RVT)                       0.07 *     2.96 r
  U298/Y (AO21X1_RVT)                      0.09 *     3.06 r
  U499/Y (NAND2X0_RVT)                     0.04 *     3.10 f
  U291/Y (AND3X1_RVT)                      0.08 *     3.18 f
  U401/Y (NAND2X0_RVT)                     0.07 *     3.25 r
  G537 (out)                               0.00 *     3.25 r
  data arrival time                                   3.25

  clock ideal_clock1 (rise edge)          10.00      10.00
  clock network delay (ideal)              0.00      10.00
  output external delay                   -2.00       8.00
  data required time                                  8.00
  -----------------------------------------------------------
  data required time                                  8.00
  data arrival time                                  -3.25
  -----------------------------------------------------------
  slack (MET)                                         4.75


  Startpoint: G10 (input port clocked by ideal_clock1)
  Endpoint: G535 (output port clocked by ideal_clock1)
  Path Group: ideal_clock1
  Path Type: max

  Point                                    Incr       Path
  -----------------------------------------------------------
  clock ideal_clock1 (rise edge)           0.00       0.00
  clock network delay (ideal)              0.00       0.00
  input external delay                     2.00       2.00 r
  G10 (in)                                 0.00       2.00 r
  U12/Y (INVX1_RVT)                        0.06 *     2.06 f
  U478/Y (NAND2X0_RVT)                     0.15 *     2.21 r
  U342/Y (INVX0_RVT)                       0.10 *     2.31 f
  U383/Y (AND2X1_RVT)                      0.10 *     2.41 f
  U311/Y (NAND2X0_RVT)                     0.09 *     2.50 r
  U394/Y (OA21X1_RVT)                      0.09 *     2.59 r
  U393/Y (AND2X1_RVT)                      0.05 *     2.65 r
  U391/Y (OA21X1_RVT)                      0.06 *     2.70 r
  U388/Y (NAND2X0_RVT)                     0.07 *     2.77 f
  U386/Y (NAND2X0_RVT)                     0.12 *     2.90 r
  U385/Y (OR2X1_RVT)                       0.11 *     3.01 r
  U297/Y (OA22X1_RVT)                      0.09 *     3.09 r
  U553/Y (OA21X1_RVT)                      0.07 *     3.16 r
  U556/Y (NAND4X0_RVT)                     0.08 *     3.24 f
  G535 (out)                               0.00 *     3.24 f
  data arrival time                                   3.24

  clock ideal_clock1 (rise edge)          10.00      10.00
  clock network delay (ideal)              0.00      10.00
  output external delay                   -2.00       8.00
  data required time                                  8.00
  -----------------------------------------------------------
  data required time                                  8.00
  data arrival time                                  -3.24
  -----------------------------------------------------------
  slack (MET)                                         4.76


  Startpoint: G10 (input port clocked by ideal_clock1)
  Endpoint: G532 (output port clocked by ideal_clock1)
  Path Group: ideal_clock1
  Path Type: max

  Point                                    Incr       Path
  -----------------------------------------------------------
  clock ideal_clock1 (rise edge)           0.00       0.00
  clock network delay (ideal)              0.00       0.00
  input external delay                     2.00       2.00 r
  G10 (in)                                 0.00       2.00 r
  U12/Y (INVX1_RVT)                        0.06 *     2.06 f
  U478/Y (NAND2X0_RVT)                     0.15 *     2.21 r
  U342/Y (INVX0_RVT)                       0.10 *     2.31 f
  U383/Y (AND2X1_RVT)                      0.10 *     2.41 f
  U311/Y (NAND2X0_RVT)                     0.09 *     2.50 r
  U394/Y (OA21X1_RVT)                      0.09 *     2.59 r
  U393/Y (AND2X1_RVT)                      0.05 *     2.65 r
  U391/Y (OA21X1_RVT)                      0.06 *     2.70 r
  U388/Y (NAND2X0_RVT)                     0.07 *     2.77 f
  U386/Y (NAND2X0_RVT)                     0.12 *     2.90 r
  U385/Y (OR2X1_RVT)                       0.11 *     3.01 r
  U399/Y (NBUFFX2_RVT)                     0.06 *     3.06 r
  U544/Y (AO21X1_RVT)                      0.05 *     3.11 r
  U550/Y (NAND4X0_RVT)                     0.10 *     3.21 f
  G532 (out)                               0.00 *     3.21 f
  data arrival time                                   3.21

  clock ideal_clock1 (rise edge)          10.00      10.00
  clock network delay (ideal)              0.00      10.00
  output external delay                   -2.00       8.00
  data required time                                  8.00
  -----------------------------------------------------------
  data required time                                  8.00
  data arrival time                                  -3.21
  -----------------------------------------------------------
  slack (MET)                                         4.79


  Startpoint: G10 (input port clocked by ideal_clock1)
  Endpoint: G530 (output port clocked by ideal_clock1)
  Path Group: ideal_clock1
  Path Type: max

  Point                                    Incr       Path
  -----------------------------------------------------------
  clock ideal_clock1 (rise edge)           0.00       0.00
  clock network delay (ideal)              0.00       0.00
  input external delay                     2.00       2.00 f
  G10 (in)                                 0.00       2.00 f
  U12/Y (INVX1_RVT)                        0.06 *     2.06 r
  U478/Y (NAND2X0_RVT)                     0.14 *     2.20 f
  U444/Y (OR4X1_RVT)                       0.23 *     2.43 f
  U398/Y (OR2X1_RVT)                       0.06 *     2.48 f
  U397/Y (AND2X1_RVT)                      0.05 *     2.53 f
  U394/Y (OA21X1_RVT)                      0.07 *     2.60 f
  U393/Y (AND2X1_RVT)                      0.05 *     2.65 f
  U391/Y (OA21X1_RVT)                      0.06 *     2.71 f
  U388/Y (NAND2X0_RVT)                     0.07 *     2.78 r
  U386/Y (NAND2X0_RVT)                     0.11 *     2.89 f
  U385/Y (OR2X1_RVT)                       0.13 *     3.02 f
  U399/Y (NBUFFX2_RVT)                     0.06 *     3.08 f
  U543/Y (NAND2X0_RVT)                     0.07 *     3.15 r
  G530 (out)                               0.00 *     3.15 r
  data arrival time                                   3.15

  clock ideal_clock1 (rise edge)          10.00      10.00
  clock network delay (ideal)              0.00      10.00
  output external delay                   -2.00       8.00
  data required time                                  8.00
  -----------------------------------------------------------
  data required time                                  8.00
  data arrival time                                  -3.15
  -----------------------------------------------------------
  slack (MET)                                         4.85


  Startpoint: G7 (input port clocked by ideal_clock1)
  Endpoint: G549 (output port clocked by ideal_clock1)
  Path Group: ideal_clock1
  Path Type: max

  Point                                    Incr       Path
  -----------------------------------------------------------
  clock ideal_clock1 (rise edge)           0.00       0.00
  clock network delay (ideal)              0.00       0.00
  input external delay                     2.00       2.00 f
  G7 (in)                                  0.00       2.00 f
  U9/Y (INVX1_RVT)                         0.05 *     2.05 r
  U406/Y (NAND3X0_RVT)                     0.11 *     2.16 f
  U462/Y (AO221X1_RVT)                     0.15 *     2.31 f
  U463/Y (OA221X1_RVT)                     0.08 *     2.39 f
  U464/Y (OR2X1_RVT)                       0.07 *     2.46 f
  U421/Y (AND2X1_RVT)                      0.07 *     2.52 f
  U419/Y (AND2X1_RVT)                      0.06 *     2.58 f
  U404/Y (AND2X1_RVT)                      0.11 *     2.70 f
  U17/Y (INVX0_RVT)                        0.09 *     2.79 r
  U434/Y (OR2X1_RVT)                       0.08 *     2.87 r
  U567/Y (AO21X1_RVT)                      0.06 *     2.93 r
  U575/Y (NAND4X0_RVT)                     0.11 *     3.04 f
  G549 (out)                               0.00 *     3.04 f
  data arrival time                                   3.04

  clock ideal_clock1 (rise edge)          10.00      10.00
  clock network delay (ideal)              0.00      10.00
  output external delay                   -2.00       8.00
  data required time                                  8.00
  -----------------------------------------------------------
  data required time                                  8.00
  data arrival time                                  -3.04
  -----------------------------------------------------------
  slack (MET)                                         4.96


  Startpoint: G10 (input port clocked by ideal_clock1)
  Endpoint: G550 (output port clocked by ideal_clock1)
  Path Group: ideal_clock1
  Path Type: max

  Point                                    Incr       Path
  -----------------------------------------------------------
  clock ideal_clock1 (rise edge)           0.00       0.00
  clock network delay (ideal)              0.00       0.00
  input external delay                     2.00       2.00 r
  G10 (in)                                 0.00       2.00 r
  U12/Y (INVX1_RVT)                        0.06 *     2.06 f
  U348/Y (OR2X1_RVT)                       0.12 *     2.17 f
  U338/Y (INVX1_RVT)                       0.06 *     2.24 r
  U483/Y (AOI22X1_RVT)                     0.11 *     2.35 f
  U290/Y (OAI21X1_RVT)                     0.12 *     2.47 r
  U513/Y (NAND4X0_RVT)                     0.19 *     2.65 f
  U305/Y (INVX1_RVT)                       0.10 *     2.75 r
  U428/Y (NAND3X0_RVT)                     0.08 *     2.83 f
  U418/Y (AND2X1_RVT)                      0.09 *     2.92 f
  U454/Y (AND2X1_RVT)                      0.06 *     2.98 f
  U518/Y (NAND2X0_RVT)                     0.05 *     3.03 r
  G550 (out)                               0.00 *     3.03 r
  data arrival time                                   3.03

  clock ideal_clock1 (rise edge)          10.00      10.00
  clock network delay (ideal)              0.00      10.00
  output external delay                   -2.00       8.00
  data required time                                  8.00
  -----------------------------------------------------------
  data required time                                  8.00
  data arrival time                                  -3.03
  -----------------------------------------------------------
  slack (MET)                                         4.97


  Startpoint: G10 (input port clocked by ideal_clock1)
  Endpoint: G539 (output port clocked by ideal_clock1)
  Path Group: ideal_clock1
  Path Type: max

  Point                                    Incr       Path
  -----------------------------------------------------------
  clock ideal_clock1 (rise edge)           0.00       0.00
  clock network delay (ideal)              0.00       0.00
  input external delay                     2.00       2.00 f
  G10 (in)                                 0.00       2.00 f
  U12/Y (INVX1_RVT)                        0.06 *     2.06 r
  U478/Y (NAND2X0_RVT)                     0.14 *     2.20 f
  U444/Y (OR4X1_RVT)                       0.23 *     2.43 f
  U398/Y (OR2X1_RVT)                       0.06 *     2.48 f
  U397/Y (AND2X1_RVT)                      0.05 *     2.53 f
  U394/Y (OA21X1_RVT)                      0.07 *     2.60 f
  U393/Y (AND2X1_RVT)                      0.05 *     2.65 f
  U391/Y (OA21X1_RVT)                      0.06 *     2.71 f
  U388/Y (NAND2X0_RVT)                     0.07 *     2.78 r
  U387/Y (OA22X1_RVT)                      0.10 *     2.88 r
  U559/Y (OAI22X1_RVT)                     0.11 *     2.99 f
  G539 (out)                               0.00 *     2.99 f
  data arrival time                                   2.99

  clock ideal_clock1 (rise edge)          10.00      10.00
  clock network delay (ideal)              0.00      10.00
  output external delay                   -2.00       8.00
  data required time                                  8.00
  -----------------------------------------------------------
  data required time                                  8.00
  data arrival time                                  -2.99
  -----------------------------------------------------------
  slack (MET)                                         5.01


  Startpoint: G7 (input port clocked by ideal_clock1)
  Endpoint: G552 (output port clocked by ideal_clock1)
  Path Group: ideal_clock1
  Path Type: max

  Point                                    Incr       Path
  -----------------------------------------------------------
  clock ideal_clock1 (rise edge)           0.00       0.00
  clock network delay (ideal)              0.00       0.00
  input external delay                     2.00       2.00 r
  G7 (in)                                  0.00       2.00 r
  U9/Y (INVX1_RVT)                         0.05 *     2.05 f
  U461/Y (NAND2X0_RVT)                     0.12 *     2.17 r
  U462/Y (AO221X1_RVT)                     0.12 *     2.29 r
  U463/Y (OA221X1_RVT)                     0.09 *     2.38 r
  U464/Y (OR2X1_RVT)                       0.07 *     2.45 r
  U421/Y (AND2X1_RVT)                      0.07 *     2.51 r
  U419/Y (AND2X1_RVT)                      0.06 *     2.57 r
  U404/Y (AND2X1_RVT)                      0.12 *     2.69 r
  U17/Y (INVX0_RVT)                        0.08 *     2.77 f
  U587/Y (OAI222X1_RVT)                    0.19 *     2.96 r
  G552 (out)                               0.00 *     2.96 r
  data arrival time                                   2.96

  clock ideal_clock1 (rise edge)          10.00      10.00
  clock network delay (ideal)              0.00      10.00
  output external delay                   -2.00       8.00
  data required time                                  8.00
  -----------------------------------------------------------
  data required time                                  8.00
  data arrival time                                  -2.96
  -----------------------------------------------------------
  slack (MET)                                         5.04


  Startpoint: G7 (input port clocked by ideal_clock1)
  Endpoint: G542 (output port clocked by ideal_clock1)
  Path Group: ideal_clock1
  Path Type: max

  Point                                    Incr       Path
  -----------------------------------------------------------
  clock ideal_clock1 (rise edge)           0.00       0.00
  clock network delay (ideal)              0.00       0.00
  input external delay                     2.00       2.00 f
  G7 (in)                                  0.00       2.00 f
  U9/Y (INVX1_RVT)                         0.05 *     2.05 r
  U406/Y (NAND3X0_RVT)                     0.11 *     2.16 f
  U462/Y (AO221X1_RVT)                     0.15 *     2.31 f
  U463/Y (OA221X1_RVT)                     0.08 *     2.39 f
  U464/Y (OR2X1_RVT)                       0.07 *     2.46 f
  U421/Y (AND2X1_RVT)                      0.07 *     2.52 f
  U419/Y (AND2X1_RVT)                      0.06 *     2.58 f
  U404/Y (AND2X1_RVT)                      0.11 *     2.70 f
  U535/Y (AOI22X1_RVT)                     0.12 *     2.81 r
  U536/Y (OR3X1_RVT)                       0.07 *     2.88 r
  U610/Y (NAND3X0_RVT)                     0.07 *     2.95 f
  G542 (out)                               0.00 *     2.95 f
  data arrival time                                   2.95

  clock ideal_clock1 (rise edge)          10.00      10.00
  clock network delay (ideal)              0.00      10.00
  output external delay                   -2.00       8.00
  data required time                                  8.00
  -----------------------------------------------------------
  data required time                                  8.00
  data arrival time                                  -2.95
  -----------------------------------------------------------
  slack (MET)                                         5.05


  Startpoint: G10 (input port clocked by ideal_clock1)
  Endpoint: G551 (output port clocked by ideal_clock1)
  Path Group: ideal_clock1
  Path Type: max

  Point                                    Incr       Path
  -----------------------------------------------------------
  clock ideal_clock1 (rise edge)           0.00       0.00
  clock network delay (ideal)              0.00       0.00
  input external delay                     2.00       2.00 r
  G10 (in)                                 0.00       2.00 r
  U12/Y (INVX1_RVT)                        0.06 *     2.06 f
  U348/Y (OR2X1_RVT)                       0.12 *     2.17 f
  U338/Y (INVX1_RVT)                       0.06 *     2.24 r
  U483/Y (AOI22X1_RVT)                     0.11 *     2.35 f
  U290/Y (OAI21X1_RVT)                     0.12 *     2.47 r
  U513/Y (NAND4X0_RVT)                     0.19 *     2.65 f
  U305/Y (INVX1_RVT)                       0.10 *     2.75 r
  U580/Y (NAND3X0_RVT)                     0.10 *     2.85 f
  U581/Y (NAND4X0_RVT)                     0.09 *     2.94 r
  G551 (out)                               0.00 *     2.94 r
  data arrival time                                   2.94

  clock ideal_clock1 (rise edge)          10.00      10.00
  clock network delay (ideal)              0.00      10.00
  output external delay                   -2.00       8.00
  data required time                                  8.00
  -----------------------------------------------------------
  data required time                                  8.00
  data arrival time                                  -2.94
  -----------------------------------------------------------
  slack (MET)                                         5.06


  Startpoint: G7 (input port clocked by ideal_clock1)
  Endpoint: G548 (output port clocked by ideal_clock1)
  Path Group: ideal_clock1
  Path Type: max

  Point                                    Incr       Path
  -----------------------------------------------------------
  clock ideal_clock1 (rise edge)           0.00       0.00
  clock network delay (ideal)              0.00       0.00
  input external delay                     2.00       2.00 f
  G7 (in)                                  0.00       2.00 f
  U9/Y (INVX1_RVT)                         0.05 *     2.05 r
  U406/Y (NAND3X0_RVT)                     0.11 *     2.16 f
  U462/Y (AO221X1_RVT)                     0.15 *     2.31 f
  U463/Y (OA221X1_RVT)                     0.08 *     2.39 f
  U464/Y (OR2X1_RVT)                       0.07 *     2.46 f
  U421/Y (AND2X1_RVT)                      0.07 *     2.52 f
  U419/Y (AND2X1_RVT)                      0.06 *     2.58 f
  U404/Y (AND2X1_RVT)                      0.11 *     2.70 f
  U17/Y (INVX0_RVT)                        0.09 *     2.79 r
  U447/Y (OAI22X1_RVT)                     0.11 *     2.91 f
  G548 (out)                               0.00 *     2.91 f
  data arrival time                                   2.91

  clock ideal_clock1 (rise edge)          10.00      10.00
  clock network delay (ideal)              0.00      10.00
  output external delay                   -2.00       8.00
  data required time                                  8.00
  -----------------------------------------------------------
  data required time                                  8.00
  data arrival time                                  -2.91
  -----------------------------------------------------------
  slack (MET)                                         5.09


  Startpoint: G7 (input port clocked by ideal_clock1)
  Endpoint: G547 (output port clocked by ideal_clock1)
  Path Group: ideal_clock1
  Path Type: max

  Point                                    Incr       Path
  -----------------------------------------------------------
  clock ideal_clock1 (rise edge)           0.00       0.00
  clock network delay (ideal)              0.00       0.00
  input external delay                     2.00       2.00 f
  G7 (in)                                  0.00       2.00 f
  U9/Y (INVX1_RVT)                         0.05 *     2.05 r
  U406/Y (NAND3X0_RVT)                     0.11 *     2.16 f
  U462/Y (AO221X1_RVT)                     0.15 *     2.31 f
  U463/Y (OA221X1_RVT)                     0.08 *     2.39 f
  U464/Y (OR2X1_RVT)                       0.07 *     2.46 f
  U421/Y (AND2X1_RVT)                      0.07 *     2.52 f
  U419/Y (AND2X1_RVT)                      0.06 *     2.58 f
  U404/Y (AND2X1_RVT)                      0.11 *     2.70 f
  U564/Y (AO22X1_RVT)                      0.10 *     2.79 f
  G547 (out)                               0.00 *     2.79 f
  data arrival time                                   2.79

  clock ideal_clock1 (rise edge)          10.00      10.00
  clock network delay (ideal)              0.00      10.00
  output external delay                   -2.00       8.00
  data required time                                  8.00
  -----------------------------------------------------------
  data required time                                  8.00
  data arrival time                                  -2.79
  -----------------------------------------------------------
  slack (MET)                                         5.21


  Startpoint: G10 (input port clocked by ideal_clock1)
  Endpoint: DFF_16/q_reg
            (rising edge-triggered flip-flop clocked by ideal_clock1)
  Path Group: ideal_clock1
  Path Type: max

  Point                                    Incr       Path
  -----------------------------------------------------------
  clock ideal_clock1 (rise edge)           0.00       0.00
  clock network delay (ideal)              0.00       0.00
  input external delay                     2.00       2.00 f
  G10 (in)                                 0.00       2.00 f
  U12/Y (INVX1_RVT)                        0.06 *     2.06 r
  U478/Y (NAND2X0_RVT)                     0.14 *     2.20 f
  U444/Y (OR4X1_RVT)                       0.23 *     2.43 f
  U398/Y (OR2X1_RVT)                       0.06 *     2.48 f
  U397/Y (AND2X1_RVT)                      0.05 *     2.53 f
  U394/Y (OA21X1_RVT)                      0.07 *     2.60 f
  U393/Y (AND2X1_RVT)                      0.05 *     2.65 f
  U391/Y (OA21X1_RVT)                      0.06 *     2.71 f
  U388/Y (NAND2X0_RVT)                     0.07 *     2.78 r
  U382/Y (AND2X1_RVT)                      0.08 *     2.86 r
  U299/Y (OA21X1_RVT)                      0.09 *     2.95 r
  U381/Y (OR2X1_RVT)                       0.07 *     3.01 r
  DFF_16/q_reg/D (DFFX1_RVT)               0.00 *     3.01 r
  data arrival time                                   3.01

  clock ideal_clock1 (rise edge)          10.00      10.00
  clock network delay (ideal)              0.40      10.40
  clock uncertainty                       -0.05      10.35
  DFF_16/q_reg/CLK (DFFX1_RVT)             0.00      10.35 r
  library setup time                      -0.05      10.30
  data required time                                 10.30
  -----------------------------------------------------------
  data required time                                 10.30
  data arrival time                                  -3.01
  -----------------------------------------------------------
  slack (MET)                                         7.29


  Startpoint: G7 (input port clocked by ideal_clock1)
  Endpoint: DFF_12/q_reg
            (rising edge-triggered flip-flop clocked by ideal_clock1)
  Path Group: ideal_clock1
  Path Type: max

  Point                                    Incr       Path
  -----------------------------------------------------------
  clock ideal_clock1 (rise edge)           0.00       0.00
  clock network delay (ideal)              0.00       0.00
  input external delay                     2.00       2.00 f
  G7 (in)                                  0.00       2.00 f
  U9/Y (INVX1_RVT)                         0.05 *     2.05 r
  U406/Y (NAND3X0_RVT)                     0.11 *     2.16 f
  U462/Y (AO221X1_RVT)                     0.15 *     2.31 f
  U463/Y (OA221X1_RVT)                     0.08 *     2.39 f
  U464/Y (OR2X1_RVT)                       0.07 *     2.46 f
  U421/Y (AND2X1_RVT)                      0.07 *     2.52 f
  U419/Y (AND2X1_RVT)                      0.06 *     2.58 f
  U404/Y (AND2X1_RVT)                      0.11 *     2.70 f
  U535/Y (AOI22X1_RVT)                     0.12 *     2.81 r
  U536/Y (OR3X1_RVT)                       0.07 *     2.88 r
  U537/Y (AND2X1_RVT)                      0.06 *     2.94 r
  DFF_12/q_reg/RSTB (DFFSSRX1_RVT)         0.00 *     2.94 r
  data arrival time                                   2.94

  clock ideal_clock1 (rise edge)          10.00      10.00
  clock network delay (ideal)              0.40      10.40
  clock uncertainty                       -0.05      10.35
  DFF_12/q_reg/CLK (DFFSSRX1_RVT)          0.00      10.35 r
  library setup time                      -0.12      10.23
  data required time                                 10.23
  -----------------------------------------------------------
  data required time                                 10.23
  data arrival time                                  -2.94
  -----------------------------------------------------------
  slack (MET)                                         7.29


  Startpoint: DFF_16/q_reg
              (rising edge-triggered flip-flop clocked by ideal_clock1)
  Endpoint: G45 (output port clocked by ideal_clock1)
  Path Group: ideal_clock1
  Path Type: max

  Point                                    Incr       Path
  -----------------------------------------------------------
  clock ideal_clock1 (rise edge)           0.00       0.00
  clock network delay (ideal)              0.40       0.40
  DFF_16/q_reg/CLK (DFFX1_RVT)             0.00       0.40 r
  DFF_16/q_reg/Q (DFFX1_RVT)               0.20       0.60 f
  G45 (out)                                0.00 *     0.60 f
  data arrival time                                   0.60

  clock ideal_clock1 (rise edge)          10.00      10.00
  clock network delay (ideal)              0.00      10.00
  output external delay                   -2.00       8.00
  data required time                                  8.00
  -----------------------------------------------------------
  data required time                                  8.00
  data arrival time                                  -0.60
  -----------------------------------------------------------
  slack (MET)                                         7.40


  Startpoint: G4 (input port clocked by ideal_clock1)
  Endpoint: DFF_5/q_reg
            (rising edge-triggered flip-flop clocked by ideal_clock1)
  Path Group: ideal_clock1
  Path Type: max

  Point                                    Incr       Path
  -----------------------------------------------------------
  clock ideal_clock1 (rise edge)           0.00       0.00
  clock network delay (ideal)              0.00       0.00
  input external delay                     2.00       2.00 f
  G4 (in)                                  0.00       2.00 f
  U6/Y (INVX1_RVT)                         0.05 *     2.05 r
  U341/Y (NAND3X0_RVT)                     0.20 *     2.26 f
  U503/Y (AO21X1_RVT)                      0.18 *     2.44 f
  U504/Y (NAND2X0_RVT)                     0.09 *     2.52 r
  U509/Y (OA221X1_RVT)                     0.14 *     2.67 r
  U431/Y (NAND2X0_RVT)                     0.10 *     2.77 f
  U592/Y (NAND2X0_RVT)                     0.09 *     2.86 r
  DFF_5/q_reg/D (DFFX1_RVT)                0.00 *     2.86 r
  data arrival time                                   2.86

  clock ideal_clock1 (rise edge)          10.00      10.00
  clock network delay (ideal)              0.40      10.40
  clock uncertainty                       -0.05      10.35
  DFF_5/q_reg/CLK (DFFX1_RVT)              0.00      10.35 r
  library setup time                      -0.08      10.27
  data required time                                 10.27
  -----------------------------------------------------------
  data required time                                 10.27
  data arrival time                                  -2.86
  -----------------------------------------------------------
  slack (MET)                                         7.41


  Startpoint: DFF_12/q_reg
              (rising edge-triggered flip-flop clocked by ideal_clock1)
  Endpoint: G546 (output port clocked by ideal_clock1)
  Path Group: ideal_clock1
  Path Type: max

  Point                                    Incr       Path
  -----------------------------------------------------------
  clock ideal_clock1 (rise edge)           0.00       0.00
  clock network delay (ideal)              0.40       0.40
  DFF_12/q_reg/CLK (DFFSSRX1_RVT)          0.00       0.40 r
  DFF_12/q_reg/QN (DFFSSRX1_RVT)           0.17       0.57 f
  G546 (out)                               0.00 *     0.57 f
  data arrival time                                   0.57

  clock ideal_clock1 (rise edge)          10.00      10.00
  clock network delay (ideal)              0.00      10.00
  output external delay                   -2.00       8.00
  data required time                                  8.00
  -----------------------------------------------------------
  data required time                                  8.00
  data arrival time                                  -0.57
  -----------------------------------------------------------
  slack (MET)                                         7.43


  Startpoint: G7 (input port clocked by ideal_clock1)
  Endpoint: DFF_4/q_reg
            (rising edge-triggered flip-flop clocked by ideal_clock1)
  Path Group: ideal_clock1
  Path Type: max

  Point                                    Incr       Path
  -----------------------------------------------------------
  clock ideal_clock1 (rise edge)           0.00       0.00
  clock network delay (ideal)              0.00       0.00
  input external delay                     2.00       2.00 f
  G7 (in)                                  0.00       2.00 f
  U9/Y (INVX1_RVT)                         0.05 *     2.05 r
  U406/Y (NAND3X0_RVT)                     0.11 *     2.16 f
  U462/Y (AO221X1_RVT)                     0.15 *     2.31 f
  U463/Y (OA221X1_RVT)                     0.08 *     2.39 f
  U464/Y (OR2X1_RVT)                       0.07 *     2.46 f
  U421/Y (AND2X1_RVT)                      0.07 *     2.52 f
  U303/Y (AND2X1_RVT)                      0.06 *     2.58 f
  U589/Y (NAND3X0_RVT)                     0.04 *     2.62 r
  U591/Y (OA22X1_RVT)                      0.08 *     2.70 r
  DFF_4/q_reg/D (DFFX1_RVT)                0.00 *     2.70 r
  data arrival time                                   2.70

  clock ideal_clock1 (rise edge)          10.00      10.00
  clock network delay (ideal)              0.40      10.40
  clock uncertainty                       -0.05      10.35
  DFF_4/q_reg/CLK (DFFX1_RVT)              0.00      10.35 r
  library setup time                      -0.05      10.30
  data required time                                 10.30
  -----------------------------------------------------------
  data required time                                 10.30
  data arrival time                                  -2.70
  -----------------------------------------------------------
  slack (MET)                                         7.60


  Startpoint: G7 (input port clocked by ideal_clock1)
  Endpoint: DFF_15/q_reg
            (rising edge-triggered flip-flop clocked by ideal_clock1)
  Path Group: ideal_clock1
  Path Type: max

  Point                                    Incr       Path
  -----------------------------------------------------------
  clock ideal_clock1 (rise edge)           0.00       0.00
  clock network delay (ideal)              0.00       0.00
  input external delay                     2.00       2.00 f
  G7 (in)                                  0.00       2.00 f
  U9/Y (INVX1_RVT)                         0.05 *     2.05 r
  U406/Y (NAND3X0_RVT)                     0.11 *     2.16 f
  U337/Y (INVX0_RVT)                       0.07 *     2.22 r
  U379/Y (NBUFFX2_RVT)                     0.06 *     2.29 r
  U441/Y (NAND3X0_RVT)                     0.07 *     2.36 f
  U309/Y (OR3X1_RVT)                       0.09 *     2.45 f
  U523/Y (AND2X1_RVT)                      0.06 *     2.51 f
  U524/Y (OA21X1_RVT)                      0.06 *     2.57 f
  DFF_15/q_reg/D (DFFX1_RVT)               0.00 *     2.57 f
  data arrival time                                   2.57

  clock ideal_clock1 (rise edge)          10.00      10.00
  clock network delay (ideal)              0.40      10.40
  clock uncertainty                       -0.05      10.35
  DFF_15/q_reg/CLK (DFFX1_RVT)             0.00      10.35 r
  library setup time                      -0.03      10.32
  data required time                                 10.32
  -----------------------------------------------------------
  data required time                                 10.32
  data arrival time                                  -2.57
  -----------------------------------------------------------
  slack (MET)                                         7.74


  Startpoint: G3 (input port clocked by ideal_clock1)
  Endpoint: DFF_14/q_reg
            (rising edge-triggered flip-flop clocked by ideal_clock1)
  Path Group: ideal_clock1
  Path Type: max

  Point                                    Incr       Path
  -----------------------------------------------------------
  clock ideal_clock1 (rise edge)           0.00       0.00
  clock network delay (ideal)              0.00       0.00
  input external delay                     2.00       2.00 f
  G3 (in)                                  0.00       2.00 f
  U410/Y (NAND2X0_RVT)                     0.08 *     2.08 r
  U15/Y (INVX1_RVT)                        0.10 *     2.18 f
  U320/Y (NAND2X0_RVT)                     0.15 *     2.33 r
  U598/Y (OA221X1_RVT)                     0.14 *     2.47 r
  U599/Y (OA221X1_RVT)                     0.08 *     2.55 r
  DFF_14/q_reg/D (DFFX1_RVT)               0.00 *     2.55 r
  data arrival time                                   2.55

  clock ideal_clock1 (rise edge)          10.00      10.00
  clock network delay (ideal)              0.40      10.40
  clock uncertainty                       -0.05      10.35
  DFF_14/q_reg/CLK (DFFX1_RVT)             0.00      10.35 r
  library setup time                      -0.05      10.30
  data required time                                 10.30
  -----------------------------------------------------------
  data required time                                 10.30
  data arrival time                                  -2.55
  -----------------------------------------------------------
  slack (MET)                                         7.75


1
