 
****************************************
Report : timing
        -path full
        -delay min
        -max_paths 20
Design : s1238
Version: L-2016.03-SP5-1
Date   : Fri Mar  8 23:33:46 2019
****************************************

 * Some/all delay information is back-annotated.

Operating Conditions: ss0p95v25c   Library: saed32rvt_ss0p95v25c

  Startpoint: DFF_5/q_reg
              (rising edge-triggered flip-flop clocked by ideal_clock1)
  Endpoint: DFF_12/q_reg
            (rising edge-triggered flip-flop clocked by ideal_clock1)
  Path Group: ideal_clock1
  Path Type: min

  Point                                    Incr       Path
  -----------------------------------------------------------
  clock ideal_clock1 (rise edge)           0.00       0.00
  clock network delay (ideal)              0.40       0.40
  DFF_5/q_reg/CLK (DFFX1_RVT)              0.00       0.40 r
  DFF_5/q_reg/Q (DFFX1_RVT)                0.20       0.60 r
  DFF_12/q_reg/SETB (DFFSSRX1_RVT)         0.00 *     0.60 r
  data arrival time                                   0.60

  clock ideal_clock1 (rise edge)           0.00       0.00
  clock network delay (ideal)              0.40       0.40
  clock uncertainty                        0.05       0.45
  DFF_12/q_reg/CLK (DFFSSRX1_RVT)          0.00       0.45 r
  library hold time                       -0.03       0.42
  data required time                                  0.42
  -----------------------------------------------------------
  data required time                                  0.42
  data arrival time                                  -0.60
  -----------------------------------------------------------
  slack (MET)                                         0.18


  Startpoint: DFF_3/q_reg
              (rising edge-triggered flip-flop clocked by ideal_clock1)
  Endpoint: DFF_4/q_reg
            (rising edge-triggered flip-flop clocked by ideal_clock1)
  Path Group: ideal_clock1
  Path Type: min

  Point                                    Incr       Path
  -----------------------------------------------------------
  clock ideal_clock1 (rise edge)           0.00       0.00
  clock network delay (ideal)              0.40       0.40
  DFF_3/q_reg/CLK (DFFX1_RVT)              0.00       0.40 r
  DFF_3/q_reg/Q (DFFX1_RVT)                0.20       0.60 f
  U590/Y (NAND3X0_RVT)                     0.05 *     0.64 r
  U591/Y (OA22X1_RVT)                      0.08 *     0.72 r
  DFF_4/q_reg/D (DFFX1_RVT)                0.00 *     0.72 r
  data arrival time                                   0.72

  clock ideal_clock1 (rise edge)           0.00       0.00
  clock network delay (ideal)              0.40       0.40
  clock uncertainty                        0.05       0.45
  DFF_4/q_reg/CLK (DFFX1_RVT)              0.00       0.45 r
  library hold time                       -0.01       0.44
  data required time                                  0.44
  -----------------------------------------------------------
  data required time                                  0.44
  data arrival time                                  -0.72
  -----------------------------------------------------------
  slack (MET)                                         0.29


  Startpoint: DFF_3/q_reg
              (rising edge-triggered flip-flop clocked by ideal_clock1)
  Endpoint: DFF_5/q_reg
            (rising edge-triggered flip-flop clocked by ideal_clock1)
  Path Group: ideal_clock1
  Path Type: min

  Point                                    Incr       Path
  -----------------------------------------------------------
  clock ideal_clock1 (rise edge)           0.00       0.00
  clock network delay (ideal)              0.40       0.40
  DFF_3/q_reg/CLK (DFFX1_RVT)              0.00       0.40 r
  DFF_3/q_reg/Q (DFFX1_RVT)                0.20       0.60 f
  U513/Y (NAND4X0_RVT)                     0.09 *     0.69 r
  U592/Y (NAND2X0_RVT)                     0.07 *     0.76 f
  DFF_5/q_reg/D (DFFX1_RVT)                0.00 *     0.76 f
  data arrival time                                   0.76

  clock ideal_clock1 (rise edge)           0.00       0.00
  clock network delay (ideal)              0.40       0.40
  clock uncertainty                        0.05       0.45
  DFF_5/q_reg/CLK (DFFX1_RVT)              0.00       0.45 r
  library hold time                       -0.01       0.44
  data required time                                  0.44
  -----------------------------------------------------------
  data required time                                  0.44
  data arrival time                                  -0.76
  -----------------------------------------------------------
  slack (MET)                                         0.31


  Startpoint: DFF_2/q_reg
              (rising edge-triggered flip-flop clocked by ideal_clock1)
  Endpoint: DFF_11/q_reg
            (rising edge-triggered flip-flop clocked by ideal_clock1)
  Path Group: ideal_clock1
  Path Type: min

  Point                                    Incr       Path
  -----------------------------------------------------------
  clock ideal_clock1 (rise edge)           0.00       0.00
  clock network delay (ideal)              0.40       0.40
  DFF_2/q_reg/CLK (DFFX1_RVT)              0.00       0.40 r
  DFF_2/q_reg/QN (DFFX1_RVT)               0.15       0.55 f
  U335/Y (OA221X1_RVT)                     0.12 *     0.68 f
  U595/Y (AO221X1_RVT)                     0.10 *     0.77 f
  DFF_11/q_reg/D (DFFX1_RVT)               0.00 *     0.77 f
  data arrival time                                   0.77

  clock ideal_clock1 (rise edge)           0.00       0.00
  clock network delay (ideal)              0.40       0.40
  clock uncertainty                        0.05       0.45
  DFF_11/q_reg/CLK (DFFX1_RVT)             0.00       0.45 r
  library hold time                        0.01       0.46
  data required time                                  0.46
  -----------------------------------------------------------
  data required time                                  0.46
  data arrival time                                  -0.77
  -----------------------------------------------------------
  slack (MET)                                         0.32


  Startpoint: DFF_1/q_reg
              (rising edge-triggered flip-flop clocked by ideal_clock1)
  Endpoint: DFF_17/q_reg
            (rising edge-triggered flip-flop clocked by ideal_clock1)
  Path Group: ideal_clock1
  Path Type: min

  Point                                    Incr       Path
  -----------------------------------------------------------
  clock ideal_clock1 (rise edge)           0.00       0.00
  clock network delay (ideal)              0.40       0.40
  DFF_1/q_reg/CLK (DFFSSRX1_RVT)           0.00       0.40 r
  DFF_1/q_reg/QN (DFFSSRX1_RVT)            0.18       0.58 r
  U529/Y (NAND2X0_RVT)                     0.05 *     0.62 f
  U530/Y (NAND3X0_RVT)                     0.06 *     0.68 r
  U531/Y (AND2X1_RVT)                      0.07 *     0.75 r
  U532/Y (OA21X1_RVT)                      0.06 *     0.81 r
  DFF_17/q_reg/D (DFFX1_RVT)               0.00 *     0.81 r
  data arrival time                                   0.81

  clock ideal_clock1 (rise edge)           0.00       0.00
  clock network delay (ideal)              0.40       0.40
  clock uncertainty                        0.05       0.45
  DFF_17/q_reg/CLK (DFFX1_RVT)             0.00       0.45 r
  library hold time                       -0.01       0.44
  data required time                                  0.44
  -----------------------------------------------------------
  data required time                                  0.44
  data arrival time                                  -0.81
  -----------------------------------------------------------
  slack (MET)                                         0.37


  Startpoint: DFF_5/q_reg
              (rising edge-triggered flip-flop clocked by ideal_clock1)
  Endpoint: DFF_12/q_reg
            (rising edge-triggered flip-flop clocked by ideal_clock1)
  Path Group: ideal_clock1
  Path Type: min

  Point                                    Incr       Path
  -----------------------------------------------------------
  clock ideal_clock1 (rise edge)           0.00       0.00
  clock network delay (ideal)              0.40       0.40
  DFF_5/q_reg/CLK (DFFX1_RVT)              0.00       0.40 r
  DFF_5/q_reg/Q (DFFX1_RVT)                0.20       0.60 r
  U535/Y (AOI22X1_RVT)                     0.12 *     0.72 f
  U536/Y (OR3X1_RVT)                       0.07 *     0.78 f
  U537/Y (AND2X1_RVT)                      0.06 *     0.84 f
  DFF_12/q_reg/RSTB (DFFSSRX1_RVT)         0.00 *     0.84 f
  data arrival time                                   0.84

  clock ideal_clock1 (rise edge)           0.00       0.00
  clock network delay (ideal)              0.40       0.40
  clock uncertainty                        0.05       0.45
  DFF_12/q_reg/CLK (DFFSSRX1_RVT)          0.00       0.45 r
  library hold time                       -0.03       0.42
  data required time                                  0.42
  -----------------------------------------------------------
  data required time                                  0.42
  data arrival time                                  -0.84
  -----------------------------------------------------------
  slack (MET)                                         0.42


  Startpoint: DFF_3/q_reg
              (rising edge-triggered flip-flop clocked by ideal_clock1)
  Endpoint: DFF_16/q_reg
            (rising edge-triggered flip-flop clocked by ideal_clock1)
  Path Group: ideal_clock1
  Path Type: min

  Point                                    Incr       Path
  -----------------------------------------------------------
  clock ideal_clock1 (rise edge)           0.00       0.00
  clock network delay (ideal)              0.40       0.40
  DFF_3/q_reg/CLK (DFFX1_RVT)              0.00       0.40 r
  DFF_3/q_reg/Q (DFFX1_RVT)                0.19       0.59 r
  U484/Y (NAND2X0_RVT)                     0.04 *     0.64 f
  U485/Y (AND2X1_RVT)                      0.07 *     0.70 f
  U382/Y (AND2X1_RVT)                      0.06 *     0.76 f
  U299/Y (OA21X1_RVT)                      0.08 *     0.84 f
  U381/Y (OR2X1_RVT)                       0.06 *     0.91 f
  DFF_16/q_reg/D (DFFX1_RVT)               0.00 *     0.91 f
  data arrival time                                   0.91

  clock ideal_clock1 (rise edge)           0.00       0.00
  clock network delay (ideal)              0.40       0.40
  clock uncertainty                        0.05       0.45
  DFF_16/q_reg/CLK (DFFX1_RVT)             0.00       0.45 r
  library hold time                        0.01       0.46
  data required time                                  0.46
  -----------------------------------------------------------
  data required time                                  0.46
  data arrival time                                  -0.91
  -----------------------------------------------------------
  slack (MET)                                         0.45


  Startpoint: G11 (input port clocked by ideal_clock1)
  Endpoint: DFF_2/q_reg
            (rising edge-triggered flip-flop clocked by ideal_clock1)
  Path Group: ideal_clock1
  Path Type: min

  Point                                    Incr       Path
  -----------------------------------------------------------
  clock ideal_clock1 (rise edge)           0.00       0.00
  clock network delay (ideal)              0.00       0.00
  input external delay                     2.00       2.00 f
  G11 (in)                                 0.00       2.00 f
  U603/Y (AO22X1_RVT)                      0.05 *     2.05 f
  DFF_2/q_reg/D (DFFX1_RVT)                0.00 *     2.05 f
  data arrival time                                   2.05

  clock ideal_clock1 (rise edge)           0.00       0.00
  clock network delay (ideal)              0.40       0.40
  clock uncertainty                        0.05       0.45
  DFF_2/q_reg/CLK (DFFX1_RVT)              0.00       0.45 r
  library hold time                        0.01       0.46
  data required time                                  0.46
  -----------------------------------------------------------
  data required time                                  0.46
  data arrival time                                  -2.05
  -----------------------------------------------------------
  slack (MET)                                         1.59


  Startpoint: G6 (input port clocked by ideal_clock1)
  Endpoint: DFF_6/q_reg
            (rising edge-triggered flip-flop clocked by ideal_clock1)
  Path Group: ideal_clock1
  Path Type: min

  Point                                    Incr       Path
  -----------------------------------------------------------
  clock ideal_clock1 (rise edge)           0.00       0.00
  clock network delay (ideal)              0.00       0.00
  input external delay                     2.00       2.00 f
  G6 (in)                                  0.00       2.00 f
  U604/Y (AO22X1_RVT)                      0.07 *     2.07 f
  DFF_6/q_reg/D (DFFX1_RVT)                0.00 *     2.07 f
  data arrival time                                   2.07

  clock ideal_clock1 (rise edge)           0.00       0.00
  clock network delay (ideal)              0.40       0.40
  clock uncertainty                        0.05       0.45
  DFF_6/q_reg/CLK (DFFX1_RVT)              0.00       0.45 r
  library hold time                        0.01       0.46
  data required time                                  0.46
  -----------------------------------------------------------
  data required time                                  0.46
  data arrival time                                  -2.07
  -----------------------------------------------------------
  slack (MET)                                         1.61


  Startpoint: G2 (input port clocked by ideal_clock1)
  Endpoint: DFF_10/q_reg
            (rising edge-triggered flip-flop clocked by ideal_clock1)
  Path Group: ideal_clock1
  Path Type: min

  Point                                    Incr       Path
  -----------------------------------------------------------
  clock ideal_clock1 (rise edge)           0.00       0.00
  clock network delay (ideal)              0.00       0.00
  input external delay                     2.00       2.00 f
  G2 (in)                                  0.00       2.00 f
  U417/Y (AO22X1_RVT)                      0.07 *     2.07 f
  DFF_10/q_reg/D (DFFX1_RVT)               0.00 *     2.07 f
  data arrival time                                   2.07

  clock ideal_clock1 (rise edge)           0.00       0.00
  clock network delay (ideal)              0.40       0.40
  clock uncertainty                        0.05       0.45
  DFF_10/q_reg/CLK (DFFX1_RVT)             0.00       0.45 r
  library hold time                        0.00       0.45
  data required time                                  0.45
  -----------------------------------------------------------
  data required time                                  0.45
  data arrival time                                  -2.07
  -----------------------------------------------------------
  slack (MET)                                         1.62


  Startpoint: G7 (input port clocked by ideal_clock1)
  Endpoint: DFF_9/q_reg
            (rising edge-triggered flip-flop clocked by ideal_clock1)
  Path Group: ideal_clock1
  Path Type: min

  Point                                    Incr       Path
  -----------------------------------------------------------
  clock ideal_clock1 (rise edge)           0.00       0.00
  clock network delay (ideal)              0.00       0.00
  input external delay                     2.00       2.00 f
  G7 (in)                                  0.00       2.00 f
  U458/Y (AND4X1_RVT)                      0.08 *     2.08 f
  DFF_9/q_reg/D (DFFX1_RVT)                0.00 *     2.08 f
  data arrival time                                   2.08

  clock ideal_clock1 (rise edge)           0.00       0.00
  clock network delay (ideal)              0.40       0.40
  clock uncertainty                        0.05       0.45
  DFF_9/q_reg/CLK (DFFX1_RVT)              0.00       0.45 r
  library hold time                        0.00       0.45
  data required time                                  0.45
  -----------------------------------------------------------
  data required time                                  0.45
  data arrival time                                  -2.08
  -----------------------------------------------------------
  slack (MET)                                         1.64


  Startpoint: G7 (input port clocked by ideal_clock1)
  Endpoint: DFF_12/q_reg
            (rising edge-triggered flip-flop clocked by ideal_clock1)
  Path Group: ideal_clock1
  Path Type: min

  Point                                    Incr       Path
  -----------------------------------------------------------
  clock ideal_clock1 (rise edge)           0.00       0.00
  clock network delay (ideal)              0.00       0.00
  input external delay                     2.00       2.00 f
  G7 (in)                                  0.00       2.00 f
  U440/Y (AO21X1_RVT)                      0.07 *     2.07 f
  DFF_12/q_reg/D (DFFSSRX1_RVT)            0.00 *     2.07 f
  data arrival time                                   2.07

  clock ideal_clock1 (rise edge)           0.00       0.00
  clock network delay (ideal)              0.40       0.40
  clock uncertainty                        0.05       0.45
  DFF_12/q_reg/CLK (DFFSSRX1_RVT)          0.00       0.45 r
  library hold time                       -0.03       0.42
  data required time                                  0.42
  -----------------------------------------------------------
  data required time                                  0.42
  data arrival time                                  -2.07
  -----------------------------------------------------------
  slack (MET)                                         1.64


  Startpoint: G9 (input port clocked by ideal_clock1)
  Endpoint: DFF_8/q_reg
            (rising edge-triggered flip-flop clocked by ideal_clock1)
  Path Group: ideal_clock1
  Path Type: min

  Point                                    Incr       Path
  -----------------------------------------------------------
  clock ideal_clock1 (rise edge)           0.00       0.00
  clock network delay (ideal)              0.00       0.00
  input external delay                     2.00       2.00 r
  G9 (in)                                  0.00       2.00 r
  U533/Y (NAND2X0_RVT)                     0.04 *     2.04 f
  U600/Y (AND2X1_RVT)                      0.07 *     2.11 f
  DFF_8/q_reg/D (DFFX1_RVT)                0.00 *     2.11 f
  data arrival time                                   2.11

  clock ideal_clock1 (rise edge)           0.00       0.00
  clock network delay (ideal)              0.40       0.40
  clock uncertainty                        0.05       0.45
  DFF_8/q_reg/CLK (DFFX1_RVT)              0.00       0.45 r
  library hold time                        0.01       0.46
  data required time                                  0.46
  -----------------------------------------------------------
  data required time                                  0.46
  data arrival time                                  -2.11
  -----------------------------------------------------------
  slack (MET)                                         1.65


  Startpoint: G11 (input port clocked by ideal_clock1)
  Endpoint: DFF_1/q_reg
            (rising edge-triggered flip-flop clocked by ideal_clock1)
  Path Group: ideal_clock1
  Path Type: min

  Point                                    Incr       Path
  -----------------------------------------------------------
  clock ideal_clock1 (rise edge)           0.00       0.00
  clock network delay (ideal)              0.00       0.00
  input external delay                     2.00       2.00 r
  G11 (in)                                 0.00       2.00 r
  U13/Y (INVX1_RVT)                        0.06 *     2.06 f
  DFF_1/q_reg/D (DFFSSRX1_RVT)             0.00 *     2.06 f
  data arrival time                                   2.06

  clock ideal_clock1 (rise edge)           0.00       0.00
  clock network delay (ideal)              0.40       0.40
  clock uncertainty                        0.05       0.45
  DFF_1/q_reg/CLK (DFFSSRX1_RVT)           0.00       0.45 r
  library hold time                       -0.05       0.40
  data required time                                  0.40
  -----------------------------------------------------------
  data required time                                  0.40
  data arrival time                                  -2.06
  -----------------------------------------------------------
  slack (MET)                                         1.66


  Startpoint: G10 (input port clocked by ideal_clock1)
  Endpoint: DFF_1/q_reg
            (rising edge-triggered flip-flop clocked by ideal_clock1)
  Path Group: ideal_clock1
  Path Type: min

  Point                                    Incr       Path
  -----------------------------------------------------------
  clock ideal_clock1 (rise edge)           0.00       0.00
  clock network delay (ideal)              0.00       0.00
  input external delay                     2.00       2.00 r
  G10 (in)                                 0.00       2.00 r
  U12/Y (INVX1_RVT)                        0.05 *     2.05 f
  DFF_1/q_reg/RSTB (DFFSSRX1_RVT)          0.00 *     2.05 f
  data arrival time                                   2.05

  clock ideal_clock1 (rise edge)           0.00       0.00
  clock network delay (ideal)              0.40       0.40
  clock uncertainty                        0.05       0.45
  DFF_1/q_reg/CLK (DFFSSRX1_RVT)           0.00       0.45 r
  library hold time                       -0.05       0.40
  data required time                                  0.40
  -----------------------------------------------------------
  data required time                                  0.40
  data arrival time                                  -2.05
  -----------------------------------------------------------
  slack (MET)                                         1.66


  Startpoint: G1 (input port clocked by ideal_clock1)
  Endpoint: DFF_0/q_reg
            (rising edge-triggered flip-flop clocked by ideal_clock1)
  Path Group: ideal_clock1
  Path Type: min

  Point                                    Incr       Path
  -----------------------------------------------------------
  clock ideal_clock1 (rise edge)           0.00       0.00
  clock network delay (ideal)              0.00       0.00
  input external delay                     2.00       2.00 f
  G1 (in)                                  0.00       2.00 f
  U588/Y (AO221X1_RVT)                     0.05 *     2.05 f
  U415/Y (OA22X1_RVT)                      0.07 *     2.12 f
  DFF_0/q_reg/D (DFFX1_RVT)                0.00 *     2.12 f
  data arrival time                                   2.12

  clock ideal_clock1 (rise edge)           0.00       0.00
  clock network delay (ideal)              0.40       0.40
  clock uncertainty                        0.05       0.45
  DFF_0/q_reg/CLK (DFFX1_RVT)              0.00       0.45 r
  library hold time                        0.01       0.46
  data required time                                  0.46
  -----------------------------------------------------------
  data required time                                  0.46
  data arrival time                                  -2.12
  -----------------------------------------------------------
  slack (MET)                                         1.66


  Startpoint: G9 (input port clocked by ideal_clock1)
  Endpoint: DFF_13/q_reg
            (rising edge-triggered flip-flop clocked by ideal_clock1)
  Path Group: ideal_clock1
  Path Type: min

  Point                                    Incr       Path
  -----------------------------------------------------------
  clock ideal_clock1 (rise edge)           0.00       0.00
  clock network delay (ideal)              0.00       0.00
  input external delay                     2.00       2.00 f
  G9 (in)                                  0.00       2.00 f
  U435/Y (NAND3X0_RVT)                     0.03 *     2.03 r
  U521/Y (OA21X1_RVT)                      0.08 *     2.11 r
  DFF_13/q_reg/D (DFFX1_RVT)               0.00 *     2.11 r
  data arrival time                                   2.11

  clock ideal_clock1 (rise edge)           0.00       0.00
  clock network delay (ideal)              0.40       0.40
  clock uncertainty                        0.05       0.45
  DFF_13/q_reg/CLK (DFFX1_RVT)             0.00       0.45 r
  library hold time                       -0.01       0.44
  data required time                                  0.44
  -----------------------------------------------------------
  data required time                                  0.44
  data arrival time                                  -2.11
  -----------------------------------------------------------
  slack (MET)                                         1.67


  Startpoint: G1 (input port clocked by ideal_clock1)
  Endpoint: DFF_14/q_reg
            (rising edge-triggered flip-flop clocked by ideal_clock1)
  Path Group: ideal_clock1
  Path Type: min

  Point                                    Incr       Path
  -----------------------------------------------------------
  clock ideal_clock1 (rise edge)           0.00       0.00
  clock network delay (ideal)              0.00       0.00
  input external delay                     2.00       2.00 f
  G1 (in)                                  0.00       2.00 f
  U503/Y (AO21X1_RVT)                      0.04 *     2.04 f
  U599/Y (OA221X1_RVT)                     0.09 *     2.13 f
  DFF_14/q_reg/D (DFFX1_RVT)               0.00 *     2.13 f
  data arrival time                                   2.13

  clock ideal_clock1 (rise edge)           0.00       0.00
  clock network delay (ideal)              0.40       0.40
  clock uncertainty                        0.05       0.45
  DFF_14/q_reg/CLK (DFFX1_RVT)             0.00       0.45 r
  library hold time                        0.01       0.46
  data required time                                  0.46
  -----------------------------------------------------------
  data required time                                  0.46
  data arrival time                                  -2.13
  -----------------------------------------------------------
  slack (MET)                                         1.67


  Startpoint: G9 (input port clocked by ideal_clock1)
  Endpoint: DFF_1/q_reg
            (rising edge-triggered flip-flop clocked by ideal_clock1)
  Path Group: ideal_clock1
  Path Type: min

  Point                                    Incr       Path
  -----------------------------------------------------------
  clock ideal_clock1 (rise edge)           0.00       0.00
  clock network delay (ideal)              0.00       0.00
  input external delay                     2.00       2.00 f
  G9 (in)                                  0.00       2.00 f
  U2/Y (INVX0_RVT)                         0.07 *     2.07 r
  DFF_1/q_reg/SETB (DFFSSRX1_RVT)          0.00 *     2.07 r
  data arrival time                                   2.07

  clock ideal_clock1 (rise edge)           0.00       0.00
  clock network delay (ideal)              0.40       0.40
  clock uncertainty                        0.05       0.45
  DFF_1/q_reg/CLK (DFFSSRX1_RVT)           0.00       0.45 r
  library hold time                       -0.06       0.39
  data required time                                  0.39
  -----------------------------------------------------------
  data required time                                  0.39
  data arrival time                                  -2.07
  -----------------------------------------------------------
  slack (MET)                                         1.68


  Startpoint: G2 (input port clocked by ideal_clock1)
  Endpoint: DFF_3/q_reg
            (rising edge-triggered flip-flop clocked by ideal_clock1)
  Path Group: ideal_clock1
  Path Type: min

  Point                                    Incr       Path
  -----------------------------------------------------------
  clock ideal_clock1 (rise edge)           0.00       0.00
  clock network delay (ideal)              0.00       0.00
  input external delay                     2.00       2.00 r
  G2 (in)                                  0.00       2.00 r
  U569/Y (NAND2X0_RVT)                     0.05 *     2.05 f
  U601/Y (NAND3X0_RVT)                     0.07 *     2.12 r
  DFF_3/q_reg/D (DFFX1_RVT)                0.00 *     2.12 r
  data arrival time                                   2.12

  clock ideal_clock1 (rise edge)           0.00       0.00
  clock network delay (ideal)              0.40       0.40
  clock uncertainty                        0.05       0.45
  DFF_3/q_reg/CLK (DFFX1_RVT)              0.00       0.45 r
  library hold time                       -0.02       0.43
  data required time                                  0.43
  -----------------------------------------------------------
  data required time                                  0.43
  data arrival time                                  -2.12
  -----------------------------------------------------------
  slack (MET)                                         1.69


1
