 
****************************************
Report : timing
        -path full
        -delay min
        -max_paths 20
Design : s15850
Version: L-2016.03-SP5-1
Date   : Fri Mar  1 16:10:52 2019
****************************************

 * Some/all delay information is back-annotated.

Operating Conditions: ss0p95v25c   Library: saed32rvt_ss0p95v25c

  Startpoint: DFF_137/q_reg
              (rising edge-triggered flip-flop clocked by ideal_clock1)
  Endpoint: DFF_299/q_reg
            (rising edge-triggered flip-flop clocked by ideal_clock1)
  Path Group: ideal_clock1
  Path Type: min

  Point                                    Incr       Path
  -----------------------------------------------------------
  clock ideal_clock1 (rise edge)           0.00       0.00
  clock network delay (ideal)              0.40       0.40
  DFF_137/q_reg/CLK (DFFX1_RVT)            0.00       0.40 r
  DFF_137/q_reg/Q (DFFX1_RVT)              0.19       0.59 f
  DFF_299/q_reg/D (DFFX1_RVT)              0.00 *     0.59 f
  data arrival time                                   0.59

  clock ideal_clock1 (rise edge)           0.00       0.00
  clock network delay (ideal)              0.40       0.40
  clock uncertainty                        0.05       0.45
  DFF_299/q_reg/CLK (DFFX1_RVT)            0.00       0.45 r
  library hold time                        0.01       0.46
  data required time                                  0.46
  -----------------------------------------------------------
  data required time                                  0.46
  data arrival time                                  -0.59
  -----------------------------------------------------------
  slack (MET)                                         0.13


  Startpoint: DFF_318/q_reg
              (rising edge-triggered flip-flop clocked by ideal_clock1)
  Endpoint: DFF_233/q_reg
            (rising edge-triggered flip-flop clocked by ideal_clock1)
  Path Group: ideal_clock1
  Path Type: min

  Point                                    Incr       Path
  -----------------------------------------------------------
  clock ideal_clock1 (rise edge)           0.00       0.00
  clock network delay (ideal)              0.40       0.40
  DFF_318/q_reg/CLK (DFFX1_RVT)            0.00       0.40 r
  DFF_318/q_reg/Q (DFFX1_RVT)              0.19       0.59 f
  DFF_233/q_reg/D (DFFX1_RVT)              0.00 *     0.59 f
  data arrival time                                   0.59

  clock ideal_clock1 (rise edge)           0.00       0.00
  clock network delay (ideal)              0.40       0.40
  clock uncertainty                        0.05       0.45
  DFF_233/q_reg/CLK (DFFX1_RVT)            0.00       0.45 r
  library hold time                        0.01       0.46
  data required time                                  0.46
  -----------------------------------------------------------
  data required time                                  0.46
  data arrival time                                  -0.59
  -----------------------------------------------------------
  slack (MET)                                         0.13


  Startpoint: DFF_226/q_reg
              (rising edge-triggered flip-flop clocked by ideal_clock1)
  Endpoint: DFF_215/q_reg
            (rising edge-triggered flip-flop clocked by ideal_clock1)
  Path Group: ideal_clock1
  Path Type: min

  Point                                    Incr       Path
  -----------------------------------------------------------
  clock ideal_clock1 (rise edge)           0.00       0.00
  clock network delay (ideal)              0.40       0.40
  DFF_226/q_reg/CLK (DFFX1_RVT)            0.00       0.40 r
  DFF_226/q_reg/Q (DFFX1_RVT)              0.19       0.59 f
  DFF_215/q_reg/D (DFFX1_RVT)              0.00 *     0.59 f
  data arrival time                                   0.59

  clock ideal_clock1 (rise edge)           0.00       0.00
  clock network delay (ideal)              0.40       0.40
  clock uncertainty                        0.05       0.45
  DFF_215/q_reg/CLK (DFFX1_RVT)            0.00       0.45 r
  library hold time                        0.01       0.46
  data required time                                  0.46
  -----------------------------------------------------------
  data required time                                  0.46
  data arrival time                                  -0.59
  -----------------------------------------------------------
  slack (MET)                                         0.13


  Startpoint: DFF_357/q_reg
              (rising edge-triggered flip-flop clocked by ideal_clock1)
  Endpoint: DFF_441/q_reg
            (rising edge-triggered flip-flop clocked by ideal_clock1)
  Path Group: ideal_clock1
  Path Type: min

  Point                                    Incr       Path
  -----------------------------------------------------------
  clock ideal_clock1 (rise edge)           0.00       0.00
  clock network delay (ideal)              0.40       0.40
  DFF_357/q_reg/CLK (DFFX1_RVT)            0.00       0.40 r
  DFF_357/q_reg/Q (DFFX1_RVT)              0.19       0.59 f
  DFF_441/q_reg/D (DFFX1_RVT)              0.00 *     0.59 f
  data arrival time                                   0.59

  clock ideal_clock1 (rise edge)           0.00       0.00
  clock network delay (ideal)              0.40       0.40
  clock uncertainty                        0.05       0.45
  DFF_441/q_reg/CLK (DFFX1_RVT)            0.00       0.45 r
  library hold time                        0.01       0.46
  data required time                                  0.46
  -----------------------------------------------------------
  data required time                                  0.46
  data arrival time                                  -0.59
  -----------------------------------------------------------
  slack (MET)                                         0.13


  Startpoint: DFF_398/q_reg
              (rising edge-triggered flip-flop clocked by ideal_clock1)
  Endpoint: DFF_188/q_reg
            (rising edge-triggered flip-flop clocked by ideal_clock1)
  Path Group: ideal_clock1
  Path Type: min

  Point                                    Incr       Path
  -----------------------------------------------------------
  clock ideal_clock1 (rise edge)           0.00       0.00
  clock network delay (ideal)              0.40       0.40
  DFF_398/q_reg/CLK (DFFX1_RVT)            0.00       0.40 r
  DFF_398/q_reg/Q (DFFX1_RVT)              0.19       0.59 f
  DFF_188/q_reg/D (DFFX1_RVT)              0.00 *     0.59 f
  data arrival time                                   0.59

  clock ideal_clock1 (rise edge)           0.00       0.00
  clock network delay (ideal)              0.40       0.40
  clock uncertainty                        0.05       0.45
  DFF_188/q_reg/CLK (DFFX1_RVT)            0.00       0.45 r
  library hold time                        0.01       0.46
  data required time                                  0.46
  -----------------------------------------------------------
  data required time                                  0.46
  data arrival time                                  -0.59
  -----------------------------------------------------------
  slack (MET)                                         0.13


  Startpoint: DFF_68/q_reg
              (rising edge-triggered flip-flop clocked by ideal_clock1)
  Endpoint: DFF_80/q_reg
            (rising edge-triggered flip-flop clocked by ideal_clock1)
  Path Group: ideal_clock1
  Path Type: min

  Point                                    Incr       Path
  -----------------------------------------------------------
  clock ideal_clock1 (rise edge)           0.00       0.00
  clock network delay (ideal)              0.40       0.40
  DFF_68/q_reg/CLK (DFFX1_RVT)             0.00       0.40 r
  DFF_68/q_reg/Q (DFFX1_RVT)               0.19       0.59 f
  DFF_80/q_reg/D (DFFX1_RVT)               0.00 *     0.59 f
  data arrival time                                   0.59

  clock ideal_clock1 (rise edge)           0.00       0.00
  clock network delay (ideal)              0.40       0.40
  clock uncertainty                        0.05       0.45
  DFF_80/q_reg/CLK (DFFX1_RVT)             0.00       0.45 r
  library hold time                        0.01       0.46
  data required time                                  0.46
  -----------------------------------------------------------
  data required time                                  0.46
  data arrival time                                  -0.59
  -----------------------------------------------------------
  slack (MET)                                         0.13


  Startpoint: DFF_193/q_reg
              (rising edge-triggered flip-flop clocked by ideal_clock1)
  Endpoint: DFF_467/q_reg
            (rising edge-triggered flip-flop clocked by ideal_clock1)
  Path Group: ideal_clock1
  Path Type: min

  Point                                    Incr       Path
  -----------------------------------------------------------
  clock ideal_clock1 (rise edge)           0.00       0.00
  clock network delay (ideal)              0.40       0.40
  DFF_193/q_reg/CLK (DFFX1_RVT)            0.00       0.40 r
  DFF_193/q_reg/Q (DFFX1_RVT)              0.19       0.59 f
  DFF_467/q_reg/D (DFFX1_RVT)              0.00 *     0.59 f
  data arrival time                                   0.59

  clock ideal_clock1 (rise edge)           0.00       0.00
  clock network delay (ideal)              0.40       0.40
  clock uncertainty                        0.05       0.45
  DFF_467/q_reg/CLK (DFFX1_RVT)            0.00       0.45 r
  library hold time                        0.01       0.46
  data required time                                  0.46
  -----------------------------------------------------------
  data required time                                  0.46
  data arrival time                                  -0.59
  -----------------------------------------------------------
  slack (MET)                                         0.14


  Startpoint: DFF_311/q_reg
              (rising edge-triggered flip-flop clocked by ideal_clock1)
  Endpoint: DFF_445/q_reg
            (rising edge-triggered flip-flop clocked by ideal_clock1)
  Path Group: ideal_clock1
  Path Type: min

  Point                                    Incr       Path
  -----------------------------------------------------------
  clock ideal_clock1 (rise edge)           0.00       0.00
  clock network delay (ideal)              0.40       0.40
  DFF_311/q_reg/CLK (DFFX1_RVT)            0.00       0.40 r
  DFF_311/q_reg/Q (DFFX1_RVT)              0.19       0.59 f
  DFF_445/q_reg/D (DFFX1_RVT)              0.00 *     0.59 f
  data arrival time                                   0.59

  clock ideal_clock1 (rise edge)           0.00       0.00
  clock network delay (ideal)              0.40       0.40
  clock uncertainty                        0.05       0.45
  DFF_445/q_reg/CLK (DFFX1_RVT)            0.00       0.45 r
  library hold time                        0.01       0.46
  data required time                                  0.46
  -----------------------------------------------------------
  data required time                                  0.46
  data arrival time                                  -0.59
  -----------------------------------------------------------
  slack (MET)                                         0.14


  Startpoint: DFF_244/q_reg
              (rising edge-triggered flip-flop clocked by ideal_clock1)
  Endpoint: DFF_239/q_reg
            (rising edge-triggered flip-flop clocked by ideal_clock1)
  Path Group: ideal_clock1
  Path Type: min

  Point                                    Incr       Path
  -----------------------------------------------------------
  clock ideal_clock1 (rise edge)           0.00       0.00
  clock network delay (ideal)              0.40       0.40
  DFF_244/q_reg/CLK (DFFX1_RVT)            0.00       0.40 r
  DFF_244/q_reg/Q (DFFX1_RVT)              0.19       0.59 f
  DFF_239/q_reg/D (DFFX1_RVT)              0.00 *     0.59 f
  data arrival time                                   0.59

  clock ideal_clock1 (rise edge)           0.00       0.00
  clock network delay (ideal)              0.40       0.40
  clock uncertainty                        0.05       0.45
  DFF_239/q_reg/CLK (DFFX1_RVT)            0.00       0.45 r
  library hold time                        0.01       0.46
  data required time                                  0.46
  -----------------------------------------------------------
  data required time                                  0.46
  data arrival time                                  -0.59
  -----------------------------------------------------------
  slack (MET)                                         0.14


  Startpoint: DFF_356/q_reg
              (rising edge-triggered flip-flop clocked by ideal_clock1)
  Endpoint: DFF_225/q_reg
            (rising edge-triggered flip-flop clocked by ideal_clock1)
  Path Group: ideal_clock1
  Path Type: min

  Point                                    Incr       Path
  -----------------------------------------------------------
  clock ideal_clock1 (rise edge)           0.00       0.00
  clock network delay (ideal)              0.40       0.40
  DFF_356/q_reg/CLK (DFFX1_RVT)            0.00       0.40 r
  DFF_356/q_reg/Q (DFFX1_RVT)              0.20       0.60 f
  DFF_225/q_reg/D (DFFX1_RVT)              0.00 *     0.60 f
  data arrival time                                   0.60

  clock ideal_clock1 (rise edge)           0.00       0.00
  clock network delay (ideal)              0.40       0.40
  clock uncertainty                        0.05       0.45
  DFF_225/q_reg/CLK (DFFX1_RVT)            0.00       0.45 r
  library hold time                        0.01       0.46
  data required time                                  0.46
  -----------------------------------------------------------
  data required time                                  0.46
  data arrival time                                  -0.60
  -----------------------------------------------------------
  slack (MET)                                         0.14


  Startpoint: DFF_397/q_reg
              (rising edge-triggered flip-flop clocked by ideal_clock1)
  Endpoint: DFF_265/q_reg
            (rising edge-triggered flip-flop clocked by ideal_clock1)
  Path Group: ideal_clock1
  Path Type: min

  Point                                    Incr       Path
  -----------------------------------------------------------
  clock ideal_clock1 (rise edge)           0.00       0.00
  clock network delay (ideal)              0.40       0.40
  DFF_397/q_reg/CLK (DFFX1_RVT)            0.00       0.40 r
  DFF_397/q_reg/Q (DFFX1_RVT)              0.20       0.60 f
  DFF_265/q_reg/D (DFFX1_RVT)              0.00 *     0.60 f
  data arrival time                                   0.60

  clock ideal_clock1 (rise edge)           0.00       0.00
  clock network delay (ideal)              0.40       0.40
  clock uncertainty                        0.05       0.45
  DFF_265/q_reg/CLK (DFFX1_RVT)            0.00       0.45 r
  library hold time                        0.00       0.45
  data required time                                  0.45
  -----------------------------------------------------------
  data required time                                  0.45
  data arrival time                                  -0.60
  -----------------------------------------------------------
  slack (MET)                                         0.14


  Startpoint: DFF_295/q_reg
              (rising edge-triggered flip-flop clocked by ideal_clock1)
  Endpoint: DFF_68/q_reg
            (rising edge-triggered flip-flop clocked by ideal_clock1)
  Path Group: ideal_clock1
  Path Type: min

  Point                                    Incr       Path
  -----------------------------------------------------------
  clock ideal_clock1 (rise edge)           0.00       0.00
  clock network delay (ideal)              0.40       0.40
  DFF_295/q_reg/CLK (DFFX1_RVT)            0.00       0.40 r
  DFF_295/q_reg/Q (DFFX1_RVT)              0.20       0.60 f
  DFF_68/q_reg/D (DFFX1_RVT)               0.00 *     0.60 f
  data arrival time                                   0.60

  clock ideal_clock1 (rise edge)           0.00       0.00
  clock network delay (ideal)              0.40       0.40
  clock uncertainty                        0.05       0.45
  DFF_68/q_reg/CLK (DFFX1_RVT)             0.00       0.45 r
  library hold time                        0.00       0.45
  data required time                                  0.45
  -----------------------------------------------------------
  data required time                                  0.45
  data arrival time                                  -0.60
  -----------------------------------------------------------
  slack (MET)                                         0.14


  Startpoint: DFF_127/q_reg
              (rising edge-triggered flip-flop clocked by ideal_clock1)
  Endpoint: DFF_412/q_reg
            (rising edge-triggered flip-flop clocked by ideal_clock1)
  Path Group: ideal_clock1
  Path Type: min

  Point                                    Incr       Path
  -----------------------------------------------------------
  clock ideal_clock1 (rise edge)           0.00       0.00
  clock network delay (ideal)              0.40       0.40
  DFF_127/q_reg/CLK (DFFX1_RVT)            0.00       0.40 r
  DFF_127/q_reg/Q (DFFX1_RVT)              0.20       0.60 f
  DFF_412/q_reg/D (DFFX1_RVT)              0.00 *     0.60 f
  data arrival time                                   0.60

  clock ideal_clock1 (rise edge)           0.00       0.00
  clock network delay (ideal)              0.40       0.40
  clock uncertainty                        0.05       0.45
  DFF_412/q_reg/CLK (DFFX1_RVT)            0.00       0.45 r
  library hold time                        0.00       0.45
  data required time                                  0.45
  -----------------------------------------------------------
  data required time                                  0.45
  data arrival time                                  -0.60
  -----------------------------------------------------------
  slack (MET)                                         0.14


  Startpoint: DFF_222/q_reg
              (rising edge-triggered flip-flop clocked by ideal_clock1)
  Endpoint: DFF_175/q_reg
            (rising edge-triggered flip-flop clocked by ideal_clock1)
  Path Group: ideal_clock1
  Path Type: min

  Point                                    Incr       Path
  -----------------------------------------------------------
  clock ideal_clock1 (rise edge)           0.00       0.00
  clock network delay (ideal)              0.40       0.40
  DFF_222/q_reg/CLK (DFFX1_RVT)            0.00       0.40 r
  DFF_222/q_reg/Q (DFFX1_RVT)              0.20       0.60 f
  DFF_175/q_reg/D (DFFX1_RVT)              0.00 *     0.60 f
  data arrival time                                   0.60

  clock ideal_clock1 (rise edge)           0.00       0.00
  clock network delay (ideal)              0.40       0.40
  clock uncertainty                        0.05       0.45
  DFF_175/q_reg/CLK (DFFX1_RVT)            0.00       0.45 r
  library hold time                        0.00       0.45
  data required time                                  0.45
  -----------------------------------------------------------
  data required time                                  0.45
  data arrival time                                  -0.60
  -----------------------------------------------------------
  slack (MET)                                         0.14


  Startpoint: DFF_446/q_reg
              (rising edge-triggered flip-flop clocked by ideal_clock1)
  Endpoint: DFF_478/q_reg
            (rising edge-triggered flip-flop clocked by ideal_clock1)
  Path Group: ideal_clock1
  Path Type: min

  Point                                    Incr       Path
  -----------------------------------------------------------
  clock ideal_clock1 (rise edge)           0.00       0.00
  clock network delay (ideal)              0.40       0.40
  DFF_446/q_reg/CLK (DFFX1_RVT)            0.00       0.40 r
  DFF_446/q_reg/Q (DFFX1_RVT)              0.20       0.60 f
  DFF_478/q_reg/D (DFFX1_RVT)              0.00 *     0.60 f
  data arrival time                                   0.60

  clock ideal_clock1 (rise edge)           0.00       0.00
  clock network delay (ideal)              0.40       0.40
  clock uncertainty                        0.05       0.45
  DFF_478/q_reg/CLK (DFFX1_RVT)            0.00       0.45 r
  library hold time                        0.00       0.45
  data required time                                  0.45
  -----------------------------------------------------------
  data required time                                  0.45
  data arrival time                                  -0.60
  -----------------------------------------------------------
  slack (MET)                                         0.15


  Startpoint: DFF_389/q_reg
              (rising edge-triggered flip-flop clocked by ideal_clock1)
  Endpoint: DFF_309/q_reg
            (rising edge-triggered flip-flop clocked by ideal_clock1)
  Path Group: ideal_clock1
  Path Type: min

  Point                                    Incr       Path
  -----------------------------------------------------------
  clock ideal_clock1 (rise edge)           0.00       0.00
  clock network delay (ideal)              0.40       0.40
  DFF_389/q_reg/CLK (DFFX1_RVT)            0.00       0.40 r
  DFF_389/q_reg/Q (DFFX1_RVT)              0.20       0.60 f
  DFF_309/q_reg/D (DFFX1_RVT)              0.00 *     0.60 f
  data arrival time                                   0.60

  clock ideal_clock1 (rise edge)           0.00       0.00
  clock network delay (ideal)              0.40       0.40
  clock uncertainty                        0.05       0.45
  DFF_309/q_reg/CLK (DFFX1_RVT)            0.00       0.45 r
  library hold time                        0.00       0.45
  data required time                                  0.45
  -----------------------------------------------------------
  data required time                                  0.45
  data arrival time                                  -0.60
  -----------------------------------------------------------
  slack (MET)                                         0.15


  Startpoint: DFF_443/q_reg
              (rising edge-triggered flip-flop clocked by ideal_clock1)
  Endpoint: DFF_65/q_reg
            (rising edge-triggered flip-flop clocked by ideal_clock1)
  Path Group: ideal_clock1
  Path Type: min

  Point                                    Incr       Path
  -----------------------------------------------------------
  clock ideal_clock1 (rise edge)           0.00       0.00
  clock network delay (ideal)              0.40       0.40
  DFF_443/q_reg/CLK (DFFX1_RVT)            0.00       0.40 r
  DFF_443/q_reg/Q (DFFX1_RVT)              0.20       0.60 f
  DFF_65/q_reg/D (DFFX1_RVT)               0.00 *     0.60 f
  data arrival time                                   0.60

  clock ideal_clock1 (rise edge)           0.00       0.00
  clock network delay (ideal)              0.40       0.40
  clock uncertainty                        0.05       0.45
  DFF_65/q_reg/CLK (DFFX1_RVT)             0.00       0.45 r
  library hold time                        0.00       0.45
  data required time                                  0.45
  -----------------------------------------------------------
  data required time                                  0.45
  data arrival time                                  -0.60
  -----------------------------------------------------------
  slack (MET)                                         0.15


  Startpoint: DFF_393/q_reg
              (rising edge-triggered flip-flop clocked by ideal_clock1)
  Endpoint: DFF_433/q_reg
            (rising edge-triggered flip-flop clocked by ideal_clock1)
  Path Group: ideal_clock1
  Path Type: min

  Point                                    Incr       Path
  -----------------------------------------------------------
  clock ideal_clock1 (rise edge)           0.00       0.00
  clock network delay (ideal)              0.40       0.40
  DFF_393/q_reg/CLK (DFFX1_RVT)            0.00       0.40 r
  DFF_393/q_reg/Q (DFFX1_RVT)              0.20       0.60 f
  DFF_433/q_reg/D (DFFX1_RVT)              0.00 *     0.60 f
  data arrival time                                   0.60

  clock ideal_clock1 (rise edge)           0.00       0.00
  clock network delay (ideal)              0.40       0.40
  clock uncertainty                        0.05       0.45
  DFF_433/q_reg/CLK (DFFX1_RVT)            0.00       0.45 r
  library hold time                        0.00       0.45
  data required time                                  0.45
  -----------------------------------------------------------
  data required time                                  0.45
  data arrival time                                  -0.60
  -----------------------------------------------------------
  slack (MET)                                         0.15


  Startpoint: DFF_347/q_reg
              (rising edge-triggered flip-flop clocked by ideal_clock1)
  Endpoint: DFF_248/q_reg
            (rising edge-triggered flip-flop clocked by ideal_clock1)
  Path Group: ideal_clock1
  Path Type: min

  Point                                    Incr       Path
  -----------------------------------------------------------
  clock ideal_clock1 (rise edge)           0.00       0.00
  clock network delay (ideal)              0.40       0.40
  DFF_347/q_reg/CLK (DFFX1_RVT)            0.00       0.40 r
  DFF_347/q_reg/Q (DFFX1_RVT)              0.20       0.60 f
  DFF_248/q_reg/D (DFFX1_RVT)              0.00 *     0.60 f
  data arrival time                                   0.60

  clock ideal_clock1 (rise edge)           0.00       0.00
  clock network delay (ideal)              0.40       0.40
  clock uncertainty                        0.05       0.45
  DFF_248/q_reg/CLK (DFFX1_RVT)            0.00       0.45 r
  library hold time                        0.00       0.45
  data required time                                  0.45
  -----------------------------------------------------------
  data required time                                  0.45
  data arrival time                                  -0.60
  -----------------------------------------------------------
  slack (MET)                                         0.15


  Startpoint: DFF_184/q_reg
              (rising edge-triggered flip-flop clocked by ideal_clock1)
  Endpoint: DFF_343/q_reg
            (rising edge-triggered flip-flop clocked by ideal_clock1)
  Path Group: ideal_clock1
  Path Type: min

  Point                                    Incr       Path
  -----------------------------------------------------------
  clock ideal_clock1 (rise edge)           0.00       0.00
  clock network delay (ideal)              0.40       0.40
  DFF_184/q_reg/CLK (DFFX1_RVT)            0.00       0.40 r
  DFF_184/q_reg/Q (DFFX1_RVT)              0.20       0.60 f
  DFF_343/q_reg/D (DFFX1_RVT)              0.00 *     0.60 f
  data arrival time                                   0.60

  clock ideal_clock1 (rise edge)           0.00       0.00
  clock network delay (ideal)              0.40       0.40
  clock uncertainty                        0.05       0.45
  DFF_343/q_reg/CLK (DFFX1_RVT)            0.00       0.45 r
  library hold time                        0.00       0.45
  data required time                                  0.45
  -----------------------------------------------------------
  data required time                                  0.45
  data arrival time                                  -0.60
  -----------------------------------------------------------
  slack (MET)                                         0.15


1
