 
****************************************
  Report : Chip Summary
  Design : s386
  Version: L-2016.03-SP5-1
  Date   : Thu Mar  7 00:14:30 2019
****************************************
Std cell utilization: 66.56%  (653/(981-0))
(Non-fixed + Fixed)
Std cell utilization: 66.56%  (653/(981-0))
(Non-fixed only)
Chip area:            981      sites, bbox (5.00 5.00 21.57 20.05) um
Std cell area:        653      sites, (non-fixed:653    fixed:0)
                      64       cells, (non-fixed:64     fixed:0)
Macro cell area:      0        sites
                      0        cells
Placement blockages:  0        sites, (excluding fixed std cells)
                      0        sites, (include fixed std cells & chimney area)
                      0        sites, (complete p/g net blockages)
Routing blockages:    0        sites, (partial p/g net blockages)
                      0        sites, (routing blockages and signal pre-route)
Lib cell count:       20 
Avg. std cell width:  1.62 um 
Site array:           unit     (width: 0.152 um, height: 1.672 um, rows: 9)
Physical DB scale:    1000 db_unit = 1 um 

 
****************************************
  Report : pnet options
  Design : s386
  Version: L-2016.03-SP5-1
  Date   : Thu Mar  7 00:14:30 2019
****************************************


--------------------------------------------------------------------
Layer      Blockage   Min_width   Min_height   Via_additive     Density
--------------------------------------------------------------------
M1         none          ---         ---       via additive      ---
M2         none          ---         ---       via additive      ---
M3         none          ---         ---       via additive      ---
M4         none          ---         ---       via additive      ---
M5         none          ---         ---       via additive      ---
M6         none          ---         ---       via additive      ---
M7         none          ---         ---       via additive      ---
M8         none          ---         ---       via additive      ---
M9         none          ---         ---       via additive      ---
MRDL       none          ---         ---       via additive      ---

**********************************
      Sub-Region Utilization      
**********************************
Number of regions with placement utilization 0 - 0.125 is 0 (0.00%)
Number of regions with placement utilization 0.125 - 0.25 is 0 (0.00%)
Number of regions with placement utilization 0.25 - 0.375 is 0 (0.00%)
Number of regions with placement utilization 0.375 - 0.5 is 0 (0.00%)
Number of regions with placement utilization 0.5 - 0.625 is 1 (25.00%)
Number of regions with placement utilization 0.625 - 0.75 is 3 (75.00%)
Number of regions with placement utilization 0.75 - 0.875 is 0 (0.00%)
Number of regions with placement utilization 0.875 - 1 is 0 (0.00%)
1
