#@ # 
#@ # Running icc_shell Version L-2016.03-SP5-1 for linux64 -- Dec 12, 2016
#@ # Date:   Sat May 18 18:15:18 2019
#@ # Run by: dm3233@xunil-03.coe.drexel.edu
#@ 

ls
clear
man get_scan_chains
get_scan_chains
man place_opt
man preroute_standard_cells
man derive_pg_connection
man create_buffer_tree
man create_placement
man retract_rc
man extract_rc
man identify_clock_gating
man legalize_placement
man set_place_opts_strategy
man set_place_opt_cts_strategy
man place_opt
man report_placement_utilization
ls
man report_place_opt_strategy
man set_preroute_advanced_via_rule
man create_power_straps
man cts_prects_upsize_gates
man cts_move_clock_gate
man compile_clock_tree
man set_clock_tree_options
man compile_clock_tree
man clock_opt
man psynopt
man route_zrt_group
man clock_opt_feasibility
man preroute_standard_cells
man verify_pg_nets
man set_route_options
man set_route_zrt_common_options
man route_zrt_clock_tree
man set_route_zrt_detail_options
man set_host_options
man route_search_repair
man insert_stdcell_filler
