 
****************************************
  Report : Chip Summary
  Design : FIFO
  Version: L-2016.03-SP5-1
  Date   : Wed Feb 13 10:25:35 2019
****************************************
Std cell utilization: 57.88%  (12022/(20769-0))
(Non-fixed + Fixed)
Std cell utilization: 57.88%  (12022/(20769-0))
(Non-fixed only)
Chip area:            20769    sites, bbox (5.00 5.00 78.42 76.90) um
Std cell area:        12022    sites, (non-fixed:12022  fixed:0)
                      810      cells, (non-fixed:810    fixed:0)
Macro cell area:      0        sites
                      0        cells
Placement blockages:  0        sites, (excluding fixed std cells)
                      0        sites, (include fixed std cells & chimney area)
                      0        sites, (complete p/g net blockages)
Routing blockages:    0        sites, (partial p/g net blockages)
                      0        sites, (routing blockages and signal pre-route)
Lib cell count:       28 
Avg. std cell width:  1.86 um 
Site array:           unit     (width: 0.152 um, height: 1.672 um, rows: 43)
Physical DB scale:    1000 db_unit = 1 um 

 
****************************************
  Report : pnet options
  Design : FIFO
  Version: L-2016.03-SP5-1
  Date   : Wed Feb 13 10:25:35 2019
****************************************


--------------------------------------------------------------------
Layer      Blockage   Min_width   Min_height   Via_additive     Density
--------------------------------------------------------------------
M1         none          ---         ---       via additive      ---
M2         none          ---         ---       via additive      ---
M3         none          ---         ---       via additive      ---
M4         none          ---         ---       via additive      ---
M5         none          ---         ---       via additive      ---
M6         none          ---         ---       via additive      ---
M7         none          ---         ---       via additive      ---
M8         none          ---         ---       via additive      ---
M9         none          ---         ---       via additive      ---
MRDL       none          ---         ---       via additive      ---

**********************************
      Sub-Region Utilization      
**********************************
Number of regions with placement utilization 0 - 0.125 is 0 (0.00%)
Number of regions with placement utilization 0.125 - 0.25 is 1 (1.23%)
Number of regions with placement utilization 0.25 - 0.375 is 2 (2.47%)
Number of regions with placement utilization 0.375 - 0.5 is 10 (12.35%)
Number of regions with placement utilization 0.5 - 0.625 is 39 (48.15%)
Number of regions with placement utilization 0.625 - 0.75 is 28 (34.57%)
Number of regions with placement utilization 0.75 - 0.875 is 1 (1.23%)
Number of regions with placement utilization 0.875 - 1 is 0 (0.00%)
1
