 
****************************************
Report : timing
        -path full
        -delay min
        -max_paths 20
Design : FIFO
Version: L-2016.03-SP5-1
Date   : Wed Feb 13 09:41:48 2019
****************************************

 * Some/all delay information is back-annotated.

Operating Conditions: ss0p95v25c   Library: saed32rvt_ss0p95v25c
	Parasitic source    : LPE
	Parasitic mode      : RealRVirtualC
	Extraction mode     : MIN_MAX
	Extraction derating : 25/25/25

Information: Percent of Arnoldi-based delays =  6.74%

  Startpoint: memblk/FIFO_reg[0][14]
              (rising edge-triggered flip-flop clocked by ideal_clock1)
  Endpoint: memblk/FIFO_reg[0][14]
            (rising edge-triggered flip-flop clocked by ideal_clock1)
  Path Group: ideal_clock1
  Path Type: min

  Point                                                   Incr       Path
  --------------------------------------------------------------------------
  clock ideal_clock1 (rise edge)                          0.00       0.00
  clock network delay (propagated)                        0.01       0.01
  memblk/FIFO_reg[0][14]/CLK (DFFX1_RVT)                  0.00       0.01 r
  memblk/FIFO_reg[0][14]/QN (DFFX1_RVT)                   0.13       0.13 r
  memblk/U252/Y (OAI22X1_RVT)                             0.09 *     0.22 f
  memblk/FIFO_reg[0][14]/D (DFFX1_RVT)                    0.00 *     0.22 f
  data arrival time                                                  0.22

  clock ideal_clock1 (rise edge)                          0.00       0.00
  clock network delay (propagated)                        0.01       0.01
  memblk/FIFO_reg[0][14]/CLK (DFFX1_RVT)                  0.00       0.01 r
  library hold time                                      -0.01       0.00
  data required time                                                 0.00
  --------------------------------------------------------------------------
  data required time                                                 0.00
  data arrival time                                                 -0.22
  --------------------------------------------------------------------------
  slack (MET)                                                        0.22


  Startpoint: memblk/FIFO_reg[2][29]
              (rising edge-triggered flip-flop clocked by ideal_clock1)
  Endpoint: memblk/FIFO_reg[2][29]
            (rising edge-triggered flip-flop clocked by ideal_clock1)
  Path Group: ideal_clock1
  Path Type: min

  Point                                                   Incr       Path
  --------------------------------------------------------------------------
  clock ideal_clock1 (rise edge)                          0.00       0.00
  clock network delay (propagated)                        0.01       0.01
  memblk/FIFO_reg[2][29]/CLK (DFFX1_RVT)                  0.00       0.01 r
  memblk/FIFO_reg[2][29]/QN (DFFX1_RVT)                   0.13       0.13 r
  memblk/U255/Y (OAI22X1_RVT)                             0.09 *     0.22 f
  memblk/FIFO_reg[2][29]/D (DFFX1_RVT)                    0.00 *     0.22 f
  data arrival time                                                  0.22

  clock ideal_clock1 (rise edge)                          0.00       0.00
  clock network delay (propagated)                        0.01       0.01
  memblk/FIFO_reg[2][29]/CLK (DFFX1_RVT)                  0.00       0.01 r
  library hold time                                      -0.01       0.00
  data required time                                                 0.00
  --------------------------------------------------------------------------
  data required time                                                 0.00
  data arrival time                                                 -0.22
  --------------------------------------------------------------------------
  slack (MET)                                                        0.23


  Startpoint: memblk/FIFO_reg[0][16]
              (rising edge-triggered flip-flop clocked by ideal_clock1)
  Endpoint: memblk/FIFO_reg[0][16]
            (rising edge-triggered flip-flop clocked by ideal_clock1)
  Path Group: ideal_clock1
  Path Type: min

  Point                                                   Incr       Path
  --------------------------------------------------------------------------
  clock ideal_clock1 (rise edge)                          0.00       0.00
  clock network delay (propagated)                        0.00       0.00
  memblk/FIFO_reg[0][16]/CLK (DFFX1_RVT)                  0.00       0.00 r
  memblk/FIFO_reg[0][16]/QN (DFFX1_RVT)                   0.12       0.13 r
  memblk/U250/Y (OAI22X1_RVT)                             0.09 *     0.22 f
  memblk/FIFO_reg[0][16]/D (DFFX1_RVT)                    0.00 *     0.22 f
  data arrival time                                                  0.22

  clock ideal_clock1 (rise edge)                          0.00       0.00
  clock network delay (propagated)                        0.00       0.00
  memblk/FIFO_reg[0][16]/CLK (DFFX1_RVT)                  0.00       0.00 r
  library hold time                                      -0.01      -0.01
  data required time                                                -0.01
  --------------------------------------------------------------------------
  data required time                                                -0.01
  data arrival time                                                 -0.22
  --------------------------------------------------------------------------
  slack (MET)                                                        0.23


  Startpoint: memblk/FIFO_reg[1][9]
              (rising edge-triggered flip-flop clocked by ideal_clock1)
  Endpoint: memblk/FIFO_reg[1][9]
            (rising edge-triggered flip-flop clocked by ideal_clock1)
  Path Group: ideal_clock1
  Path Type: min

  Point                                                   Incr       Path
  --------------------------------------------------------------------------
  clock ideal_clock1 (rise edge)                          0.00       0.00
  clock network delay (propagated)                        0.01       0.01
  memblk/FIFO_reg[1][9]/CLK (DFFX1_RVT)                   0.00       0.01 r
  memblk/FIFO_reg[1][9]/Q (DFFX1_RVT)                     0.16       0.17 f
  memblk/U100/Y (AO22X1_RVT)                              0.06 *     0.23 f
  memblk/FIFO_reg[1][9]/D (DFFX1_RVT)                     0.00 *     0.23 f
  data arrival time                                                  0.23

  clock ideal_clock1 (rise edge)                          0.00       0.00
  clock network delay (propagated)                        0.01       0.01
  memblk/FIFO_reg[1][9]/CLK (DFFX1_RVT)                   0.00       0.01 r
  library hold time                                      -0.01       0.00
  data required time                                                 0.00
  --------------------------------------------------------------------------
  data required time                                                 0.00
  data arrival time                                                 -0.23
  --------------------------------------------------------------------------
  slack (MET)                                                        0.23


  Startpoint: memblk/FIFO_reg[3][25]
              (rising edge-triggered flip-flop clocked by ideal_clock1)
  Endpoint: memblk/FIFO_reg[3][25]
            (rising edge-triggered flip-flop clocked by ideal_clock1)
  Path Group: ideal_clock1
  Path Type: min

  Point                                                   Incr       Path
  --------------------------------------------------------------------------
  clock ideal_clock1 (rise edge)                          0.00       0.00
  clock network delay (propagated)                        0.01       0.01
  memblk/FIFO_reg[3][25]/CLK (DFFX1_RVT)                  0.00       0.01 r
  memblk/FIFO_reg[3][25]/Q (DFFX1_RVT)                    0.16       0.17 f
  memblk/U42/Y (AO22X1_RVT)                               0.06 *     0.23 f
  memblk/FIFO_reg[3][25]/D (DFFX1_RVT)                    0.00 *     0.23 f
  data arrival time                                                  0.23

  clock ideal_clock1 (rise edge)                          0.00       0.00
  clock network delay (propagated)                        0.01       0.01
  memblk/FIFO_reg[3][25]/CLK (DFFX1_RVT)                  0.00       0.01 r
  library hold time                                      -0.01       0.00
  data required time                                                 0.00
  --------------------------------------------------------------------------
  data required time                                                 0.00
  data arrival time                                                 -0.23
  --------------------------------------------------------------------------
  slack (MET)                                                        0.23


  Startpoint: memblk/FIFO_reg[1][4]
              (rising edge-triggered flip-flop clocked by ideal_clock1)
  Endpoint: memblk/FIFO_reg[1][4]
            (rising edge-triggered flip-flop clocked by ideal_clock1)
  Path Group: ideal_clock1
  Path Type: min

  Point                                                   Incr       Path
  --------------------------------------------------------------------------
  clock ideal_clock1 (rise edge)                          0.00       0.00
  clock network delay (propagated)                        0.01       0.01
  memblk/FIFO_reg[1][4]/CLK (DFFX1_RVT)                   0.00       0.01 r
  memblk/FIFO_reg[1][4]/Q (DFFX1_RVT)                     0.16       0.17 f
  memblk/U91/Y (AO22X1_RVT)                               0.06 *     0.22 f
  memblk/FIFO_reg[1][4]/D (DFFX1_RVT)                     0.00 *     0.22 f
  data arrival time                                                  0.22

  clock ideal_clock1 (rise edge)                          0.00       0.00
  clock network delay (propagated)                        0.01       0.01
  memblk/FIFO_reg[1][4]/CLK (DFFX1_RVT)                   0.00       0.01 r
  library hold time                                      -0.01      -0.01
  data required time                                                -0.01
  --------------------------------------------------------------------------
  data required time                                                -0.01
  data arrival time                                                 -0.22
  --------------------------------------------------------------------------
  slack (MET)                                                        0.23


  Startpoint: memblk/FIFO_reg[3][10]
              (rising edge-triggered flip-flop clocked by ideal_clock1)
  Endpoint: memblk/FIFO_reg[3][10]
            (rising edge-triggered flip-flop clocked by ideal_clock1)
  Path Group: ideal_clock1
  Path Type: min

  Point                                                   Incr       Path
  --------------------------------------------------------------------------
  clock ideal_clock1 (rise edge)                          0.00       0.00
  clock network delay (propagated)                        0.01       0.01
  memblk/FIFO_reg[3][10]/CLK (DFFX1_RVT)                  0.00       0.01 r
  memblk/FIFO_reg[3][10]/Q (DFFX1_RVT)                    0.16       0.16 f
  memblk/U62/Y (AO22X1_RVT)                               0.06 *     0.22 f
  memblk/FIFO_reg[3][10]/D (DFFX1_RVT)                    0.00 *     0.22 f
  data arrival time                                                  0.22

  clock ideal_clock1 (rise edge)                          0.00       0.00
  clock network delay (propagated)                        0.01       0.01
  memblk/FIFO_reg[3][10]/CLK (DFFX1_RVT)                  0.00       0.01 r
  library hold time                                      -0.01      -0.01
  data required time                                                -0.01
  --------------------------------------------------------------------------
  data required time                                                -0.01
  data arrival time                                                 -0.22
  --------------------------------------------------------------------------
  slack (MET)                                                        0.23


  Startpoint: memblk/FIFO_reg[3][19]
              (rising edge-triggered flip-flop clocked by ideal_clock1)
  Endpoint: memblk/FIFO_reg[3][19]
            (rising edge-triggered flip-flop clocked by ideal_clock1)
  Path Group: ideal_clock1
  Path Type: min

  Point                                                   Incr       Path
  --------------------------------------------------------------------------
  clock ideal_clock1 (rise edge)                          0.00       0.00
  clock network delay (propagated)                        0.01       0.01
  memblk/FIFO_reg[3][19]/CLK (DFFX1_RVT)                  0.00       0.01 r
  memblk/FIFO_reg[3][19]/QN (DFFX1_RVT)                   0.13       0.14 r
  memblk/U157/Y (OAI22X1_RVT)                             0.09 *     0.23 f
  memblk/FIFO_reg[3][19]/D (DFFX1_RVT)                    0.00 *     0.23 f
  data arrival time                                                  0.23

  clock ideal_clock1 (rise edge)                          0.00       0.00
  clock network delay (propagated)                        0.01       0.01
  memblk/FIFO_reg[3][19]/CLK (DFFX1_RVT)                  0.00       0.01 r
  library hold time                                      -0.01       0.00
  data required time                                                 0.00
  --------------------------------------------------------------------------
  data required time                                                 0.00
  data arrival time                                                 -0.23
  --------------------------------------------------------------------------
  slack (MET)                                                        0.23


  Startpoint: memblk/FIFO_reg[0][2]
              (rising edge-triggered flip-flop clocked by ideal_clock1)
  Endpoint: memblk/FIFO_reg[0][2]
            (rising edge-triggered flip-flop clocked by ideal_clock1)
  Path Group: ideal_clock1
  Path Type: min

  Point                                                   Incr       Path
  --------------------------------------------------------------------------
  clock ideal_clock1 (rise edge)                          0.00       0.00
  clock network delay (propagated)                        0.01       0.01
  memblk/FIFO_reg[0][2]/CLK (DFFX1_RVT)                   0.00       0.01 r
  memblk/FIFO_reg[0][2]/Q (DFFX1_RVT)                     0.16       0.16 f
  memblk/U103/Y (AO22X1_RVT)                              0.06 *     0.22 f
  memblk/FIFO_reg[0][2]/D (DFFX1_RVT)                     0.00 *     0.22 f
  data arrival time                                                  0.22

  clock ideal_clock1 (rise edge)                          0.00       0.00
  clock network delay (propagated)                        0.01       0.01
  memblk/FIFO_reg[0][2]/CLK (DFFX1_RVT)                   0.00       0.01 r
  library hold time                                      -0.01      -0.01
  data required time                                                -0.01
  --------------------------------------------------------------------------
  data required time                                                -0.01
  data arrival time                                                 -0.22
  --------------------------------------------------------------------------
  slack (MET)                                                        0.23


  Startpoint: memblk/FIFO_reg[2][11]
              (rising edge-triggered flip-flop clocked by ideal_clock1)
  Endpoint: memblk/FIFO_reg[2][11]
            (rising edge-triggered flip-flop clocked by ideal_clock1)
  Path Group: ideal_clock1
  Path Type: min

  Point                                                   Incr       Path
  --------------------------------------------------------------------------
  clock ideal_clock1 (rise edge)                          0.00       0.00
  clock network delay (propagated)                        0.01       0.01
  memblk/FIFO_reg[2][11]/CLK (DFFX1_RVT)                  0.00       0.01 r
  memblk/FIFO_reg[2][11]/Q (DFFX1_RVT)                    0.16       0.16 f
  memblk/U71/Y (AO22X1_RVT)                               0.06 *     0.22 f
  memblk/FIFO_reg[2][11]/D (DFFX1_RVT)                    0.00 *     0.22 f
  data arrival time                                                  0.22

  clock ideal_clock1 (rise edge)                          0.00       0.00
  clock network delay (propagated)                        0.01       0.01
  memblk/FIFO_reg[2][11]/CLK (DFFX1_RVT)                  0.00       0.01 r
  library hold time                                      -0.01      -0.01
  data required time                                                -0.01
  --------------------------------------------------------------------------
  data required time                                                -0.01
  data arrival time                                                 -0.22
  --------------------------------------------------------------------------
  slack (MET)                                                        0.23


  Startpoint: memblk/FIFO_reg[2][20]
              (rising edge-triggered flip-flop clocked by ideal_clock1)
  Endpoint: memblk/FIFO_reg[2][20]
            (rising edge-triggered flip-flop clocked by ideal_clock1)
  Path Group: ideal_clock1
  Path Type: min

  Point                                                   Incr       Path
  --------------------------------------------------------------------------
  clock ideal_clock1 (rise edge)                          0.00       0.00
  clock network delay (propagated)                        0.01       0.01
  memblk/FIFO_reg[2][20]/CLK (DFFX1_RVT)                  0.00       0.01 r
  memblk/FIFO_reg[2][20]/Q (DFFX1_RVT)                    0.16       0.17 f
  memblk/U130/Y (AO22X1_RVT)                              0.06 *     0.23 f
  memblk/FIFO_reg[2][20]/D (DFFX1_RVT)                    0.00 *     0.23 f
  data arrival time                                                  0.23

  clock ideal_clock1 (rise edge)                          0.00       0.00
  clock network delay (propagated)                        0.01       0.01
  memblk/FIFO_reg[2][20]/CLK (DFFX1_RVT)                  0.00       0.01 r
  library hold time                                      -0.01       0.00
  data required time                                                 0.00
  --------------------------------------------------------------------------
  data required time                                                 0.00
  data arrival time                                                 -0.23
  --------------------------------------------------------------------------
  slack (MET)                                                        0.23


  Startpoint: memblk/FIFO_reg[1][18]
              (rising edge-triggered flip-flop clocked by ideal_clock1)
  Endpoint: memblk/FIFO_reg[1][18]
            (rising edge-triggered flip-flop clocked by ideal_clock1)
  Path Group: ideal_clock1
  Path Type: min

  Point                                                   Incr       Path
  --------------------------------------------------------------------------
  clock ideal_clock1 (rise edge)                          0.00       0.00
  clock network delay (propagated)                        0.01       0.01
  memblk/FIFO_reg[1][18]/CLK (DFFX1_RVT)                  0.00       0.01 r
  memblk/FIFO_reg[1][18]/Q (DFFX1_RVT)                    0.16       0.17 f
  memblk/U133/Y (AO22X1_RVT)                              0.06 *     0.23 f
  memblk/FIFO_reg[1][18]/D (DFFX1_RVT)                    0.00 *     0.23 f
  data arrival time                                                  0.23

  clock ideal_clock1 (rise edge)                          0.00       0.00
  clock network delay (propagated)                        0.01       0.01
  memblk/FIFO_reg[1][18]/CLK (DFFX1_RVT)                  0.00       0.01 r
  library hold time                                      -0.01       0.00
  data required time                                                 0.00
  --------------------------------------------------------------------------
  data required time                                                 0.00
  data arrival time                                                 -0.23
  --------------------------------------------------------------------------
  slack (MET)                                                        0.23


  Startpoint: memblk/FIFO_reg[2][27]
              (rising edge-triggered flip-flop clocked by ideal_clock1)
  Endpoint: memblk/FIFO_reg[2][27]
            (rising edge-triggered flip-flop clocked by ideal_clock1)
  Path Group: ideal_clock1
  Path Type: min

  Point                                                   Incr       Path
  --------------------------------------------------------------------------
  clock ideal_clock1 (rise edge)                          0.00       0.00
  clock network delay (propagated)                        0.01       0.01
  memblk/FIFO_reg[2][27]/CLK (DFFX1_RVT)                  0.00       0.01 r
  memblk/FIFO_reg[2][27]/QN (DFFX1_RVT)                   0.13       0.14 r
  memblk/U251/Y (OAI22X1_RVT)                             0.09 *     0.23 f
  memblk/FIFO_reg[2][27]/D (DFFX1_RVT)                    0.00 *     0.23 f
  data arrival time                                                  0.23

  clock ideal_clock1 (rise edge)                          0.00       0.00
  clock network delay (propagated)                        0.01       0.01
  memblk/FIFO_reg[2][27]/CLK (DFFX1_RVT)                  0.00       0.01 r
  library hold time                                      -0.01       0.00
  data required time                                                 0.00
  --------------------------------------------------------------------------
  data required time                                                 0.00
  data arrival time                                                 -0.23
  --------------------------------------------------------------------------
  slack (MET)                                                        0.23


  Startpoint: memblk/FIFO_reg[3][26]
              (rising edge-triggered flip-flop clocked by ideal_clock1)
  Endpoint: memblk/FIFO_reg[3][26]
            (rising edge-triggered flip-flop clocked by ideal_clock1)
  Path Group: ideal_clock1
  Path Type: min

  Point                                                   Incr       Path
  --------------------------------------------------------------------------
  clock ideal_clock1 (rise edge)                          0.00       0.00
  clock network delay (propagated)                        0.01       0.01
  memblk/FIFO_reg[3][26]/CLK (DFFX1_RVT)                  0.00       0.01 r
  memblk/FIFO_reg[3][26]/Q (DFFX1_RVT)                    0.16       0.18 f
  memblk/U48/Y (AO22X1_RVT)                               0.05 *     0.23 f
  memblk/FIFO_reg[3][26]/D (DFFX1_RVT)                    0.00 *     0.23 f
  data arrival time                                                  0.23

  clock ideal_clock1 (rise edge)                          0.00       0.00
  clock network delay (propagated)                        0.01       0.01
  memblk/FIFO_reg[3][26]/CLK (DFFX1_RVT)                  0.00       0.01 r
  library hold time                                      -0.01       0.00
  data required time                                                 0.00
  --------------------------------------------------------------------------
  data required time                                                 0.00
  data arrival time                                                 -0.23
  --------------------------------------------------------------------------
  slack (MET)                                                        0.23


  Startpoint: memblk/FIFO_reg[3][29]
              (rising edge-triggered flip-flop clocked by ideal_clock1)
  Endpoint: memblk/FIFO_reg[3][29]
            (rising edge-triggered flip-flop clocked by ideal_clock1)
  Path Group: ideal_clock1
  Path Type: min

  Point                                                   Incr       Path
  --------------------------------------------------------------------------
  clock ideal_clock1 (rise edge)                          0.00       0.00
  clock network delay (propagated)                        0.01       0.01
  memblk/FIFO_reg[3][29]/CLK (DFFX1_RVT)                  0.00       0.01 r
  memblk/FIFO_reg[3][29]/QN (DFFX1_RVT)                   0.13       0.14 r
  memblk/U246/Y (OAI22X1_RVT)                             0.09 *     0.23 f
  memblk/FIFO_reg[3][29]/D (DFFX1_RVT)                    0.00 *     0.23 f
  data arrival time                                                  0.23

  clock ideal_clock1 (rise edge)                          0.00       0.00
  clock network delay (propagated)                        0.01       0.01
  memblk/FIFO_reg[3][29]/CLK (DFFX1_RVT)                  0.00       0.01 r
  library hold time                                      -0.01       0.00
  data required time                                                 0.00
  --------------------------------------------------------------------------
  data required time                                                 0.00
  data arrival time                                                 -0.23
  --------------------------------------------------------------------------
  slack (MET)                                                        0.23


  Startpoint: memblk/FIFO_reg[0][20]
              (rising edge-triggered flip-flop clocked by ideal_clock1)
  Endpoint: memblk/FIFO_reg[0][20]
            (rising edge-triggered flip-flop clocked by ideal_clock1)
  Path Group: ideal_clock1
  Path Type: min

  Point                                                   Incr       Path
  --------------------------------------------------------------------------
  clock ideal_clock1 (rise edge)                          0.00       0.00
  clock network delay (propagated)                        0.01       0.01
  memblk/FIFO_reg[0][20]/CLK (DFFX1_RVT)                  0.00       0.01 r
  memblk/FIFO_reg[0][20]/Q (DFFX1_RVT)                    0.16       0.17 f
  memblk/U122/Y (AO22X1_RVT)                              0.06 *     0.23 f
  memblk/FIFO_reg[0][20]/D (DFFX1_RVT)                    0.00 *     0.23 f
  data arrival time                                                  0.23

  clock ideal_clock1 (rise edge)                          0.00       0.00
  clock network delay (propagated)                        0.01       0.01
  memblk/FIFO_reg[0][20]/CLK (DFFX1_RVT)                  0.00       0.01 r
  library hold time                                      -0.01       0.00
  data required time                                                 0.00
  --------------------------------------------------------------------------
  data required time                                                 0.00
  data arrival time                                                 -0.23
  --------------------------------------------------------------------------
  slack (MET)                                                        0.23


  Startpoint: memblk/FIFO_reg[3][21]
              (rising edge-triggered flip-flop clocked by ideal_clock1)
  Endpoint: memblk/FIFO_reg[3][21]
            (rising edge-triggered flip-flop clocked by ideal_clock1)
  Path Group: ideal_clock1
  Path Type: min

  Point                                                   Incr       Path
  --------------------------------------------------------------------------
  clock ideal_clock1 (rise edge)                          0.00       0.00
  clock network delay (propagated)                        0.01       0.01
  memblk/FIFO_reg[3][21]/CLK (DFFX1_RVT)                  0.00       0.01 r
  memblk/FIFO_reg[3][21]/Q (DFFX1_RVT)                    0.16       0.17 f
  memblk/U44/Y (AO22X1_RVT)                               0.06 *     0.23 f
  memblk/FIFO_reg[3][21]/D (DFFX1_RVT)                    0.00 *     0.23 f
  data arrival time                                                  0.23

  clock ideal_clock1 (rise edge)                          0.00       0.00
  clock network delay (propagated)                        0.01       0.01
  memblk/FIFO_reg[3][21]/CLK (DFFX1_RVT)                  0.00       0.01 r
  library hold time                                      -0.01       0.00
  data required time                                                 0.00
  --------------------------------------------------------------------------
  data required time                                                 0.00
  data arrival time                                                 -0.23
  --------------------------------------------------------------------------
  slack (MET)                                                        0.23


  Startpoint: memblk/FIFO_reg[2][9]
              (rising edge-triggered flip-flop clocked by ideal_clock1)
  Endpoint: memblk/FIFO_reg[2][9]
            (rising edge-triggered flip-flop clocked by ideal_clock1)
  Path Group: ideal_clock1
  Path Type: min

  Point                                                   Incr       Path
  --------------------------------------------------------------------------
  clock ideal_clock1 (rise edge)                          0.00       0.00
  clock network delay (propagated)                        0.01       0.01
  memblk/FIFO_reg[2][9]/CLK (DFFX1_RVT)                   0.00       0.01 r
  memblk/FIFO_reg[2][9]/Q (DFFX1_RVT)                     0.16       0.17 f
  memblk/U66/Y (AO22X1_RVT)                               0.06 *     0.22 f
  memblk/FIFO_reg[2][9]/D (DFFX1_RVT)                     0.00 *     0.22 f
  data arrival time                                                  0.22

  clock ideal_clock1 (rise edge)                          0.00       0.00
  clock network delay (propagated)                        0.01       0.01
  memblk/FIFO_reg[2][9]/CLK (DFFX1_RVT)                   0.00       0.01 r
  library hold time                                      -0.01      -0.01
  data required time                                                -0.01
  --------------------------------------------------------------------------
  data required time                                                -0.01
  data arrival time                                                 -0.22
  --------------------------------------------------------------------------
  slack (MET)                                                        0.23


  Startpoint: memblk/FIFO_reg[2][10]
              (rising edge-triggered flip-flop clocked by ideal_clock1)
  Endpoint: memblk/FIFO_reg[2][10]
            (rising edge-triggered flip-flop clocked by ideal_clock1)
  Path Group: ideal_clock1
  Path Type: min

  Point                                                   Incr       Path
  --------------------------------------------------------------------------
  clock ideal_clock1 (rise edge)                          0.00       0.00
  clock network delay (propagated)                        0.01       0.01
  memblk/FIFO_reg[2][10]/CLK (DFFX1_RVT)                  0.00       0.01 r
  memblk/FIFO_reg[2][10]/Q (DFFX1_RVT)                    0.16       0.17 f
  memblk/U145/Y (AO22X1_RVT)                              0.06 *     0.23 f
  memblk/FIFO_reg[2][10]/D (DFFX1_RVT)                    0.00 *     0.23 f
  data arrival time                                                  0.23

  clock ideal_clock1 (rise edge)                          0.00       0.00
  clock network delay (propagated)                        0.01       0.01
  memblk/FIFO_reg[2][10]/CLK (DFFX1_RVT)                  0.00       0.01 r
  library hold time                                      -0.01       0.00
  data required time                                                 0.00
  --------------------------------------------------------------------------
  data required time                                                 0.00
  data arrival time                                                 -0.23
  --------------------------------------------------------------------------
  slack (MET)                                                        0.23


  Startpoint: memblk/FIFO_reg[2][18]
              (rising edge-triggered flip-flop clocked by ideal_clock1)
  Endpoint: memblk/FIFO_reg[2][18]
            (rising edge-triggered flip-flop clocked by ideal_clock1)
  Path Group: ideal_clock1
  Path Type: min

  Point                                                   Incr       Path
  --------------------------------------------------------------------------
  clock ideal_clock1 (rise edge)                          0.00       0.00
  clock network delay (propagated)                        0.01       0.01
  memblk/FIFO_reg[2][18]/CLK (DFFX1_RVT)                  0.00       0.01 r
  memblk/FIFO_reg[2][18]/Q (DFFX1_RVT)                    0.16       0.16 f
  memblk/U86/Y (AO22X1_RVT)                               0.06 *     0.22 f
  memblk/FIFO_reg[2][18]/D (DFFX1_RVT)                    0.00 *     0.22 f
  data arrival time                                                  0.22

  clock ideal_clock1 (rise edge)                          0.00       0.00
  clock network delay (propagated)                        0.01       0.01
  memblk/FIFO_reg[2][18]/CLK (DFFX1_RVT)                  0.00       0.01 r
  library hold time                                      -0.01      -0.01
  data required time                                                -0.01
  --------------------------------------------------------------------------
  data required time                                                -0.01
  data arrival time                                                 -0.22
  --------------------------------------------------------------------------
  slack (MET)                                                        0.23


1
