 
****************************************
  Report : Chip Summary
  Design : fpu
  Version: L-2016.03-SP5-1
  Date   : Fri Apr 26 00:05:27 2019
****************************************
Std cell utilization: 60.19%  (404255/(671593-0))
(Non-fixed + Fixed)
Std cell utilization: 60.13%  (403207/(671593-1048))
(Non-fixed only)
Chip area:            671593   sites, bbox (5.00 5.00 418.29 417.98) um
Std cell area:        404255   sites, (non-fixed:403207 fixed:1048)
                      31138    cells, (non-fixed:31061  fixed:77)
Macro cell area:      0        sites
                      0        cells
Placement blockages:  0        sites, (excluding fixed std cells)
                      1048     sites, (include fixed std cells & chimney area)
                      0        sites, (complete p/g net blockages)
Routing blockages:    0        sites, (partial p/g net blockages)
                      0        sites, (routing blockages and signal pre-route)
Lib cell count:       90 
Avg. std cell width:  2.27 um 
Site array:           unit     (width: 0.152 um, height: 1.672 um, rows: 247)
Physical DB scale:    1000 db_unit = 1 um 

 
****************************************
  Report : pnet options
  Design : fpu
  Version: L-2016.03-SP5-1
  Date   : Fri Apr 26 00:05:27 2019
****************************************


--------------------------------------------------------------------
Layer      Blockage   Min_width   Min_height   Via_additive     Density
--------------------------------------------------------------------
M1         none          ---         ---       via additive      ---
M2         none          ---         ---       via additive      ---
M3         none          ---         ---       via additive      ---
M4         none          ---         ---       via additive      ---
M5         none          ---         ---       via additive      ---
M6         none          ---         ---       via additive      ---
M7         none          ---         ---       via additive      ---
M8         none          ---         ---       via additive      ---
M9         none          ---         ---       via additive      ---
MRDL       none          ---         ---       via additive      ---

**********************************
      Sub-Region Utilization      
**********************************
Number of regions with placement utilization 0 - 0.125 is 170 (6.80%)
Number of regions with placement utilization 0.125 - 0.25 is 55 (2.20%)
Number of regions with placement utilization 0.25 - 0.375 is 92 (3.68%)
Number of regions with placement utilization 0.375 - 0.5 is 174 (6.96%)
Number of regions with placement utilization 0.5 - 0.625 is 513 (20.52%)
Number of regions with placement utilization 0.625 - 0.75 is 1002 (40.08%)
Number of regions with placement utilization 0.75 - 0.875 is 494 (19.76%)
Number of regions with placement utilization 0.875 - 1 is 0 (0.00%)
1
