 
****************************************
  Report : Chip Summary
  Design : fpu
  Version: L-2016.03-SP5-1
  Date   : Fri May 10 00:04:48 2019
****************************************
Std cell utilization: 60.00%  (380879/(634800-0))
(Non-fixed + Fixed)
Std cell utilization: 59.92%  (379562/(634800-1321))
(Non-fixed only)
Chip area:            634800   sites, bbox (15.00 15.00 417.04 416.28) um
Std cell area:        380879   sites, (non-fixed:379562 fixed:1317)
                      28391    cells, (non-fixed:28308  fixed:83)
Macro cell area:      0        sites
                      0        cells
Placement blockages:  0        sites, (excluding fixed std cells)
                      1321     sites, (include fixed std cells & chimney area)
                      0        sites, (complete p/g net blockages)
Routing blockages:    0        sites, (partial p/g net blockages)
                      0        sites, (routing blockages and signal pre-route)
Lib cell count:       43 
Avg. std cell width:  1.95 um 
Site array:           unit     (width: 0.152 um, height: 1.672 um, rows: 240)
Physical DB scale:    1000 db_unit = 1 um 

 
****************************************
  Report : pnet options
  Design : fpu
  Version: L-2016.03-SP5-1
  Date   : Fri May 10 00:04:48 2019
****************************************


--------------------------------------------------------------------
Layer      Blockage   Min_width   Min_height   Via_additive     Density
--------------------------------------------------------------------
M1         none          ---         ---       via additive      ---
M2         none          ---         ---       via additive      ---
M3         none          ---         ---       via additive      ---
M4         none          ---         ---       via additive      ---
M5         none          ---         ---       via additive      ---
M6         none          ---         ---       via additive      ---
M7         none          ---         ---       via additive      ---
M8         none          ---         ---       via additive      ---
M9         none          ---         ---       via additive      ---
MRDL       none          ---         ---       via additive      ---

**********************************
      Sub-Region Utilization      
**********************************
Number of regions with placement utilization 0 - 0.125 is 108 (4.59%)
Number of regions with placement utilization 0.125 - 0.25 is 66 (2.81%)
Number of regions with placement utilization 0.25 - 0.375 is 89 (3.78%)
Number of regions with placement utilization 0.375 - 0.5 is 196 (8.33%)
Number of regions with placement utilization 0.5 - 0.625 is 590 (25.09%)
Number of regions with placement utilization 0.625 - 0.75 is 915 (38.90%)
Number of regions with placement utilization 0.75 - 0.875 is 388 (16.50%)
Number of regions with placement utilization 0.875 - 1 is 0 (0.00%)
1
