 
****************************************
Report : timing
        -path full
        -delay max
        -max_paths 20
Design : s1238
Version: L-2016.03-SP5-1
Date   : Fri Mar  8 23:59:56 2019
****************************************

 * Some/all delay information is back-annotated.

Operating Conditions: ss0p95v25c   Library: saed32rvt_ss0p95v25c
	Parasitic source    : LPE
	Parasitic mode      : RealRC
	Extraction mode     : MIN_MAX
	Extraction derating : 25/25/25

Information: Percent of Arnoldi-based delays = 16.79%

  Startpoint: G10 (input port clocked by ideal_clock1)
  Endpoint: G537 (output port clocked by ideal_clock1)
  Path Group: ideal_clock1
  Path Type: max

  Point                                    Incr       Path
  -----------------------------------------------------------
  clock ideal_clock1 (rise edge)           0.00       0.00
  clock network delay (ideal)              0.00       0.00
  input external delay                     2.00       2.00 f
  G10 (in)                                 0.00 @     2.00 f
  U12/Y (INVX1_RVT)                        0.06 @     2.06 r
  U478/Y (NAND2X0_RVT)                     0.14 &     2.20 f
  U444/Y (OR4X1_RVT)                       0.23 &     2.43 f
  U398/Y (OR2X1_RVT)                       0.06 &     2.48 f
  U397/Y (AND2X1_RVT)                      0.05 &     2.53 f
  U394/Y (OA21X1_RVT)                      0.07 &     2.60 f
  U393/Y (AND2X1_RVT)                      0.06 &     2.66 f
  U391/Y (OA21X1_RVT)                      0.07 &     2.73 f
  U388/Y (NAND2X0_RVT)                     0.07 &     2.80 r
  U386/Y (NAND2X0_RVT)                     0.10 &     2.90 f
  U451/Y (INVX0_RVT)                       0.07 &     2.97 r
  U298/Y (AO21X1_RVT)                      0.10 &     3.07 r
  U499/Y (NAND2X0_RVT)                     0.04 &     3.11 f
  U291/Y (AND3X1_RVT)                      0.09 &     3.19 f
  U401/Y (NAND2X0_RVT)                     0.07 &     3.27 r
  G537 (out)                               0.00 &     3.27 r
  data arrival time                                   3.27

  clock ideal_clock1 (rise edge)          10.00      10.00
  clock network delay (ideal)              0.00      10.00
  output external delay                   -2.00       8.00
  data required time                                  8.00
  -----------------------------------------------------------
  data required time                                  8.00
  data arrival time                                  -3.27
  -----------------------------------------------------------
  slack (MET)                                         4.73


  Startpoint: G10 (input port clocked by ideal_clock1)
  Endpoint: G535 (output port clocked by ideal_clock1)
  Path Group: ideal_clock1
  Path Type: max

  Point                                    Incr       Path
  -----------------------------------------------------------
  clock ideal_clock1 (rise edge)           0.00       0.00
  clock network delay (ideal)              0.00       0.00
  input external delay                     2.00       2.00 r
  G10 (in)                                 0.00 @     2.00 r
  U12/Y (INVX1_RVT)                        0.06 @     2.06 f
  U478/Y (NAND2X0_RVT)                     0.15 &     2.21 r
  U342/Y (INVX0_RVT)                       0.10 &     2.31 f
  U383/Y (AND2X1_RVT)                      0.10 &     2.42 f
  U311/Y (NAND2X0_RVT)                     0.09 &     2.51 r
  U394/Y (OA21X1_RVT)                      0.09 &     2.59 r
  U393/Y (AND2X1_RVT)                      0.06 &     2.65 r
  U391/Y (OA21X1_RVT)                      0.07 &     2.72 r
  U388/Y (NAND2X0_RVT)                     0.07 &     2.78 f
  U386/Y (NAND2X0_RVT)                     0.11 &     2.90 r
  U385/Y (OR2X1_RVT)                       0.11 &     3.01 r
  U297/Y (OA22X1_RVT)                      0.09 &     3.10 r
  U553/Y (OA21X1_RVT)                      0.07 &     3.17 r
  U556/Y (NAND4X0_RVT)                     0.08 &     3.24 f
  G535 (out)                               0.00 &     3.24 f
  data arrival time                                   3.24

  clock ideal_clock1 (rise edge)          10.00      10.00
  clock network delay (ideal)              0.00      10.00
  output external delay                   -2.00       8.00
  data required time                                  8.00
  -----------------------------------------------------------
  data required time                                  8.00
  data arrival time                                  -3.24
  -----------------------------------------------------------
  slack (MET)                                         4.76


  Startpoint: G10 (input port clocked by ideal_clock1)
  Endpoint: G532 (output port clocked by ideal_clock1)
  Path Group: ideal_clock1
  Path Type: max

  Point                                    Incr       Path
  -----------------------------------------------------------
  clock ideal_clock1 (rise edge)           0.00       0.00
  clock network delay (ideal)              0.00       0.00
  input external delay                     2.00       2.00 r
  G10 (in)                                 0.00 @     2.00 r
  U12/Y (INVX1_RVT)                        0.06 @     2.06 f
  U478/Y (NAND2X0_RVT)                     0.15 &     2.21 r
  U342/Y (INVX0_RVT)                       0.10 &     2.31 f
  U383/Y (AND2X1_RVT)                      0.10 &     2.42 f
  U311/Y (NAND2X0_RVT)                     0.09 &     2.51 r
  U394/Y (OA21X1_RVT)                      0.09 &     2.59 r
  U393/Y (AND2X1_RVT)                      0.06 &     2.65 r
  U391/Y (OA21X1_RVT)                      0.07 &     2.72 r
  U388/Y (NAND2X0_RVT)                     0.07 &     2.78 f
  U382/Y (AND2X1_RVT)                      0.08 &     2.86 f
  U299/Y (OA21X1_RVT)                      0.09 &     2.95 f
  U548/Y (INVX0_RVT)                       0.05 &     3.00 r
  U549/Y (AO221X1_RVT)                     0.09 &     3.09 r
  U550/Y (NAND4X0_RVT)                     0.11 &     3.19 f
  G532 (out)                               0.00 &     3.20 f
  data arrival time                                   3.20

  clock ideal_clock1 (rise edge)          10.00      10.00
  clock network delay (ideal)              0.00      10.00
  output external delay                   -2.00       8.00
  data required time                                  8.00
  -----------------------------------------------------------
  data required time                                  8.00
  data arrival time                                  -3.20
  -----------------------------------------------------------
  slack (MET)                                         4.80


  Startpoint: G6 (input port clocked by ideal_clock1)
  Endpoint: G549 (output port clocked by ideal_clock1)
  Path Group: ideal_clock1
  Path Type: max

  Point                                    Incr       Path
  -----------------------------------------------------------
  clock ideal_clock1 (rise edge)           0.00       0.00
  clock network delay (ideal)              0.00       0.00
  input external delay                     2.00       2.00 r
  G6 (in)                                  0.00 @     2.00 r
  U8/Y (INVX1_RVT)                         0.09 @     2.09 f
  U459/Y (NAND3X0_RVT)                     0.12 &     2.21 r
  U460/Y (NAND3X0_RVT)                     0.09 &     2.30 f
  U463/Y (OA221X1_RVT)                     0.16 &     2.46 f
  U464/Y (OR2X1_RVT)                       0.07 &     2.53 f
  U421/Y (AND2X1_RVT)                      0.07 &     2.60 f
  U419/Y (AND2X1_RVT)                      0.06 &     2.66 f
  U404/Y (AND2X1_RVT)                      0.11 &     2.78 f
  U17/Y (INVX0_RVT)                        0.11 &     2.88 r
  U434/Y (OR2X1_RVT)                       0.08 &     2.96 r
  U567/Y (AO21X1_RVT)                      0.06 &     3.02 r
  U575/Y (NAND4X0_RVT)                     0.11 &     3.13 f
  G549 (out)                               0.00 &     3.13 f
  data arrival time                                   3.13

  clock ideal_clock1 (rise edge)          10.00      10.00
  clock network delay (ideal)              0.00      10.00
  output external delay                   -2.00       8.00
  data required time                                  8.00
  -----------------------------------------------------------
  data required time                                  8.00
  data arrival time                                  -3.13
  -----------------------------------------------------------
  slack (MET)                                         4.87


  Startpoint: G10 (input port clocked by ideal_clock1)
  Endpoint: G530 (output port clocked by ideal_clock1)
  Path Group: ideal_clock1
  Path Type: max

  Point                                    Incr       Path
  -----------------------------------------------------------
  clock ideal_clock1 (rise edge)           0.00       0.00
  clock network delay (ideal)              0.00       0.00
  input external delay                     2.00       2.00 f
  G10 (in)                                 0.00 @     2.00 f
  U12/Y (INVX1_RVT)                        0.06 @     2.06 r
  U478/Y (NAND2X0_RVT)                     0.14 &     2.20 f
  U444/Y (OR4X1_RVT)                       0.23 &     2.43 f
  U398/Y (OR2X1_RVT)                       0.06 &     2.48 f
  U397/Y (AND2X1_RVT)                      0.05 &     2.53 f
  U394/Y (OA21X1_RVT)                      0.07 &     2.60 f
  U393/Y (AND2X1_RVT)                      0.06 &     2.66 f
  U391/Y (OA21X1_RVT)                      0.07 &     2.73 f
  U388/Y (NAND2X0_RVT)                     0.07 &     2.80 r
  U386/Y (NAND2X0_RVT)                     0.10 &     2.90 f
  U385/Y (OR2X1_RVT)                       0.12 &     3.02 f
  U543/Y (NAND2X0_RVT)                     0.06 &     3.09 r
  G530 (out)                               0.00 &     3.09 r
  data arrival time                                   3.09

  clock ideal_clock1 (rise edge)          10.00      10.00
  clock network delay (ideal)              0.00      10.00
  output external delay                   -2.00       8.00
  data required time                                  8.00
  -----------------------------------------------------------
  data required time                                  8.00
  data arrival time                                  -3.09
  -----------------------------------------------------------
  slack (MET)                                         4.91


  Startpoint: G6 (input port clocked by ideal_clock1)
  Endpoint: G550 (output port clocked by ideal_clock1)
  Path Group: ideal_clock1
  Path Type: max

  Point                                    Incr       Path
  -----------------------------------------------------------
  clock ideal_clock1 (rise edge)           0.00       0.00
  clock network delay (ideal)              0.00       0.00
  input external delay                     2.00       2.00 r
  G6 (in)                                  0.00 @     2.00 r
  U8/Y (INVX1_RVT)                         0.09 @     2.09 f
  U459/Y (NAND3X0_RVT)                     0.12 &     2.21 r
  U460/Y (NAND3X0_RVT)                     0.09 &     2.30 f
  U463/Y (OA221X1_RVT)                     0.16 &     2.46 f
  U464/Y (OR2X1_RVT)                       0.07 &     2.53 f
  U421/Y (AND2X1_RVT)                      0.07 &     2.60 f
  U419/Y (AND2X1_RVT)                      0.06 &     2.66 f
  U404/Y (AND2X1_RVT)                      0.11 &     2.78 f
  U515/Y (NAND2X0_RVT)                     0.09 &     2.87 r
  U517/Y (OA22X1_RVT)                      0.09 &     2.96 r
  U454/Y (AND2X1_RVT)                      0.06 &     3.02 r
  U518/Y (NAND2X0_RVT)                     0.05 &     3.07 f
  G550 (out)                               0.00 &     3.07 f
  data arrival time                                   3.07

  clock ideal_clock1 (rise edge)          10.00      10.00
  clock network delay (ideal)              0.00      10.00
  output external delay                   -2.00       8.00
  data required time                                  8.00
  -----------------------------------------------------------
  data required time                                  8.00
  data arrival time                                  -3.07
  -----------------------------------------------------------
  slack (MET)                                         4.93


  Startpoint: G6 (input port clocked by ideal_clock1)
  Endpoint: G552 (output port clocked by ideal_clock1)
  Path Group: ideal_clock1
  Path Type: max

  Point                                    Incr       Path
  -----------------------------------------------------------
  clock ideal_clock1 (rise edge)           0.00       0.00
  clock network delay (ideal)              0.00       0.00
  input external delay                     2.00       2.00 f
  G6 (in)                                  0.00 @     2.00 f
  U8/Y (INVX1_RVT)                         0.10 @     2.10 r
  U459/Y (NAND3X0_RVT)                     0.13 &     2.23 f
  U460/Y (NAND3X0_RVT)                     0.09 &     2.32 r
  U463/Y (OA221X1_RVT)                     0.13 &     2.45 r
  U464/Y (OR2X1_RVT)                       0.07 &     2.52 r
  U421/Y (AND2X1_RVT)                      0.07 &     2.59 r
  U419/Y (AND2X1_RVT)                      0.06 &     2.65 r
  U404/Y (AND2X1_RVT)                      0.12 &     2.77 r
  U17/Y (INVX0_RVT)                        0.09 &     2.86 f
  U587/Y (OAI222X1_RVT)                    0.20 &     3.06 r
  G552 (out)                               0.00 &     3.06 r
  data arrival time                                   3.06

  clock ideal_clock1 (rise edge)          10.00      10.00
  clock network delay (ideal)              0.00      10.00
  output external delay                   -2.00       8.00
  data required time                                  8.00
  -----------------------------------------------------------
  data required time                                  8.00
  data arrival time                                  -3.06
  -----------------------------------------------------------
  slack (MET)                                         4.94


  Startpoint: G6 (input port clocked by ideal_clock1)
  Endpoint: G542 (output port clocked by ideal_clock1)
  Path Group: ideal_clock1
  Path Type: max

  Point                                    Incr       Path
  -----------------------------------------------------------
  clock ideal_clock1 (rise edge)           0.00       0.00
  clock network delay (ideal)              0.00       0.00
  input external delay                     2.00       2.00 r
  G6 (in)                                  0.00 @     2.00 r
  U8/Y (INVX1_RVT)                         0.09 @     2.09 f
  U459/Y (NAND3X0_RVT)                     0.12 &     2.21 r
  U460/Y (NAND3X0_RVT)                     0.09 &     2.30 f
  U463/Y (OA221X1_RVT)                     0.16 &     2.46 f
  U464/Y (OR2X1_RVT)                       0.07 &     2.53 f
  U421/Y (AND2X1_RVT)                      0.07 &     2.60 f
  U419/Y (AND2X1_RVT)                      0.06 &     2.66 f
  U404/Y (AND2X1_RVT)                      0.11 &     2.78 f
  U535/Y (AOI22X1_RVT)                     0.11 &     2.89 r
  U536/Y (OR3X1_RVT)                       0.07 &     2.96 r
  U610/Y (NAND3X0_RVT)                     0.08 &     3.04 f
  G542 (out)                               0.00 &     3.04 f
  data arrival time                                   3.04

  clock ideal_clock1 (rise edge)          10.00      10.00
  clock network delay (ideal)              0.00      10.00
  output external delay                   -2.00       8.00
  data required time                                  8.00
  -----------------------------------------------------------
  data required time                                  8.00
  data arrival time                                  -3.04
  -----------------------------------------------------------
  slack (MET)                                         4.96


  Startpoint: G10 (input port clocked by ideal_clock1)
  Endpoint: G539 (output port clocked by ideal_clock1)
  Path Group: ideal_clock1
  Path Type: max

  Point                                    Incr       Path
  -----------------------------------------------------------
  clock ideal_clock1 (rise edge)           0.00       0.00
  clock network delay (ideal)              0.00       0.00
  input external delay                     2.00       2.00 f
  G10 (in)                                 0.00 @     2.00 f
  U12/Y (INVX1_RVT)                        0.06 @     2.06 r
  U478/Y (NAND2X0_RVT)                     0.14 &     2.20 f
  U444/Y (OR4X1_RVT)                       0.23 &     2.43 f
  U398/Y (OR2X1_RVT)                       0.06 &     2.48 f
  U397/Y (AND2X1_RVT)                      0.05 &     2.53 f
  U394/Y (OA21X1_RVT)                      0.07 &     2.60 f
  U393/Y (AND2X1_RVT)                      0.06 &     2.66 f
  U391/Y (OA21X1_RVT)                      0.07 &     2.73 f
  U388/Y (NAND2X0_RVT)                     0.07 &     2.80 r
  U387/Y (OA22X1_RVT)                      0.10 &     2.90 r
  U559/Y (OAI22X1_RVT)                     0.10 &     3.00 f
  G539 (out)                               0.00 &     3.00 f
  data arrival time                                   3.00

  clock ideal_clock1 (rise edge)          10.00      10.00
  clock network delay (ideal)              0.00      10.00
  output external delay                   -2.00       8.00
  data required time                                  8.00
  -----------------------------------------------------------
  data required time                                  8.00
  data arrival time                                  -3.00
  -----------------------------------------------------------
  slack (MET)                                         5.00


  Startpoint: G6 (input port clocked by ideal_clock1)
  Endpoint: G548 (output port clocked by ideal_clock1)
  Path Group: ideal_clock1
  Path Type: max

  Point                                    Incr       Path
  -----------------------------------------------------------
  clock ideal_clock1 (rise edge)           0.00       0.00
  clock network delay (ideal)              0.00       0.00
  input external delay                     2.00       2.00 r
  G6 (in)                                  0.00 @     2.00 r
  U8/Y (INVX1_RVT)                         0.09 @     2.09 f
  U459/Y (NAND3X0_RVT)                     0.12 &     2.21 r
  U460/Y (NAND3X0_RVT)                     0.09 &     2.30 f
  U463/Y (OA221X1_RVT)                     0.16 &     2.46 f
  U464/Y (OR2X1_RVT)                       0.07 &     2.53 f
  U421/Y (AND2X1_RVT)                      0.07 &     2.60 f
  U419/Y (AND2X1_RVT)                      0.06 &     2.66 f
  U404/Y (AND2X1_RVT)                      0.11 &     2.78 f
  U17/Y (INVX0_RVT)                        0.11 &     2.88 r
  U447/Y (OAI22X1_RVT)                     0.11 &     3.00 f
  G548 (out)                               0.00 &     3.00 f
  data arrival time                                   3.00

  clock ideal_clock1 (rise edge)          10.00      10.00
  clock network delay (ideal)              0.00      10.00
  output external delay                   -2.00       8.00
  data required time                                  8.00
  -----------------------------------------------------------
  data required time                                  8.00
  data arrival time                                  -3.00
  -----------------------------------------------------------
  slack (MET)                                         5.00


  Startpoint: G6 (input port clocked by ideal_clock1)
  Endpoint: G551 (output port clocked by ideal_clock1)
  Path Group: ideal_clock1
  Path Type: max

  Point                                    Incr       Path
  -----------------------------------------------------------
  clock ideal_clock1 (rise edge)           0.00       0.00
  clock network delay (ideal)              0.00       0.00
  input external delay                     2.00       2.00 r
  G6 (in)                                  0.00 @     2.00 r
  U8/Y (INVX1_RVT)                         0.09 @     2.09 f
  U459/Y (NAND3X0_RVT)                     0.12 &     2.21 r
  U460/Y (NAND3X0_RVT)                     0.09 &     2.30 f
  U463/Y (OA221X1_RVT)                     0.16 &     2.46 f
  U464/Y (OR2X1_RVT)                       0.07 &     2.53 f
  U421/Y (AND2X1_RVT)                      0.07 &     2.60 f
  U419/Y (AND2X1_RVT)                      0.06 &     2.66 f
  U404/Y (AND2X1_RVT)                      0.11 &     2.78 f
  U411/Y (NAND3X0_RVT)                     0.09 &     2.86 r
  U581/Y (NAND4X0_RVT)                     0.11 &     2.98 f
  G551 (out)                               0.00 &     2.98 f
  data arrival time                                   2.98

  clock ideal_clock1 (rise edge)          10.00      10.00
  clock network delay (ideal)              0.00      10.00
  output external delay                   -2.00       8.00
  data required time                                  8.00
  -----------------------------------------------------------
  data required time                                  8.00
  data arrival time                                  -2.98
  -----------------------------------------------------------
  slack (MET)                                         5.02


  Startpoint: G6 (input port clocked by ideal_clock1)
  Endpoint: G547 (output port clocked by ideal_clock1)
  Path Group: ideal_clock1
  Path Type: max

  Point                                    Incr       Path
  -----------------------------------------------------------
  clock ideal_clock1 (rise edge)           0.00       0.00
  clock network delay (ideal)              0.00       0.00
  input external delay                     2.00       2.00 r
  G6 (in)                                  0.00 @     2.00 r
  U8/Y (INVX1_RVT)                         0.09 @     2.09 f
  U459/Y (NAND3X0_RVT)                     0.12 &     2.21 r
  U460/Y (NAND3X0_RVT)                     0.09 &     2.30 f
  U463/Y (OA221X1_RVT)                     0.16 &     2.46 f
  U464/Y (OR2X1_RVT)                       0.07 &     2.53 f
  U421/Y (AND2X1_RVT)                      0.07 &     2.60 f
  U419/Y (AND2X1_RVT)                      0.06 &     2.66 f
  U404/Y (AND2X1_RVT)                      0.11 &     2.78 f
  U564/Y (AO22X1_RVT)                      0.09 &     2.87 f
  G547 (out)                               0.00 &     2.87 f
  data arrival time                                   2.87

  clock ideal_clock1 (rise edge)          10.00      10.00
  clock network delay (ideal)              0.00      10.00
  output external delay                   -2.00       8.00
  data required time                                  8.00
  -----------------------------------------------------------
  data required time                                  8.00
  data arrival time                                  -2.87
  -----------------------------------------------------------
  slack (MET)                                         5.13


  Startpoint: G6 (input port clocked by ideal_clock1)
  Endpoint: DFF_12/q_reg
            (rising edge-triggered flip-flop clocked by ideal_clock1)
  Path Group: ideal_clock1
  Path Type: max

  Point                                    Incr       Path
  -----------------------------------------------------------
  clock ideal_clock1 (rise edge)           0.00       0.00
  clock network delay (ideal)              0.00       0.00
  input external delay                     2.00       2.00 r
  G6 (in)                                  0.00 @     2.00 r
  U8/Y (INVX1_RVT)                         0.09 @     2.09 f
  U459/Y (NAND3X0_RVT)                     0.12 &     2.21 r
  U460/Y (NAND3X0_RVT)                     0.09 &     2.30 f
  U463/Y (OA221X1_RVT)                     0.16 &     2.46 f
  U464/Y (OR2X1_RVT)                       0.07 &     2.53 f
  U421/Y (AND2X1_RVT)                      0.07 &     2.60 f
  U419/Y (AND2X1_RVT)                      0.06 &     2.66 f
  U404/Y (AND2X1_RVT)                      0.11 &     2.78 f
  U535/Y (AOI22X1_RVT)                     0.11 &     2.89 r
  U536/Y (OR3X1_RVT)                       0.07 &     2.96 r
  U537/Y (AND2X1_RVT)                      0.06 &     3.02 r
  DFF_12/q_reg/RSTB (DFFSSRX1_RVT)         0.00 &     3.02 r
  data arrival time                                   3.02

  clock ideal_clock1 (rise edge)          10.00      10.00
  clock network delay (propagated)         0.00      10.00
  DFF_12/q_reg/CLK (DFFSSRX1_RVT)          0.00      10.00 r
  library setup time                      -0.13       9.87
  data required time                                  9.87
  -----------------------------------------------------------
  data required time                                  9.87
  data arrival time                                  -3.02
  -----------------------------------------------------------
  slack (MET)                                         6.85


  Startpoint: G10 (input port clocked by ideal_clock1)
  Endpoint: DFF_16/q_reg
            (rising edge-triggered flip-flop clocked by ideal_clock1)
  Path Group: ideal_clock1
  Path Type: max

  Point                                    Incr       Path
  -----------------------------------------------------------
  clock ideal_clock1 (rise edge)           0.00       0.00
  clock network delay (ideal)              0.00       0.00
  input external delay                     2.00       2.00 f
  G10 (in)                                 0.00 @     2.00 f
  U12/Y (INVX1_RVT)                        0.06 @     2.06 r
  U478/Y (NAND2X0_RVT)                     0.14 &     2.20 f
  U444/Y (OR4X1_RVT)                       0.23 &     2.43 f
  U398/Y (OR2X1_RVT)                       0.06 &     2.48 f
  U397/Y (AND2X1_RVT)                      0.05 &     2.53 f
  U394/Y (OA21X1_RVT)                      0.07 &     2.60 f
  U393/Y (AND2X1_RVT)                      0.06 &     2.66 f
  U391/Y (OA21X1_RVT)                      0.07 &     2.73 f
  U388/Y (NAND2X0_RVT)                     0.07 &     2.80 r
  U382/Y (AND2X1_RVT)                      0.07 &     2.87 r
  U299/Y (OA21X1_RVT)                      0.09 &     2.96 r
  U381/Y (OR2X1_RVT)                       0.07 &     3.03 r
  DFF_16/q_reg/D (DFFX1_RVT)               0.00 &     3.03 r
  data arrival time                                   3.03

  clock ideal_clock1 (rise edge)          10.00      10.00
  clock network delay (propagated)         0.00      10.00
  DFF_16/q_reg/CLK (DFFX1_RVT)             0.00      10.00 r
  library setup time                      -0.06       9.94
  data required time                                  9.94
  -----------------------------------------------------------
  data required time                                  9.94
  data arrival time                                  -3.03
  -----------------------------------------------------------
  slack (MET)                                         6.91


  Startpoint: G4 (input port clocked by ideal_clock1)
  Endpoint: DFF_5/q_reg
            (rising edge-triggered flip-flop clocked by ideal_clock1)
  Path Group: ideal_clock1
  Path Type: max

  Point                                    Incr       Path
  -----------------------------------------------------------
  clock ideal_clock1 (rise edge)           0.00       0.00
  clock network delay (ideal)              0.00       0.00
  input external delay                     2.00       2.00 f
  G4 (in)                                  0.00 @     2.00 f
  U6/Y (INVX1_RVT)                         0.06 @     2.06 r
  U341/Y (NAND3X0_RVT)                     0.20 &     2.26 f
  U503/Y (AO21X1_RVT)                      0.18 &     2.44 f
  U504/Y (NAND2X0_RVT)                     0.08 &     2.52 r
  U509/Y (OA221X1_RVT)                     0.14 &     2.66 r
  U431/Y (NAND2X0_RVT)                     0.12 &     2.78 f
  U592/Y (NAND2X0_RVT)                     0.12 &     2.90 r
  DFF_5/q_reg/D (DFFX1_RVT)                0.00 &     2.90 r
  data arrival time                                   2.90

  clock ideal_clock1 (rise edge)          10.00      10.00
  clock network delay (propagated)         0.00      10.00
  DFF_5/q_reg/CLK (DFFX1_RVT)              0.00      10.00 r
  library setup time                      -0.09       9.91
  data required time                                  9.91
  -----------------------------------------------------------
  data required time                                  9.91
  data arrival time                                  -2.90
  -----------------------------------------------------------
  slack (MET)                                         7.01


  Startpoint: G6 (input port clocked by ideal_clock1)
  Endpoint: DFF_4/q_reg
            (rising edge-triggered flip-flop clocked by ideal_clock1)
  Path Group: ideal_clock1
  Path Type: max

  Point                                    Incr       Path
  -----------------------------------------------------------
  clock ideal_clock1 (rise edge)           0.00       0.00
  clock network delay (ideal)              0.00       0.00
  input external delay                     2.00       2.00 f
  G6 (in)                                  0.00 @     2.00 f
  U8/Y (INVX1_RVT)                         0.10 @     2.10 r
  U459/Y (NAND3X0_RVT)                     0.13 &     2.23 f
  U460/Y (NAND3X0_RVT)                     0.09 &     2.32 r
  U463/Y (OA221X1_RVT)                     0.13 &     2.45 r
  U464/Y (OR2X1_RVT)                       0.07 &     2.52 r
  U421/Y (AND2X1_RVT)                      0.07 &     2.59 r
  U303/Y (AND2X1_RVT)                      0.06 &     2.65 r
  U589/Y (NAND3X0_RVT)                     0.06 &     2.70 f
  U591/Y (OA22X1_RVT)                      0.10 &     2.80 f
  DFF_4/q_reg/D (DFFX1_RVT)                0.00 &     2.80 f
  data arrival time                                   2.80

  clock ideal_clock1 (rise edge)          10.00      10.00
  clock network delay (propagated)         0.00      10.00
  DFF_4/q_reg/CLK (DFFX1_RVT)              0.00      10.00 r
  library setup time                      -0.06       9.94
  data required time                                  9.94
  -----------------------------------------------------------
  data required time                                  9.94
  data arrival time                                  -2.80
  -----------------------------------------------------------
  slack (MET)                                         7.14


  Startpoint: G3 (input port clocked by ideal_clock1)
  Endpoint: DFF_14/q_reg
            (rising edge-triggered flip-flop clocked by ideal_clock1)
  Path Group: ideal_clock1
  Path Type: max

  Point                                    Incr       Path
  -----------------------------------------------------------
  clock ideal_clock1 (rise edge)           0.00       0.00
  clock network delay (ideal)              0.00       0.00
  input external delay                     2.00       2.00 r
  G3 (in)                                  0.00 @     2.00 r
  U410/Y (NAND2X0_RVT)                     0.08 @     2.08 f
  U15/Y (INVX1_RVT)                        0.12 &     2.20 r
  U320/Y (NAND2X0_RVT)                     0.12 &     2.32 f
  U598/Y (OA221X1_RVT)                     0.16 &     2.48 f
  U599/Y (OA221X1_RVT)                     0.09 &     2.57 f
  DFF_14/q_reg/D (DFFX1_RVT)               0.00 &     2.57 f
  data arrival time                                   2.57

  clock ideal_clock1 (rise edge)          10.00      10.00
  clock network delay (propagated)         0.00      10.00
  DFF_14/q_reg/CLK (DFFX1_RVT)             0.00      10.00 r
  library setup time                      -0.07       9.93
  data required time                                  9.93
  -----------------------------------------------------------
  data required time                                  9.93
  data arrival time                                  -2.57
  -----------------------------------------------------------
  slack (MET)                                         7.36


  Startpoint: G10 (input port clocked by ideal_clock1)
  Endpoint: DFF_15/q_reg
            (rising edge-triggered flip-flop clocked by ideal_clock1)
  Path Group: ideal_clock1
  Path Type: max

  Point                                    Incr       Path
  -----------------------------------------------------------
  clock ideal_clock1 (rise edge)           0.00       0.00
  clock network delay (ideal)              0.00       0.00
  input external delay                     2.00       2.00 r
  G10 (in)                                 0.00 @     2.00 r
  U12/Y (INVX1_RVT)                        0.06 @     2.06 f
  U348/Y (OR2X1_RVT)                       0.11 &     2.18 f
  U423/Y (OR4X1_RVT)                       0.16 &     2.34 f
  U321/Y (INVX1_RVT)                       0.03 &     2.37 r
  U310/Y (NAND3X0_RVT)                     0.05 &     2.42 f
  U523/Y (AND2X1_RVT)                      0.08 &     2.50 f
  U524/Y (OA21X1_RVT)                      0.07 &     2.57 f
  DFF_15/q_reg/D (DFFX1_RVT)               0.00 &     2.57 f
  data arrival time                                   2.57

  clock ideal_clock1 (rise edge)          10.00      10.00
  clock network delay (propagated)         0.00      10.00
  DFF_15/q_reg/CLK (DFFX1_RVT)             0.00      10.00 r
  library setup time                      -0.06       9.94
  data required time                                  9.94
  -----------------------------------------------------------
  data required time                                  9.94
  data arrival time                                  -2.57
  -----------------------------------------------------------
  slack (MET)                                         7.37


  Startpoint: G10 (input port clocked by ideal_clock1)
  Endpoint: DFF_7/q_reg
            (rising edge-triggered flip-flop clocked by ideal_clock1)
  Path Group: ideal_clock1
  Path Type: max

  Point                                    Incr       Path
  -----------------------------------------------------------
  clock ideal_clock1 (rise edge)           0.00       0.00
  clock network delay (ideal)              0.00       0.00
  input external delay                     2.00       2.00 r
  G10 (in)                                 0.00 @     2.00 r
  U12/Y (INVX1_RVT)                        0.06 @     2.06 f
  U348/Y (OR2X1_RVT)                       0.11 &     2.18 f
  U423/Y (OR4X1_RVT)                       0.16 &     2.34 f
  U474/Y (INVX1_RVT)                       0.04 &     2.38 r
  U593/Y (NAND2X0_RVT)                     0.04 &     2.41 f
  U594/Y (NAND2X0_RVT)                     0.10 &     2.51 r
  DFF_7/q_reg/D (DFFX1_RVT)                0.00 &     2.51 r
  data arrival time                                   2.51

  clock ideal_clock1 (rise edge)          10.00      10.00
  clock network delay (propagated)         0.00      10.00
  DFF_7/q_reg/CLK (DFFX1_RVT)              0.00      10.00 r
  library setup time                      -0.09       9.91
  data required time                                  9.91
  -----------------------------------------------------------
  data required time                                  9.91
  data arrival time                                  -2.51
  -----------------------------------------------------------
  slack (MET)                                         7.40


  Startpoint: G6 (input port clocked by ideal_clock1)
  Endpoint: DFF_3/q_reg
            (rising edge-triggered flip-flop clocked by ideal_clock1)
  Path Group: ideal_clock1
  Path Type: max

  Point                                    Incr       Path
  -----------------------------------------------------------
  clock ideal_clock1 (rise edge)           0.00       0.00
  clock network delay (ideal)              0.00       0.00
  input external delay                     2.00       2.00 r
  G6 (in)                                  0.00 @     2.00 r
  U377/Y (NAND2X0_RVT)                     0.10 @     2.10 f
  U407/Y (OR2X1_RVT)                       0.14 &     2.24 f
  U328/Y (INVX1_RVT)                       0.06 &     2.31 r
  U316/Y (OA22X1_RVT)                      0.11 &     2.41 r
  U601/Y (NAND3X0_RVT)                     0.07 &     2.48 f
  DFF_3/q_reg/D (DFFX1_RVT)                0.00 &     2.48 f
  data arrival time                                   2.48

  clock ideal_clock1 (rise edge)          10.00      10.00
  clock network delay (propagated)         0.00      10.00
  DFF_3/q_reg/CLK (DFFX1_RVT)              0.00      10.00 r
  library setup time                      -0.09       9.91
  data required time                                  9.91
  -----------------------------------------------------------
  data required time                                  9.91
  data arrival time                                  -2.48
  -----------------------------------------------------------
  slack (MET)                                         7.43


1
