 
****************************************
  Report : Chip Summary
  Design : s1238
  Version: L-2016.03-SP5-1
  Date   : Fri Mar  8 23:35:26 2019
****************************************
Std cell utilization: 58.08%  (2842/(4893-0))
(Non-fixed + Fixed)
Std cell utilization: 58.08%  (2842/(4893-0))
(Non-fixed only)
Chip area:            4893     sites, bbox (5.00 5.00 40.42 40.11) um
Std cell area:        2842     sites, (non-fixed:2842   fixed:0)
                      319      cells, (non-fixed:319    fixed:0)
Macro cell area:      0        sites
                      0        cells
Placement blockages:  0        sites, (excluding fixed std cells)
                      0        sites, (include fixed std cells & chimney area)
                      0        sites, (complete p/g net blockages)
Routing blockages:    0        sites, (partial p/g net blockages)
                      0        sites, (routing blockages and signal pre-route)
Lib cell count:       26 
Avg. std cell width:  1.73 um 
Site array:           unit     (width: 0.152 um, height: 1.672 um, rows: 21)
Physical DB scale:    1000 db_unit = 1 um 

 
****************************************
  Report : pnet options
  Design : s1238
  Version: L-2016.03-SP5-1
  Date   : Fri Mar  8 23:35:26 2019
****************************************


--------------------------------------------------------------------
Layer      Blockage   Min_width   Min_height   Via_additive     Density
--------------------------------------------------------------------
M1         none          ---         ---       via additive      ---
M2         none          ---         ---       via additive      ---
M3         none          ---         ---       via additive      ---
M4         none          ---         ---       via additive      ---
M5         none          ---         ---       via additive      ---
M6         none          ---         ---       via additive      ---
M7         none          ---         ---       via additive      ---
M8         none          ---         ---       via additive      ---
M9         none          ---         ---       via additive      ---
MRDL       none          ---         ---       via additive      ---

**********************************
      Sub-Region Utilization      
**********************************
Number of regions with placement utilization 0 - 0.125 is 2 (8.00%)
Number of regions with placement utilization 0.125 - 0.25 is 0 (0.00%)
Number of regions with placement utilization 0.25 - 0.375 is 1 (4.00%)
Number of regions with placement utilization 0.375 - 0.5 is 2 (8.00%)
Number of regions with placement utilization 0.5 - 0.625 is 6 (24.00%)
Number of regions with placement utilization 0.625 - 0.75 is 6 (24.00%)
Number of regions with placement utilization 0.75 - 0.875 is 5 (20.00%)
Number of regions with placement utilization 0.875 - 1 is 3 (12.00%)
1
