 
****************************************
Report : timing
        -path full
        -delay min
        -max_paths 20
Design : s15850
Version: L-2016.03-SP5-1
Date   : Fri Mar  1 16:16:48 2019
****************************************

 * Some/all delay information is back-annotated.

Operating Conditions: ss0p95v25c   Library: saed32rvt_ss0p95v25c
	Parasitic source    : LPE
	Parasitic mode      : RealRVirtualC
	Extraction mode     : MIN_MAX
	Extraction derating : 25/25/25

Information: Percent of Arnoldi-based delays =  9.04%

Information: Percent of CCS-based delays =  8.28%

  Startpoint: DFF_398/q_reg
              (rising edge-triggered flip-flop clocked by ideal_clock1)
  Endpoint: DFF_188/q_reg
            (rising edge-triggered flip-flop clocked by ideal_clock1)
  Path Group: ideal_clock1
  Path Type: min

  Point                                    Incr       Path
  -----------------------------------------------------------
  clock ideal_clock1 (rise edge)           0.00       0.00
  clock network delay (propagated)         0.06       0.06
  DFF_398/q_reg/CLK (DFFX1_RVT)            0.00       0.06 r
  DFF_398/q_reg/Q (DFFX1_RVT)              0.17       0.23 f
  DFF_188/q_reg/D (DFFX1_RVT)              0.00 *     0.23 f
  data arrival time                                   0.23

  clock ideal_clock1 (rise edge)           0.00       0.00
  clock network delay (propagated)         0.09       0.09
  DFF_188/q_reg/CLK (DFFX1_RVT)            0.00       0.09 r
  library hold time                        0.01       0.10
  data required time                                  0.10
  -----------------------------------------------------------
  data required time                                  0.10
  data arrival time                                  -0.23
  -----------------------------------------------------------
  slack (MET)                                         0.13


  Startpoint: DFF_357/q_reg
              (rising edge-triggered flip-flop clocked by ideal_clock1)
  Endpoint: DFF_441/q_reg
            (rising edge-triggered flip-flop clocked by ideal_clock1)
  Path Group: ideal_clock1
  Path Type: min

  Point                                    Incr       Path
  -----------------------------------------------------------
  clock ideal_clock1 (rise edge)           0.00       0.00
  clock network delay (propagated)         0.08       0.08
  DFF_357/q_reg/CLK (DFFX1_RVT)            0.00       0.08 r
  DFF_357/q_reg/Q (DFFX1_RVT)              0.18       0.26 f
  DFF_441/q_reg/D (DFFX1_RVT)              0.00 *     0.26 f
  data arrival time                                   0.26

  clock ideal_clock1 (rise edge)           0.00       0.00
  clock network delay (propagated)         0.09       0.09
  DFF_441/q_reg/CLK (DFFX1_RVT)            0.00       0.09 r
  library hold time                        0.01       0.10
  data required time                                  0.10
  -----------------------------------------------------------
  data required time                                  0.10
  data arrival time                                  -0.26
  -----------------------------------------------------------
  slack (MET)                                         0.15


  Startpoint: DFF_127/q_reg
              (rising edge-triggered flip-flop clocked by ideal_clock1)
  Endpoint: DFF_412/q_reg
            (rising edge-triggered flip-flop clocked by ideal_clock1)
  Path Group: ideal_clock1
  Path Type: min

  Point                                    Incr       Path
  -----------------------------------------------------------
  clock ideal_clock1 (rise edge)           0.00       0.00
  clock network delay (propagated)         0.06       0.06
  DFF_127/q_reg/CLK (DFFX1_RVT)            0.00       0.06 r
  DFF_127/q_reg/Q (DFFX1_RVT)              0.18       0.24 f
  DFF_412/q_reg/D (DFFX1_RVT)              0.00 *     0.24 f
  data arrival time                                   0.24

  clock ideal_clock1 (rise edge)           0.00       0.00
  clock network delay (propagated)         0.08       0.08
  DFF_412/q_reg/CLK (DFFX1_RVT)            0.00       0.08 r
  library hold time                        0.00       0.09
  data required time                                  0.09
  -----------------------------------------------------------
  data required time                                  0.09
  data arrival time                                  -0.24
  -----------------------------------------------------------
  slack (MET)                                         0.16


  Startpoint: DFF_347/q_reg
              (rising edge-triggered flip-flop clocked by ideal_clock1)
  Endpoint: DFF_248/q_reg
            (rising edge-triggered flip-flop clocked by ideal_clock1)
  Path Group: ideal_clock1
  Path Type: min

  Point                                    Incr       Path
  -----------------------------------------------------------
  clock ideal_clock1 (rise edge)           0.00       0.00
  clock network delay (propagated)         0.06       0.06
  DFF_347/q_reg/CLK (DFFX1_RVT)            0.00       0.06 r
  DFF_347/q_reg/Q (DFFX1_RVT)              0.19       0.25 f
  DFF_248/q_reg/D (DFFX1_RVT)              0.00 *     0.25 f
  data arrival time                                   0.25

  clock ideal_clock1 (rise edge)           0.00       0.00
  clock network delay (propagated)         0.08       0.08
  DFF_248/q_reg/CLK (DFFX1_RVT)            0.00       0.08 r
  library hold time                        0.00       0.08
  data required time                                  0.08
  -----------------------------------------------------------
  data required time                                  0.08
  data arrival time                                  -0.25
  -----------------------------------------------------------
  slack (MET)                                         0.17


  Startpoint: DFF_393/q_reg
              (rising edge-triggered flip-flop clocked by ideal_clock1)
  Endpoint: DFF_433/q_reg
            (rising edge-triggered flip-flop clocked by ideal_clock1)
  Path Group: ideal_clock1
  Path Type: min

  Point                                    Incr       Path
  -----------------------------------------------------------
  clock ideal_clock1 (rise edge)           0.00       0.00
  clock network delay (propagated)         0.06       0.06
  DFF_393/q_reg/CLK (DFFX1_RVT)            0.00       0.06 r
  DFF_393/q_reg/Q (DFFX1_RVT)              0.19       0.25 f
  DFF_433/q_reg/D (DFFX1_RVT)              0.00 *     0.25 f
  data arrival time                                   0.25

  clock ideal_clock1 (rise edge)           0.00       0.00
  clock network delay (propagated)         0.08       0.08
  DFF_433/q_reg/CLK (DFFX1_RVT)            0.00       0.08 r
  library hold time                        0.00       0.08
  data required time                                  0.08
  -----------------------------------------------------------
  data required time                                  0.08
  data arrival time                                  -0.25
  -----------------------------------------------------------
  slack (MET)                                         0.17


  Startpoint: DFF_360/q_reg
              (rising edge-triggered flip-flop clocked by ideal_clock1)
  Endpoint: DFF_267/q_reg
            (rising edge-triggered flip-flop clocked by ideal_clock1)
  Path Group: ideal_clock1
  Path Type: min

  Point                                    Incr       Path
  -----------------------------------------------------------
  clock ideal_clock1 (rise edge)           0.00       0.00
  clock network delay (propagated)         0.06       0.06
  DFF_360/q_reg/CLK (DFFX1_RVT)            0.00       0.06 r
  DFF_360/q_reg/Q (DFFX1_RVT)              0.20       0.26 f
  DFF_267/q_reg/D (DFFX1_RVT)              0.00 *     0.26 f
  data arrival time                                   0.26

  clock ideal_clock1 (rise edge)           0.00       0.00
  clock network delay (propagated)         0.09       0.09
  DFF_267/q_reg/CLK (DFFX1_RVT)            0.00       0.09 r
  library hold time                        0.00       0.09
  data required time                                  0.09
  -----------------------------------------------------------
  data required time                                  0.09
  data arrival time                                  -0.26
  -----------------------------------------------------------
  slack (MET)                                         0.17


  Startpoint: DFF_99/q_reg
              (rising edge-triggered flip-flop clocked by ideal_clock1)
  Endpoint: DFF_367/q_reg
            (rising edge-triggered flip-flop clocked by ideal_clock1)
  Path Group: ideal_clock1
  Path Type: min

  Point                                    Incr       Path
  -----------------------------------------------------------
  clock ideal_clock1 (rise edge)           0.00       0.00
  clock network delay (propagated)         0.06       0.06
  DFF_99/q_reg/CLK (DFFX1_RVT)             0.00       0.06 r
  DFF_99/q_reg/Q (DFFX1_RVT)               0.19       0.25 f
  DFF_367/q_reg/D (DFFX1_RVT)              0.00 *     0.25 f
  data arrival time                                   0.25

  clock ideal_clock1 (rise edge)           0.00       0.00
  clock network delay (propagated)         0.08       0.08
  DFF_367/q_reg/CLK (DFFX1_RVT)            0.00       0.08 r
  library hold time                        0.00       0.08
  data required time                                  0.08
  -----------------------------------------------------------
  data required time                                  0.08
  data arrival time                                  -0.25
  -----------------------------------------------------------
  slack (MET)                                         0.18


  Startpoint: DFF_226/q_reg
              (rising edge-triggered flip-flop clocked by ideal_clock1)
  Endpoint: DFF_215/q_reg
            (rising edge-triggered flip-flop clocked by ideal_clock1)
  Path Group: ideal_clock1
  Path Type: min

  Point                                    Incr       Path
  -----------------------------------------------------------
  clock ideal_clock1 (rise edge)           0.00       0.00
  clock network delay (propagated)         0.08       0.08
  DFF_226/q_reg/CLK (DFFX1_RVT)            0.00       0.08 r
  DFF_226/q_reg/Q (DFFX1_RVT)              0.18       0.26 f
  DFF_215/q_reg/D (DFFX1_RVT)              0.00 *     0.26 f
  data arrival time                                   0.26

  clock ideal_clock1 (rise edge)           0.00       0.00
  clock network delay (propagated)         0.08       0.08
  DFF_215/q_reg/CLK (DFFX1_RVT)            0.00       0.08 r
  library hold time                        0.00       0.08
  data required time                                  0.08
  -----------------------------------------------------------
  data required time                                  0.08
  data arrival time                                  -0.26
  -----------------------------------------------------------
  slack (MET)                                         0.18


  Startpoint: DFF_137/q_reg
              (rising edge-triggered flip-flop clocked by ideal_clock1)
  Endpoint: DFF_299/q_reg
            (rising edge-triggered flip-flop clocked by ideal_clock1)
  Path Group: ideal_clock1
  Path Type: min

  Point                                    Incr       Path
  -----------------------------------------------------------
  clock ideal_clock1 (rise edge)           0.00       0.00
  clock network delay (propagated)         0.08       0.08
  DFF_137/q_reg/CLK (DFFX1_RVT)            0.00       0.08 r
  DFF_137/q_reg/Q (DFFX1_RVT)              0.18       0.26 f
  DFF_299/q_reg/D (DFFX1_RVT)              0.00 *     0.26 f
  data arrival time                                   0.26

  clock ideal_clock1 (rise edge)           0.00       0.00
  clock network delay (propagated)         0.08       0.08
  DFF_299/q_reg/CLK (DFFX1_RVT)            0.00       0.08 r
  library hold time                        0.00       0.08
  data required time                                  0.08
  -----------------------------------------------------------
  data required time                                  0.08
  data arrival time                                  -0.26
  -----------------------------------------------------------
  slack (MET)                                         0.18


  Startpoint: DFF_318/q_reg
              (rising edge-triggered flip-flop clocked by ideal_clock1)
  Endpoint: DFF_233/q_reg
            (rising edge-triggered flip-flop clocked by ideal_clock1)
  Path Group: ideal_clock1
  Path Type: min

  Point                                    Incr       Path
  -----------------------------------------------------------
  clock ideal_clock1 (rise edge)           0.00       0.00
  clock network delay (propagated)         0.10       0.10
  DFF_318/q_reg/CLK (DFFX1_RVT)            0.00       0.10 r
  DFF_318/q_reg/Q (DFFX1_RVT)              0.19       0.29 f
  DFF_233/q_reg/D (DFFX1_RVT)              0.00 *     0.29 f
  data arrival time                                   0.29

  clock ideal_clock1 (rise edge)           0.00       0.00
  clock network delay (propagated)         0.10       0.10
  DFF_233/q_reg/CLK (DFFX1_RVT)            0.00       0.10 r
  library hold time                        0.01       0.11
  data required time                                  0.11
  -----------------------------------------------------------
  data required time                                  0.11
  data arrival time                                  -0.29
  -----------------------------------------------------------
  slack (MET)                                         0.18


  Startpoint: DFF_68/q_reg
              (rising edge-triggered flip-flop clocked by ideal_clock1)
  Endpoint: DFF_80/q_reg
            (rising edge-triggered flip-flop clocked by ideal_clock1)
  Path Group: ideal_clock1
  Path Type: min

  Point                                    Incr       Path
  -----------------------------------------------------------
  clock ideal_clock1 (rise edge)           0.00       0.00
  clock network delay (propagated)         0.09       0.09
  DFF_68/q_reg/CLK (DFFX1_RVT)             0.00       0.09 r
  DFF_68/q_reg/Q (DFFX1_RVT)               0.19       0.28 f
  DFF_80/q_reg/D (DFFX1_RVT)               0.00 *     0.28 f
  data arrival time                                   0.28

  clock ideal_clock1 (rise edge)           0.00       0.00
  clock network delay (propagated)         0.09       0.09
  DFF_80/q_reg/CLK (DFFX1_RVT)             0.00       0.09 r
  library hold time                        0.01       0.09
  data required time                                  0.09
  -----------------------------------------------------------
  data required time                                  0.09
  data arrival time                                  -0.28
  -----------------------------------------------------------
  slack (MET)                                         0.18


  Startpoint: DFF_311/q_reg
              (rising edge-triggered flip-flop clocked by ideal_clock1)
  Endpoint: DFF_445/q_reg
            (rising edge-triggered flip-flop clocked by ideal_clock1)
  Path Group: ideal_clock1
  Path Type: min

  Point                                    Incr       Path
  -----------------------------------------------------------
  clock ideal_clock1 (rise edge)           0.00       0.00
  clock network delay (propagated)         0.08       0.08
  DFF_311/q_reg/CLK (DFFX1_RVT)            0.00       0.08 r
  DFF_311/q_reg/Q (DFFX1_RVT)              0.19       0.26 f
  DFF_445/q_reg/D (DFFX1_RVT)              0.00 *     0.26 f
  data arrival time                                   0.26

  clock ideal_clock1 (rise edge)           0.00       0.00
  clock network delay (propagated)         0.08       0.08
  DFF_445/q_reg/CLK (DFFX1_RVT)            0.00       0.08 r
  library hold time                        0.00       0.08
  data required time                                  0.08
  -----------------------------------------------------------
  data required time                                  0.08
  data arrival time                                  -0.26
  -----------------------------------------------------------
  slack (MET)                                         0.19


  Startpoint: DFF_397/q_reg
              (rising edge-triggered flip-flop clocked by ideal_clock1)
  Endpoint: DFF_265/q_reg
            (rising edge-triggered flip-flop clocked by ideal_clock1)
  Path Group: ideal_clock1
  Path Type: min

  Point                                    Incr       Path
  -----------------------------------------------------------
  clock ideal_clock1 (rise edge)           0.00       0.00
  clock network delay (propagated)         0.08       0.08
  DFF_397/q_reg/CLK (DFFX1_RVT)            0.00       0.08 r
  DFF_397/q_reg/Q (DFFX1_RVT)              0.19       0.27 f
  DFF_265/q_reg/D (DFFX1_RVT)              0.00 *     0.27 f
  data arrival time                                   0.27

  clock ideal_clock1 (rise edge)           0.00       0.00
  clock network delay (propagated)         0.08       0.08
  DFF_265/q_reg/CLK (DFFX1_RVT)            0.00       0.08 r
  library hold time                        0.00       0.08
  data required time                                  0.08
  -----------------------------------------------------------
  data required time                                  0.08
  data arrival time                                  -0.27
  -----------------------------------------------------------
  slack (MET)                                         0.19


  Startpoint: DFF_244/q_reg
              (rising edge-triggered flip-flop clocked by ideal_clock1)
  Endpoint: DFF_239/q_reg
            (rising edge-triggered flip-flop clocked by ideal_clock1)
  Path Group: ideal_clock1
  Path Type: min

  Point                                    Incr       Path
  -----------------------------------------------------------
  clock ideal_clock1 (rise edge)           0.00       0.00
  clock network delay (propagated)         0.08       0.08
  DFF_244/q_reg/CLK (DFFX1_RVT)            0.00       0.08 r
  DFF_244/q_reg/Q (DFFX1_RVT)              0.19       0.26 f
  DFF_239/q_reg/D (DFFX1_RVT)              0.00 *     0.26 f
  data arrival time                                   0.26

  clock ideal_clock1 (rise edge)           0.00       0.00
  clock network delay (propagated)         0.07       0.07
  DFF_239/q_reg/CLK (DFFX1_RVT)            0.00       0.07 r
  library hold time                        0.00       0.07
  data required time                                  0.07
  -----------------------------------------------------------
  data required time                                  0.07
  data arrival time                                  -0.26
  -----------------------------------------------------------
  slack (MET)                                         0.19


  Startpoint: DFF_191/q_reg
              (rising edge-triggered flip-flop clocked by ideal_clock1)
  Endpoint: DFF_336/q_reg
            (rising edge-triggered flip-flop clocked by ideal_clock1)
  Path Group: ideal_clock1
  Path Type: min

  Point                                    Incr       Path
  -----------------------------------------------------------
  clock ideal_clock1 (rise edge)           0.00       0.00
  clock network delay (propagated)         0.06       0.06
  DFF_191/q_reg/CLK (DFFX1_RVT)            0.00       0.06 r
  DFF_191/q_reg/QN (DFFX1_RVT)             0.16       0.22 r
  U2536/Y (NAND2X0_RVT)                    0.04 *     0.27 f
  DFF_336/q_reg/D (DFFX1_RVT)              0.00 *     0.27 f
  data arrival time                                   0.27

  clock ideal_clock1 (rise edge)           0.00       0.00
  clock network delay (propagated)         0.07       0.07
  DFF_336/q_reg/CLK (DFFX1_RVT)            0.00       0.07 r
  library hold time                        0.00       0.07
  data required time                                  0.07
  -----------------------------------------------------------
  data required time                                  0.07
  data arrival time                                  -0.27
  -----------------------------------------------------------
  slack (MET)                                         0.20


  Startpoint: DFF_222/q_reg
              (rising edge-triggered flip-flop clocked by ideal_clock1)
  Endpoint: DFF_175/q_reg
            (rising edge-triggered flip-flop clocked by ideal_clock1)
  Path Group: ideal_clock1
  Path Type: min

  Point                                    Incr       Path
  -----------------------------------------------------------
  clock ideal_clock1 (rise edge)           0.00       0.00
  clock network delay (propagated)         0.09       0.09
  DFF_222/q_reg/CLK (DFFX1_RVT)            0.00       0.09 r
  DFF_222/q_reg/Q (DFFX1_RVT)              0.20       0.29 f
  DFF_175/q_reg/D (DFFX1_RVT)              0.00 *     0.29 f
  data arrival time                                   0.29

  clock ideal_clock1 (rise edge)           0.00       0.00
  clock network delay (propagated)         0.09       0.09
  DFF_175/q_reg/CLK (DFFX1_RVT)            0.00       0.09 r
  library hold time                        0.01       0.10
  data required time                                  0.10
  -----------------------------------------------------------
  data required time                                  0.10
  data arrival time                                  -0.29
  -----------------------------------------------------------
  slack (MET)                                         0.20


  Startpoint: DFF_193/q_reg
              (rising edge-triggered flip-flop clocked by ideal_clock1)
  Endpoint: DFF_467/q_reg
            (rising edge-triggered flip-flop clocked by ideal_clock1)
  Path Group: ideal_clock1
  Path Type: min

  Point                                    Incr       Path
  -----------------------------------------------------------
  clock ideal_clock1 (rise edge)           0.00       0.00
  clock network delay (propagated)         0.09       0.09
  DFF_193/q_reg/CLK (DFFX1_RVT)            0.00       0.09 r
  DFF_193/q_reg/Q (DFFX1_RVT)              0.19       0.28 f
  DFF_467/q_reg/D (DFFX1_RVT)              0.00 *     0.28 f
  data arrival time                                   0.28

  clock ideal_clock1 (rise edge)           0.00       0.00
  clock network delay (propagated)         0.09       0.09
  DFF_467/q_reg/CLK (DFFX1_RVT)            0.00       0.09 r
  library hold time                       -0.01       0.08
  data required time                                  0.08
  -----------------------------------------------------------
  data required time                                  0.08
  data arrival time                                  -0.28
  -----------------------------------------------------------
  slack (MET)                                         0.20


  Startpoint: DFF_112/q_reg
              (rising edge-triggered flip-flop clocked by ideal_clock1)
  Endpoint: DFF_112/q_reg
            (rising edge-triggered flip-flop clocked by ideal_clock1)
  Path Group: ideal_clock1
  Path Type: min

  Point                                    Incr       Path
  -----------------------------------------------------------
  clock ideal_clock1 (rise edge)           0.00       0.00
  clock network delay (propagated)         0.07       0.07
  DFF_112/q_reg/CLK (DFFX1_RVT)            0.00       0.07 r
  DFF_112/q_reg/QN (DFFX1_RVT)             0.14       0.21 f
  U2414/Y (AND2X1_RVT)                     0.06 *     0.28 f
  DFF_112/q_reg/D (DFFX1_RVT)              0.00 *     0.28 f
  data arrival time                                   0.28

  clock ideal_clock1 (rise edge)           0.00       0.00
  clock network delay (propagated)         0.07       0.07
  DFF_112/q_reg/CLK (DFFX1_RVT)            0.00       0.07 r
  library hold time                        0.01       0.08
  data required time                                  0.08
  -----------------------------------------------------------
  data required time                                  0.08
  data arrival time                                  -0.28
  -----------------------------------------------------------
  slack (MET)                                         0.20


  Startpoint: DFF_389/q_reg
              (rising edge-triggered flip-flop clocked by ideal_clock1)
  Endpoint: DFF_309/q_reg
            (rising edge-triggered flip-flop clocked by ideal_clock1)
  Path Group: ideal_clock1
  Path Type: min

  Point                                    Incr       Path
  -----------------------------------------------------------
  clock ideal_clock1 (rise edge)           0.00       0.00
  clock network delay (propagated)         0.06       0.06
  DFF_389/q_reg/CLK (DFFX1_RVT)            0.00       0.06 r
  DFF_389/q_reg/Q (DFFX1_RVT)              0.19       0.25 f
  DFF_309/q_reg/D (DFFX1_RVT)              0.00 *     0.25 f
  data arrival time                                   0.25

  clock ideal_clock1 (rise edge)           0.00       0.00
  clock network delay (propagated)         0.06       0.06
  DFF_309/q_reg/CLK (DFFX1_RVT)            0.00       0.06 r
  library hold time                       -0.01       0.05
  data required time                                  0.05
  -----------------------------------------------------------
  data required time                                  0.05
  data arrival time                                  -0.25
  -----------------------------------------------------------
  slack (MET)                                         0.20


  Startpoint: DFF_295/q_reg
              (rising edge-triggered flip-flop clocked by ideal_clock1)
  Endpoint: DFF_68/q_reg
            (rising edge-triggered flip-flop clocked by ideal_clock1)
  Path Group: ideal_clock1
  Path Type: min

  Point                                    Incr       Path
  -----------------------------------------------------------
  clock ideal_clock1 (rise edge)           0.00       0.00
  clock network delay (propagated)         0.09       0.09
  DFF_295/q_reg/CLK (DFFX1_RVT)            0.00       0.09 r
  DFF_295/q_reg/Q (DFFX1_RVT)              0.20       0.29 f
  DFF_68/q_reg/D (DFFX1_RVT)               0.00 *     0.29 f
  data arrival time                                   0.29

  clock ideal_clock1 (rise edge)           0.00       0.00
  clock network delay (propagated)         0.09       0.09
  DFF_68/q_reg/CLK (DFFX1_RVT)             0.00       0.09 r
  library hold time                        0.00       0.09
  data required time                                  0.09
  -----------------------------------------------------------
  data required time                                  0.09
  data arrival time                                  -0.29
  -----------------------------------------------------------
  slack (MET)                                         0.20


1
