 
****************************************
  Report : Chip Summary
  Design : s15850
  Version: L-2016.03-SP5-1
  Date   : Fri Mar  1 17:42:00 2019
****************************************
Std cell utilization: 61.32%  (22833/(37236-0))
(Non-fixed + Fixed)
Std cell utilization: 60.58%  (22113/(37236-735))
(Non-fixed only)
Chip area:            37236    sites, bbox (5.00 5.00 102.58 101.98) um
Std cell area:        22833    sites, (non-fixed:22113  fixed:720)
                      1666     cells, (non-fixed:1593   fixed:73)
Macro cell area:      0        sites
                      0        cells
Placement blockages:  0        sites, (excluding fixed std cells)
                      735      sites, (include fixed std cells & chimney area)
                      0        sites, (complete p/g net blockages)
Routing blockages:    0        sites, (partial p/g net blockages)
                      0        sites, (routing blockages and signal pre-route)
Lib cell count:       35 
Avg. std cell width:  1.81 um 
Site array:           unit     (width: 0.152 um, height: 1.672 um, rows: 58)
Physical DB scale:    1000 db_unit = 1 um 

 
****************************************
  Report : pnet options
  Design : s15850
  Version: L-2016.03-SP5-1
  Date   : Fri Mar  1 17:42:00 2019
****************************************


--------------------------------------------------------------------
Layer      Blockage   Min_width   Min_height   Via_additive     Density
--------------------------------------------------------------------
M1         none          ---         ---       via additive      ---
M2         none          ---         ---       via additive      ---
M3         none          ---         ---       via additive      ---
M4         none          ---         ---       via additive      ---
M5         none          ---         ---       via additive      ---
M6         none          ---         ---       via additive      ---
M7         none          ---         ---       via additive      ---
M8         none          ---         ---       via additive      ---
M9         none          ---         ---       via additive      ---
MRDL       none          ---         ---       via additive      ---

**********************************
      Sub-Region Utilization      
**********************************
Number of regions with placement utilization 0 - 0.125 is 0 (0.00%)
Number of regions with placement utilization 0.125 - 0.25 is 0 (0.00%)
Number of regions with placement utilization 0.25 - 0.375 is 1 (0.69%)
Number of regions with placement utilization 0.375 - 0.5 is 9 (6.25%)
Number of regions with placement utilization 0.5 - 0.625 is 75 (52.08%)
Number of regions with placement utilization 0.625 - 0.75 is 55 (38.19%)
Number of regions with placement utilization 0.75 - 0.875 is 4 (2.78%)
Number of regions with placement utilization 0.875 - 1 is 0 (0.00%)
1
