 
****************************************
Report : timing
        -path full
        -delay min
        -max_paths 20
Design : s35932
Version: L-2016.03-SP5-1
Date   : Wed Mar  6 02:03:17 2019
****************************************

 * Some/all delay information is back-annotated.

Operating Conditions: ss0p95v25c   Library: saed32rvt_ss0p95v25c
	Parasitic source    : LPE
	Parasitic mode      : RealRVirtualC
	Extraction mode     : MIN_MAX
	Extraction derating : 25/25/25

Information: Percent of Arnoldi-based delays = 11.27%

Information: Percent of CCS-based delays = 10.84%

  Startpoint: DFF_181/q_reg
              (rising edge-triggered flip-flop clocked by ideal_clock1)
  Endpoint: DFF_182/q_reg
            (rising edge-triggered flip-flop clocked by ideal_clock1)
  Path Group: ideal_clock1
  Path Type: min

  Point                                    Incr       Path
  -----------------------------------------------------------
  clock ideal_clock1 (rise edge)           0.00       0.00
  clock network delay (propagated)         0.12       0.12
  DFF_181/q_reg/CLK (DFFX1_RVT)            0.00       0.12 r
  DFF_181/q_reg/QN (DFFX1_RVT)             0.12       0.24 f
  U5789/Y (OA221X1_RVT)                    0.12       0.36 f
  DFF_182/q_reg/D (DFFX1_RVT)              0.02       0.38 f
  data arrival time                                   0.38

  clock ideal_clock1 (rise edge)           0.00       0.00
  clock network delay (propagated)         0.16       0.16
  DFF_182/q_reg/CLK (DFFX1_RVT)            0.00       0.16 r
  library hold time                       -0.02       0.15
  data required time                                  0.15
  -----------------------------------------------------------
  data required time                                  0.15
  data arrival time                                  -0.38
  -----------------------------------------------------------
  slack (MET)                                         0.24


  Startpoint: DFF_944/q_reg
              (rising edge-triggered flip-flop clocked by ideal_clock1)
  Endpoint: DFF_945/q_reg
            (rising edge-triggered flip-flop clocked by ideal_clock1)
  Path Group: ideal_clock1
  Path Type: min

  Point                                    Incr       Path
  -----------------------------------------------------------
  clock ideal_clock1 (rise edge)           0.00       0.00
  clock network delay (propagated)         0.14       0.14
  DFF_944/q_reg/CLK (DFFX1_RVT)            0.00       0.14 r
  DFF_944/q_reg/QN (DFFX1_RVT)             0.11       0.25 f
  U6278/Y (OA221X1_RVT)                    0.13       0.38 f
  DFF_945/q_reg/D (DFFX1_RVT)              0.02       0.40 f
  data arrival time                                   0.40

  clock ideal_clock1 (rise edge)           0.00       0.00
  clock network delay (propagated)         0.14       0.14
  DFF_945/q_reg/CLK (DFFX1_RVT)            0.00       0.14 r
  library hold time                        0.01       0.16
  data required time                                  0.16
  -----------------------------------------------------------
  data required time                                  0.16
  data arrival time                                  -0.40
  -----------------------------------------------------------
  slack (MET)                                         0.24


  Startpoint: DFF_1148/q_reg
              (rising edge-triggered flip-flop clocked by ideal_clock1)
  Endpoint: DFF_1149/q_reg
            (rising edge-triggered flip-flop clocked by ideal_clock1)
  Path Group: ideal_clock1
  Path Type: min

  Point                                    Incr       Path
  -----------------------------------------------------------
  clock ideal_clock1 (rise edge)           0.00       0.00
  clock network delay (propagated)         0.13       0.13
  DFF_1148/q_reg/CLK (DFFX1_RVT)           0.00       0.13 r
  DFF_1148/q_reg/QN (DFFX1_RVT)            0.11       0.24 f
  U6415/Y (OA221X1_RVT)                    0.13       0.37 f
  DFF_1149/q_reg/D (DFFX1_RVT)             0.03       0.40 f
  data arrival time                                   0.40

  clock ideal_clock1 (rise edge)           0.00       0.00
  clock network delay (propagated)         0.15       0.15
  DFF_1149/q_reg/CLK (DFFX1_RVT)           0.00       0.15 r
  library hold time                        0.01       0.16
  data required time                                  0.16
  -----------------------------------------------------------
  data required time                                  0.16
  data arrival time                                  -0.40
  -----------------------------------------------------------
  slack (MET)                                         0.24


  Startpoint: DFF_365/q_reg
              (rising edge-triggered flip-flop clocked by ideal_clock1)
  Endpoint: DFF_366/q_reg
            (rising edge-triggered flip-flop clocked by ideal_clock1)
  Path Group: ideal_clock1
  Path Type: min

  Point                                    Incr       Path
  -----------------------------------------------------------
  clock ideal_clock1 (rise edge)           0.00       0.00
  clock network delay (propagated)         0.15       0.15
  DFF_365/q_reg/CLK (DFFX1_RVT)            0.00       0.15 r
  DFF_365/q_reg/QN (DFFX1_RVT)             0.11       0.26 f
  U4133/Y (OA221X1_RVT)                    0.13       0.39 f
  DFF_366/q_reg/D (DFFX1_RVT)              0.02       0.41 f
  data arrival time                                   0.41

  clock ideal_clock1 (rise edge)           0.00       0.00
  clock network delay (propagated)         0.15       0.15
  DFF_366/q_reg/CLK (DFFX1_RVT)            0.00       0.15 r
  library hold time                        0.01       0.17
  data required time                                  0.17
  -----------------------------------------------------------
  data required time                                  0.17
  data arrival time                                  -0.41
  -----------------------------------------------------------
  slack (MET)                                         0.24


  Startpoint: DFF_359/q_reg
              (rising edge-triggered flip-flop clocked by ideal_clock1)
  Endpoint: DFF_360/q_reg
            (rising edge-triggered flip-flop clocked by ideal_clock1)
  Path Group: ideal_clock1
  Path Type: min

  Point                                    Incr       Path
  -----------------------------------------------------------
  clock ideal_clock1 (rise edge)           0.00       0.00
  clock network delay (propagated)         0.15       0.15
  DFF_359/q_reg/CLK (DFFX1_RVT)            0.00       0.15 r
  DFF_359/q_reg/QN (DFFX1_RVT)             0.11       0.26 f
  U4089/Y (OA221X1_RVT)                    0.13       0.40 f
  DFF_360/q_reg/D (DFFX1_RVT)              0.01       0.41 f
  data arrival time                                   0.41

  clock ideal_clock1 (rise edge)           0.00       0.00
  clock network delay (propagated)         0.15       0.15
  DFF_360/q_reg/CLK (DFFX1_RVT)            0.00       0.15 r
  library hold time                        0.02       0.17
  data required time                                  0.17
  -----------------------------------------------------------
  data required time                                  0.17
  data arrival time                                  -0.41
  -----------------------------------------------------------
  slack (MET)                                         0.24


  Startpoint: DFF_1280/q_reg
              (rising edge-triggered flip-flop clocked by ideal_clock1)
  Endpoint: DFF_1343/q_reg
            (rising edge-triggered flip-flop clocked by ideal_clock1)
  Path Group: ideal_clock1
  Path Type: min

  Point                                    Incr       Path
  -----------------------------------------------------------
  clock ideal_clock1 (rise edge)           0.00       0.00
  clock network delay (propagated)         0.16       0.16
  DFF_1280/q_reg/CLK (DFFX1_RVT)           0.00       0.16 r
  DFF_1280/q_reg/QN (DFFX1_RVT)            0.11       0.26 f
  U6548/Y (OA221X1_RVT)                    0.12       0.39 f
  DFF_1343/q_reg/D (DFFX1_RVT)             0.02       0.40 f
  data arrival time                                   0.40

  clock ideal_clock1 (rise edge)           0.00       0.00
  clock network delay (propagated)         0.14       0.14
  DFF_1343/q_reg/CLK (DFFX1_RVT)           0.00       0.14 r
  library hold time                        0.01       0.15
  data required time                                  0.15
  -----------------------------------------------------------
  data required time                                  0.15
  data arrival time                                  -0.40
  -----------------------------------------------------------
  slack (MET)                                         0.25


  Startpoint: DFF_708/q_reg
              (rising edge-triggered flip-flop clocked by ideal_clock1)
  Endpoint: DFF_763/q_reg
            (rising edge-triggered flip-flop clocked by ideal_clock1)
  Path Group: ideal_clock1
  Path Type: min

  Point                                    Incr       Path
  -----------------------------------------------------------
  clock ideal_clock1 (rise edge)           0.00       0.00
  clock network delay (propagated)         0.16       0.16
  DFF_708/q_reg/CLK (DFFX1_RVT)            0.00       0.16 r
  DFF_708/q_reg/QN (DFFX1_RVT)             0.11       0.27 f
  U6158/Y (OA221X1_RVT)                    0.13       0.39 f
  DFF_763/q_reg/D (DFFX1_RVT)              0.02       0.41 f
  data arrival time                                   0.41

  clock ideal_clock1 (rise edge)           0.00       0.00
  clock network delay (propagated)         0.15       0.15
  DFF_763/q_reg/CLK (DFFX1_RVT)            0.00       0.15 r
  library hold time                        0.01       0.16
  data required time                                  0.16
  -----------------------------------------------------------
  data required time                                  0.16
  data arrival time                                  -0.41
  -----------------------------------------------------------
  slack (MET)                                         0.25


  Startpoint: DFF_324/q_reg
              (rising edge-triggered flip-flop clocked by ideal_clock1)
  Endpoint: DFF_379/q_reg
            (rising edge-triggered flip-flop clocked by ideal_clock1)
  Path Group: ideal_clock1
  Path Type: min

  Point                                    Incr       Path
  -----------------------------------------------------------
  clock ideal_clock1 (rise edge)           0.00       0.00
  clock network delay (propagated)         0.14       0.14
  DFF_324/q_reg/CLK (DFFX1_RVT)            0.00       0.14 r
  DFF_324/q_reg/QN (DFFX1_RVT)             0.11       0.25 f
  U4099/Y (OA221X1_RVT)                    0.13       0.39 f
  DFF_379/q_reg/D (DFFX1_RVT)              0.03       0.41 f
  data arrival time                                   0.41

  clock ideal_clock1 (rise edge)           0.00       0.00
  clock network delay (propagated)         0.15       0.15
  DFF_379/q_reg/CLK (DFFX1_RVT)            0.00       0.15 r
  library hold time                        0.01       0.16
  data required time                                  0.16
  -----------------------------------------------------------
  data required time                                  0.16
  data arrival time                                  -0.41
  -----------------------------------------------------------
  slack (MET)                                         0.25


  Startpoint: DFF_1495/q_reg
              (rising edge-triggered flip-flop clocked by ideal_clock1)
  Endpoint: DFF_1512/q_reg
            (rising edge-triggered flip-flop clocked by ideal_clock1)
  Path Group: ideal_clock1
  Path Type: min

  Point                                    Incr       Path
  -----------------------------------------------------------
  clock ideal_clock1 (rise edge)           0.00       0.00
  clock network delay (propagated)         0.16       0.16
  DFF_1495/q_reg/CLK (DFFX1_RVT)           0.00       0.16 r
  DFF_1495/q_reg/QN (DFFX1_RVT)            0.11       0.27 f
  U4088/Y (OA221X1_RVT)                    0.12       0.39 f
  DFF_1512/q_reg/D (DFFX1_RVT)             0.02       0.42 f
  data arrival time                                   0.42

  clock ideal_clock1 (rise edge)           0.00       0.00
  clock network delay (propagated)         0.15       0.15
  DFF_1512/q_reg/CLK (DFFX1_RVT)           0.00       0.15 r
  library hold time                        0.02       0.17
  data required time                                  0.17
  -----------------------------------------------------------
  data required time                                  0.17
  data arrival time                                  -0.42
  -----------------------------------------------------------
  slack (MET)                                         0.25


  Startpoint: DFF_182/q_reg
              (rising edge-triggered flip-flop clocked by ideal_clock1)
  Endpoint: DFF_183/q_reg
            (rising edge-triggered flip-flop clocked by ideal_clock1)
  Path Group: ideal_clock1
  Path Type: min

  Point                                    Incr       Path
  -----------------------------------------------------------
  clock ideal_clock1 (rise edge)           0.00       0.00
  clock network delay (propagated)         0.16       0.16
  DFF_182/q_reg/CLK (DFFX1_RVT)            0.00       0.16 r
  DFF_182/q_reg/QN (DFFX1_RVT)             0.12       0.28 f
  U5790/Y (OA221X1_RVT)                    0.12       0.40 f
  DFF_183/q_reg/D (DFFX1_RVT)              0.02       0.42 f
  data arrival time                                   0.42

  clock ideal_clock1 (rise edge)           0.00       0.00
  clock network delay (propagated)         0.14       0.14
  DFF_183/q_reg/CLK (DFFX1_RVT)            0.00       0.14 r
  library hold time                        0.01       0.16
  data required time                                  0.16
  -----------------------------------------------------------
  data required time                                  0.16
  data arrival time                                  -0.42
  -----------------------------------------------------------
  slack (MET)                                         0.26


  Startpoint: DFF_167/q_reg
              (rising edge-triggered flip-flop clocked by ideal_clock1)
  Endpoint: DFF_168/q_reg
            (rising edge-triggered flip-flop clocked by ideal_clock1)
  Path Group: ideal_clock1
  Path Type: min

  Point                                    Incr       Path
  -----------------------------------------------------------
  clock ideal_clock1 (rise edge)           0.00       0.00
  clock network delay (propagated)         0.12       0.12
  DFF_167/q_reg/CLK (DFFX1_RVT)            0.00       0.12 r
  DFF_167/q_reg/QN (DFFX1_RVT)             0.11       0.23 f
  U5773/Y (OA221X1_RVT)                    0.14       0.36 f
  DFF_168/q_reg/D (DFFX1_RVT)              0.05       0.42 f
  data arrival time                                   0.42

  clock ideal_clock1 (rise edge)           0.00       0.00
  clock network delay (propagated)         0.14       0.14
  DFF_168/q_reg/CLK (DFFX1_RVT)            0.00       0.14 r
  library hold time                        0.01       0.15
  data required time                                  0.15
  -----------------------------------------------------------
  data required time                                  0.15
  data arrival time                                  -0.42
  -----------------------------------------------------------
  slack (MET)                                         0.27


  Startpoint: DFF_158/q_reg
              (rising edge-triggered flip-flop clocked by ideal_clock1)
  Endpoint: DFF_161/q_reg
            (rising edge-triggered flip-flop clocked by ideal_clock1)
  Path Group: ideal_clock1
  Path Type: min

  Point                                    Incr       Path
  -----------------------------------------------------------
  clock ideal_clock1 (rise edge)           0.00       0.00
  clock network delay (propagated)         0.15       0.15
  DFF_158/q_reg/CLK (DFFX1_RVT)            0.00       0.15 r
  DFF_158/q_reg/QN (DFFX1_RVT)             0.17       0.32 f
  U5764/Y (OA221X1_RVT)                    0.12       0.44 f
  DFF_161/q_reg/D (DFFX1_RVT)              0.01       0.45 f
  data arrival time                                   0.45

  clock ideal_clock1 (rise edge)           0.00       0.00
  clock network delay (propagated)         0.16       0.16
  DFF_161/q_reg/CLK (DFFX1_RVT)            0.00       0.16 r
  library hold time                        0.02       0.18
  data required time                                  0.18
  -----------------------------------------------------------
  data required time                                  0.18
  data arrival time                                  -0.45
  -----------------------------------------------------------
  slack (MET)                                         0.27


  Startpoint: DFF_934/q_reg
              (rising edge-triggered flip-flop clocked by ideal_clock1)
  Endpoint: DFF_935/q_reg
            (rising edge-triggered flip-flop clocked by ideal_clock1)
  Path Group: ideal_clock1
  Path Type: min

  Point                                    Incr       Path
  -----------------------------------------------------------
  clock ideal_clock1 (rise edge)           0.00       0.00
  clock network delay (propagated)         0.15       0.15
  DFF_934/q_reg/CLK (DFFX1_RVT)            0.00       0.15 r
  DFF_934/q_reg/QN (DFFX1_RVT)             0.11       0.26 f
  U6266/Y (OA221X1_RVT)                    0.13       0.39 f
  DFF_935/q_reg/D (DFFX1_RVT)              0.03       0.43 f
  data arrival time                                   0.43

  clock ideal_clock1 (rise edge)           0.00       0.00
  clock network delay (propagated)         0.14       0.14
  DFF_935/q_reg/CLK (DFFX1_RVT)            0.00       0.14 r
  library hold time                        0.01       0.15
  data required time                                  0.15
  -----------------------------------------------------------
  data required time                                  0.15
  data arrival time                                  -0.43
  -----------------------------------------------------------
  slack (MET)                                         0.27


  Startpoint: DFF_11/q_reg
              (rising edge-triggered flip-flop clocked by ideal_clock1)
  Endpoint: DFF_10/q_reg
            (rising edge-triggered flip-flop clocked by ideal_clock1)
  Path Group: ideal_clock1
  Path Type: min

  Point                                    Incr       Path
  -----------------------------------------------------------
  clock ideal_clock1 (rise edge)           0.00       0.00
  clock network delay (propagated)         0.14       0.14
  DFF_11/q_reg/CLK (DFFX1_RVT)             0.00       0.14 r
  DFF_11/q_reg/Q (DFFX1_RVT)               0.21       0.35 f
  U5625/Y (AND2X1_RVT)                     0.07       0.42 f
  DFF_10/q_reg/D (DFFX1_RVT)               0.02       0.44 f
  data arrival time                                   0.44

  clock ideal_clock1 (rise edge)           0.00       0.00
  clock network delay (propagated)         0.14       0.14
  DFF_10/q_reg/CLK (DFFX1_RVT)             0.00       0.14 r
  library hold time                        0.02       0.16
  data required time                                  0.16
  -----------------------------------------------------------
  data required time                                  0.16
  data arrival time                                  -0.44
  -----------------------------------------------------------
  slack (MET)                                         0.27


  Startpoint: DFF_1500/q_reg
              (rising edge-triggered flip-flop clocked by ideal_clock1)
  Endpoint: DFF_1507/q_reg
            (rising edge-triggered flip-flop clocked by ideal_clock1)
  Path Group: ideal_clock1
  Path Type: min

  Point                                    Incr       Path
  -----------------------------------------------------------
  clock ideal_clock1 (rise edge)           0.00       0.00
  clock network delay (propagated)         0.15       0.15
  DFF_1500/q_reg/CLK (DFFX1_RVT)           0.00       0.15 r
  DFF_1500/q_reg/QN (DFFX1_RVT)            0.12       0.27 f
  U4103/Y (OA221X1_RVT)                    0.15       0.42 f
  DFF_1507/q_reg/D (DFFX1_RVT)             0.02       0.44 f
  data arrival time                                   0.44

  clock ideal_clock1 (rise edge)           0.00       0.00
  clock network delay (propagated)         0.14       0.14
  DFF_1507/q_reg/CLK (DFFX1_RVT)           0.00       0.14 r
  library hold time                        0.02       0.16
  data required time                                  0.16
  -----------------------------------------------------------
  data required time                                  0.16
  data arrival time                                  -0.44
  -----------------------------------------------------------
  slack (MET)                                         0.28


  Startpoint: DFF_1/q_reg
              (rising edge-triggered flip-flop clocked by ideal_clock1)
  Endpoint: DFF_0/q_reg
            (rising edge-triggered flip-flop clocked by ideal_clock1)
  Path Group: ideal_clock1
  Path Type: min

  Point                                    Incr       Path
  -----------------------------------------------------------
  clock ideal_clock1 (rise edge)           0.00       0.00
  clock network delay (propagated)         0.14       0.14
  DFF_1/q_reg/CLK (DFFX1_RVT)              0.00       0.14 r
  DFF_1/q_reg/Q (DFFX1_RVT)                0.21       0.35 f
  U5612/Y (AND2X1_RVT)                     0.07       0.42 f
  DFF_0/q_reg/D (DFFX1_RVT)                0.01       0.44 f
  data arrival time                                   0.44

  clock ideal_clock1 (rise edge)           0.00       0.00
  clock network delay (propagated)         0.14       0.14
  DFF_0/q_reg/CLK (DFFX1_RVT)              0.00       0.14 r
  library hold time                        0.02       0.16
  data required time                                  0.16
  -----------------------------------------------------------
  data required time                                  0.16
  data arrival time                                  -0.44
  -----------------------------------------------------------
  slack (MET)                                         0.28


  Startpoint: DFF_15/q_reg
              (rising edge-triggered flip-flop clocked by ideal_clock1)
  Endpoint: DFF_14/q_reg
            (rising edge-triggered flip-flop clocked by ideal_clock1)
  Path Group: ideal_clock1
  Path Type: min

  Point                                    Incr       Path
  -----------------------------------------------------------
  clock ideal_clock1 (rise edge)           0.00       0.00
  clock network delay (propagated)         0.15       0.15
  DFF_15/q_reg/CLK (DFFX1_RVT)             0.00       0.15 r
  DFF_15/q_reg/Q (DFFX1_RVT)               0.21       0.36 f
  U5636/Y (AND2X1_RVT)                     0.07       0.43 f
  DFF_14/q_reg/D (DFFX1_RVT)               0.02       0.45 f
  data arrival time                                   0.45

  clock ideal_clock1 (rise edge)           0.00       0.00
  clock network delay (propagated)         0.15       0.15
  DFF_14/q_reg/CLK (DFFX1_RVT)             0.00       0.15 r
  library hold time                        0.02       0.17
  data required time                                  0.17
  -----------------------------------------------------------
  data required time                                  0.17
  data arrival time                                  -0.45
  -----------------------------------------------------------
  slack (MET)                                         0.28


  Startpoint: DFF_1398/q_reg
              (rising edge-triggered flip-flop clocked by ideal_clock1)
  Endpoint: DFF_1430/q_reg
            (rising edge-triggered flip-flop clocked by ideal_clock1)
  Path Group: ideal_clock1
  Path Type: min

  Point                                    Incr       Path
  -----------------------------------------------------------
  clock ideal_clock1 (rise edge)           0.00       0.00
  clock network delay (propagated)         0.15       0.15
  DFF_1398/q_reg/CLK (DFFX1_RVT)           0.00       0.15 r
  DFF_1398/q_reg/QN (DFFX1_RVT)            0.19       0.34 r
  U3844/Y (NOR2X0_RVT)                     0.10       0.44 f
  DFF_1430/q_reg/D (DFFX1_RVT)             0.01       0.45 f
  data arrival time                                   0.45

  clock ideal_clock1 (rise edge)           0.00       0.00
  clock network delay (propagated)         0.15       0.15
  DFF_1430/q_reg/CLK (DFFX1_RVT)           0.00       0.15 r
  library hold time                        0.02       0.17
  data required time                                  0.17
  -----------------------------------------------------------
  data required time                                  0.17
  data arrival time                                  -0.45
  -----------------------------------------------------------
  slack (MET)                                         0.28


  Startpoint: DFF_1128/q_reg
              (rising edge-triggered flip-flop clocked by ideal_clock1)
  Endpoint: DFF_1129/q_reg
            (rising edge-triggered flip-flop clocked by ideal_clock1)
  Path Group: ideal_clock1
  Path Type: min

  Point                                    Incr       Path
  -----------------------------------------------------------
  clock ideal_clock1 (rise edge)           0.00       0.00
  clock network delay (propagated)         0.13       0.13
  DFF_1128/q_reg/CLK (DFFX1_RVT)           0.00       0.13 r
  DFF_1128/q_reg/QN (DFFX1_RVT)            0.16       0.29 f
  U6398/Y (OA221X1_RVT)                    0.13       0.42 f
  DFF_1129/q_reg/D (DFFX1_RVT)             0.02       0.43 f
  data arrival time                                   0.43

  clock ideal_clock1 (rise edge)           0.00       0.00
  clock network delay (propagated)         0.14       0.14
  DFF_1129/q_reg/CLK (DFFX1_RVT)           0.00       0.14 r
  library hold time                        0.01       0.16
  data required time                                  0.16
  -----------------------------------------------------------
  data required time                                  0.16
  data arrival time                                  -0.43
  -----------------------------------------------------------
  slack (MET)                                         0.28


  Startpoint: DFF_171/q_reg
              (rising edge-triggered flip-flop clocked by ideal_clock1)
  Endpoint: DFF_172/q_reg
            (rising edge-triggered flip-flop clocked by ideal_clock1)
  Path Group: ideal_clock1
  Path Type: min

  Point                                    Incr       Path
  -----------------------------------------------------------
  clock ideal_clock1 (rise edge)           0.00       0.00
  clock network delay (propagated)         0.15       0.15
  DFF_171/q_reg/CLK (DFFX1_RVT)            0.00       0.15 r
  DFF_171/q_reg/QN (DFFX1_RVT)             0.17       0.32 f
  U5778/Y (OA221X1_RVT)                    0.12       0.44 f
  DFF_172/q_reg/D (DFFX1_RVT)              0.02       0.46 f
  data arrival time                                   0.46

  clock ideal_clock1 (rise edge)           0.00       0.00
  clock network delay (propagated)         0.16       0.16
  DFF_172/q_reg/CLK (DFFX1_RVT)            0.00       0.16 r
  library hold time                        0.02       0.18
  data required time                                  0.18
  -----------------------------------------------------------
  data required time                                  0.18
  data arrival time                                  -0.46
  -----------------------------------------------------------
  slack (MET)                                         0.28


1
