 
****************************************
Report : area
Design : s35932
Version: L-2016.03-SP5-1
Date   : Wed Mar  6 02:00:41 2019
****************************************

Library(s) Used:

    saed32rvt_ss0p95v25c (File: /mnt/class_data/ecec574-w2019/PDKs/SAED32nm/lib/stdcell_rvt/db_ccs/saed32rvt_ss0p95v25c.db)

Number of ports:                          360
Number of nets:                          5569
Number of cells:                         4938
Number of combinational cells:           3210
Number of sequential cells:              1728
Number of macros/black boxes:               0
Number of buf/inv:                        235
Number of references:                      21

Combinational area:               8683.338166
Buf/Inv area:                      786.575713
Noncombinational area:           11419.706871
Macro/Black Box area:                0.000000
Net Interconnect area:            5898.591821

Total cell area:                 20103.045036
Total area:                      26001.636857
1
