 
****************************************
Report : timing
        -path full
        -delay min
        -max_paths 20
Design : s35932
Version: L-2016.03-SP5-1
Date   : Wed Mar  6 02:00:29 2019
****************************************

 * Some/all delay information is back-annotated.

Operating Conditions: ss0p95v25c   Library: saed32rvt_ss0p95v25c
	Parasitic source    : LPE
	Parasitic mode      : RealRVirtualC
	Extraction mode     : MIN_MAX
	Extraction derating : 25/25/25

Information: Percent of Arnoldi-based delays = 11.27%

Information: Percent of CCS-based delays = 10.84%

  Startpoint: DFF_454/q_reg
              (rising edge-triggered flip-flop clocked by ideal_clock1)
  Endpoint: DFF_486/q_reg
            (rising edge-triggered flip-flop clocked by ideal_clock1)
  Path Group: ideal_clock1
  Path Type: min

  Point                                    Incr       Path
  -----------------------------------------------------------
  clock ideal_clock1 (rise edge)           0.00       0.00
  clock network delay (propagated)         0.12       0.12
  DFF_454/q_reg/CLK (DFFX1_RVT)            0.00       0.12 r
  DFF_454/q_reg/Q (DFFX1_RVT)              0.16       0.28 f
  U5949/Y (AND2X1_RVT)                     0.06 *     0.35 f
  DFF_486/q_reg/D (DFFX1_RVT)              0.00 *     0.35 f
  data arrival time                                   0.35

  clock ideal_clock1 (rise edge)           0.00       0.00
  clock network delay (propagated)         0.16       0.16
  DFF_486/q_reg/CLK (DFFX1_RVT)            0.00       0.16 r
  library hold time                        0.02       0.18
  data required time                                  0.18
  -----------------------------------------------------------
  data required time                                  0.18
  data arrival time                                  -0.35
  -----------------------------------------------------------
  slack (MET)                                         0.17


  Startpoint: DFF_1610/q_reg
              (rising edge-triggered flip-flop clocked by ideal_clock1)
  Endpoint: DFF_1642/q_reg
            (rising edge-triggered flip-flop clocked by ideal_clock1)
  Path Group: ideal_clock1
  Path Type: min

  Point                                    Incr       Path
  -----------------------------------------------------------
  clock ideal_clock1 (rise edge)           0.00       0.00
  clock network delay (propagated)         0.12       0.12
  DFF_1610/q_reg/CLK (DFFX1_RVT)           0.00       0.12 r
  DFF_1610/q_reg/Q (DFFX1_RVT)             0.16       0.29 f
  U6707/Y (AND2X1_RVT)                     0.06 *     0.35 f
  DFF_1642/q_reg/D (DFFX1_RVT)             0.00 *     0.35 f
  data arrival time                                   0.35

  clock ideal_clock1 (rise edge)           0.00       0.00
  clock network delay (propagated)         0.14       0.14
  DFF_1642/q_reg/CLK (DFFX1_RVT)           0.00       0.14 r
  library hold time                        0.02       0.16
  data required time                                  0.16
  -----------------------------------------------------------
  data required time                                  0.16
  data arrival time                                  -0.35
  -----------------------------------------------------------
  slack (MET)                                         0.19


  Startpoint: DFF_877/q_reg
              (rising edge-triggered flip-flop clocked by ideal_clock1)
  Endpoint: DFF_909/q_reg
            (rising edge-triggered flip-flop clocked by ideal_clock1)
  Path Group: ideal_clock1
  Path Type: min

  Point                                    Incr       Path
  -----------------------------------------------------------
  clock ideal_clock1 (rise edge)           0.00       0.00
  clock network delay (propagated)         0.12       0.12
  DFF_877/q_reg/CLK (DFFX1_RVT)            0.00       0.12 r
  DFF_877/q_reg/Q (DFFX1_RVT)              0.17       0.29 f
  U6240/Y (AND2X1_RVT)                     0.06 *     0.35 f
  DFF_909/q_reg/D (DFFX1_RVT)              0.00 *     0.35 f
  data arrival time                                   0.35

  clock ideal_clock1 (rise edge)           0.00       0.00
  clock network delay (propagated)         0.14       0.14
  DFF_909/q_reg/CLK (DFFX1_RVT)            0.00       0.14 r
  library hold time                        0.02       0.16
  data required time                                  0.16
  -----------------------------------------------------------
  data required time                                  0.16
  data arrival time                                  -0.35
  -----------------------------------------------------------
  slack (MET)                                         0.19


  Startpoint: DFF_1645/q_reg
              (rising edge-triggered flip-flop clocked by ideal_clock1)
  Endpoint: DFF_1677/q_reg
            (rising edge-triggered flip-flop clocked by ideal_clock1)
  Path Group: ideal_clock1
  Path Type: min

  Point                                    Incr       Path
  -----------------------------------------------------------
  clock ideal_clock1 (rise edge)           0.00       0.00
  clock network delay (propagated)         0.12       0.12
  DFF_1645/q_reg/CLK (DFFX1_RVT)           0.00       0.12 r
  DFF_1645/q_reg/Q (DFFX1_RVT)             0.17       0.30 f
  U6741/Y (AND2X1_RVT)                     0.06 *     0.36 f
  DFF_1677/q_reg/D (DFFX1_RVT)             0.00 *     0.36 f
  data arrival time                                   0.36

  clock ideal_clock1 (rise edge)           0.00       0.00
  clock network delay (propagated)         0.15       0.15
  DFF_1677/q_reg/CLK (DFFX1_RVT)           0.00       0.15 r
  library hold time                        0.02       0.17
  data required time                                  0.17
  -----------------------------------------------------------
  data required time                                  0.17
  data arrival time                                  -0.36
  -----------------------------------------------------------
  slack (MET)                                         0.19


  Startpoint: DFF_1148/q_reg
              (rising edge-triggered flip-flop clocked by ideal_clock1)
  Endpoint: DFF_1149/q_reg
            (rising edge-triggered flip-flop clocked by ideal_clock1)
  Path Group: ideal_clock1
  Path Type: min

  Point                                    Incr       Path
  -----------------------------------------------------------
  clock ideal_clock1 (rise edge)           0.00       0.00
  clock network delay (propagated)         0.13       0.13
  DFF_1148/q_reg/CLK (DFFX1_RVT)           0.00       0.13 r
  DFF_1148/q_reg/QN (DFFX1_RVT)            0.11       0.24 f
  U6415/Y (OA221X1_RVT)                    0.12 *     0.35 f
  DFF_1149/q_reg/D (DFFX1_RVT)             0.00 *     0.35 f
  data arrival time                                   0.35

  clock ideal_clock1 (rise edge)           0.00       0.00
  clock network delay (propagated)         0.15       0.15
  DFF_1149/q_reg/CLK (DFFX1_RVT)           0.00       0.15 r
  library hold time                        0.01       0.16
  data required time                                  0.16
  -----------------------------------------------------------
  data required time                                  0.16
  data arrival time                                  -0.35
  -----------------------------------------------------------
  slack (MET)                                         0.19


  Startpoint: DFF_181/q_reg
              (rising edge-triggered flip-flop clocked by ideal_clock1)
  Endpoint: DFF_182/q_reg
            (rising edge-triggered flip-flop clocked by ideal_clock1)
  Path Group: ideal_clock1
  Path Type: min

  Point                                    Incr       Path
  -----------------------------------------------------------
  clock ideal_clock1 (rise edge)           0.00       0.00
  clock network delay (propagated)         0.12       0.12
  DFF_181/q_reg/CLK (DFFX1_RVT)            0.00       0.12 r
  DFF_181/q_reg/QN (DFFX1_RVT)             0.12       0.24 f
  U5789/Y (OA221X1_RVT)                    0.11 *     0.35 f
  DFF_182/q_reg/D (DFFX1_RVT)              0.00 *     0.35 f
  data arrival time                                   0.35

  clock ideal_clock1 (rise edge)           0.00       0.00
  clock network delay (propagated)         0.16       0.16
  DFF_182/q_reg/CLK (DFFX1_RVT)            0.00       0.16 r
  library hold time                       -0.02       0.15
  data required time                                  0.15
  -----------------------------------------------------------
  data required time                                  0.15
  data arrival time                                  -0.35
  -----------------------------------------------------------
  slack (MET)                                         0.20


  Startpoint: DFF_944/q_reg
              (rising edge-triggered flip-flop clocked by ideal_clock1)
  Endpoint: DFF_945/q_reg
            (rising edge-triggered flip-flop clocked by ideal_clock1)
  Path Group: ideal_clock1
  Path Type: min

  Point                                    Incr       Path
  -----------------------------------------------------------
  clock ideal_clock1 (rise edge)           0.00       0.00
  clock network delay (propagated)         0.14       0.14
  DFF_944/q_reg/CLK (DFFX1_RVT)            0.00       0.14 r
  DFF_944/q_reg/QN (DFFX1_RVT)             0.11       0.25 f
  U6278/Y (OA221X1_RVT)                    0.11 *     0.36 f
  DFF_945/q_reg/D (DFFX1_RVT)              0.00 *     0.36 f
  data arrival time                                   0.36

  clock ideal_clock1 (rise edge)           0.00       0.00
  clock network delay (propagated)         0.14       0.14
  DFF_945/q_reg/CLK (DFFX1_RVT)            0.00       0.14 r
  library hold time                        0.01       0.16
  data required time                                  0.16
  -----------------------------------------------------------
  data required time                                  0.16
  data arrival time                                  -0.36
  -----------------------------------------------------------
  slack (MET)                                         0.20


  Startpoint: DFF_324/q_reg
              (rising edge-triggered flip-flop clocked by ideal_clock1)
  Endpoint: DFF_379/q_reg
            (rising edge-triggered flip-flop clocked by ideal_clock1)
  Path Group: ideal_clock1
  Path Type: min

  Point                                    Incr       Path
  -----------------------------------------------------------
  clock ideal_clock1 (rise edge)           0.00       0.00
  clock network delay (propagated)         0.14       0.14
  DFF_324/q_reg/CLK (DFFX1_RVT)            0.00       0.14 r
  DFF_324/q_reg/QN (DFFX1_RVT)             0.11       0.25 f
  U4099/Y (OA221X1_RVT)                    0.11 *     0.37 f
  DFF_379/q_reg/D (DFFX1_RVT)              0.00 *     0.37 f
  data arrival time                                   0.37

  clock ideal_clock1 (rise edge)           0.00       0.00
  clock network delay (propagated)         0.15       0.15
  DFF_379/q_reg/CLK (DFFX1_RVT)            0.00       0.15 r
  library hold time                        0.01       0.16
  data required time                                  0.16
  -----------------------------------------------------------
  data required time                                  0.16
  data arrival time                                  -0.37
  -----------------------------------------------------------
  slack (MET)                                         0.20


  Startpoint: DFF_192/q_reg
              (rising edge-triggered flip-flop clocked by ideal_clock1)
  Endpoint: DFF_223/q_reg
            (rising edge-triggered flip-flop clocked by ideal_clock1)
  Path Group: ideal_clock1
  Path Type: min

  Point                                    Incr       Path
  -----------------------------------------------------------
  clock ideal_clock1 (rise edge)           0.00       0.00
  clock network delay (propagated)         0.12       0.12
  DFF_192/q_reg/CLK (DFFX1_RVT)            0.00       0.12 r
  DFF_192/q_reg/Q (DFFX1_RVT)              0.15       0.27 r
  U5798/Y (NOR2X0_RVT)                     0.08 *     0.35 f
  DFF_223/q_reg/D (DFFX1_RVT)              0.00 *     0.35 f
  data arrival time                                   0.35

  clock ideal_clock1 (rise edge)           0.00       0.00
  clock network delay (propagated)         0.13       0.13
  DFF_223/q_reg/CLK (DFFX1_RVT)            0.00       0.13 r
  library hold time                        0.02       0.15
  data required time                                  0.15
  -----------------------------------------------------------
  data required time                                  0.15
  data arrival time                                  -0.35
  -----------------------------------------------------------
  slack (MET)                                         0.20


  Startpoint: DFF_167/q_reg
              (rising edge-triggered flip-flop clocked by ideal_clock1)
  Endpoint: DFF_168/q_reg
            (rising edge-triggered flip-flop clocked by ideal_clock1)
  Path Group: ideal_clock1
  Path Type: min

  Point                                    Incr       Path
  -----------------------------------------------------------
  clock ideal_clock1 (rise edge)           0.00       0.00
  clock network delay (propagated)         0.12       0.12
  DFF_167/q_reg/CLK (DFFX1_RVT)            0.00       0.12 r
  DFF_167/q_reg/QN (DFFX1_RVT)             0.11       0.23 f
  U5773/Y (OA221X1_RVT)                    0.12 *     0.35 f
  DFF_168/q_reg/D (DFFX1_RVT)              0.00 *     0.35 f
  data arrival time                                   0.35

  clock ideal_clock1 (rise edge)           0.00       0.00
  clock network delay (propagated)         0.14       0.14
  DFF_168/q_reg/CLK (DFFX1_RVT)            0.00       0.14 r
  library hold time                        0.01       0.15
  data required time                                  0.15
  -----------------------------------------------------------
  data required time                                  0.15
  data arrival time                                  -0.35
  -----------------------------------------------------------
  slack (MET)                                         0.20


  Startpoint: DFF_359/q_reg
              (rising edge-triggered flip-flop clocked by ideal_clock1)
  Endpoint: DFF_360/q_reg
            (rising edge-triggered flip-flop clocked by ideal_clock1)
  Path Group: ideal_clock1
  Path Type: min

  Point                                    Incr       Path
  -----------------------------------------------------------
  clock ideal_clock1 (rise edge)           0.00       0.00
  clock network delay (propagated)         0.15       0.15
  DFF_359/q_reg/CLK (DFFX1_RVT)            0.00       0.15 r
  DFF_359/q_reg/QN (DFFX1_RVT)             0.11       0.26 f
  U4089/Y (OA221X1_RVT)                    0.11 *     0.37 f
  DFF_360/q_reg/D (DFFX1_RVT)              0.00 *     0.37 f
  data arrival time                                   0.37

  clock ideal_clock1 (rise edge)           0.00       0.00
  clock network delay (propagated)         0.15       0.15
  DFF_360/q_reg/CLK (DFFX1_RVT)            0.00       0.15 r
  library hold time                        0.02       0.17
  data required time                                  0.17
  -----------------------------------------------------------
  data required time                                  0.17
  data arrival time                                  -0.37
  -----------------------------------------------------------
  slack (MET)                                         0.21


  Startpoint: DFF_365/q_reg
              (rising edge-triggered flip-flop clocked by ideal_clock1)
  Endpoint: DFF_366/q_reg
            (rising edge-triggered flip-flop clocked by ideal_clock1)
  Path Group: ideal_clock1
  Path Type: min

  Point                                    Incr       Path
  -----------------------------------------------------------
  clock ideal_clock1 (rise edge)           0.00       0.00
  clock network delay (propagated)         0.15       0.15
  DFF_365/q_reg/CLK (DFFX1_RVT)            0.00       0.15 r
  DFF_365/q_reg/QN (DFFX1_RVT)             0.11       0.26 f
  U4133/Y (OA221X1_RVT)                    0.11 *     0.37 f
  DFF_366/q_reg/D (DFFX1_RVT)              0.00 *     0.37 f
  data arrival time                                   0.37

  clock ideal_clock1 (rise edge)           0.00       0.00
  clock network delay (propagated)         0.15       0.15
  DFF_366/q_reg/CLK (DFFX1_RVT)            0.00       0.15 r
  library hold time                        0.01       0.17
  data required time                                  0.17
  -----------------------------------------------------------
  data required time                                  0.17
  data arrival time                                  -0.37
  -----------------------------------------------------------
  slack (MET)                                         0.21


  Startpoint: DFF_414/q_reg
              (rising edge-triggered flip-flop clocked by ideal_clock1)
  Endpoint: DFF_413/q_reg
            (rising edge-triggered flip-flop clocked by ideal_clock1)
  Path Group: ideal_clock1
  Path Type: min

  Point                                    Incr       Path
  -----------------------------------------------------------
  clock ideal_clock1 (rise edge)           0.00       0.00
  clock network delay (propagated)         0.16       0.16
  DFF_414/q_reg/CLK (DFFX1_RVT)            0.00       0.16 r
  DFF_414/q_reg/Q (DFFX1_RVT)              0.15       0.31 f
  U5353/Y (AND2X1_RVT)                     0.06 *     0.37 f
  DFF_413/q_reg/D (DFFX1_RVT)              0.00 *     0.37 f
  data arrival time                                   0.37

  clock ideal_clock1 (rise edge)           0.00       0.00
  clock network delay (propagated)         0.14       0.14
  DFF_413/q_reg/CLK (DFFX1_RVT)            0.00       0.14 r
  library hold time                        0.02       0.16
  data required time                                  0.16
  -----------------------------------------------------------
  data required time                                  0.16
  data arrival time                                  -0.37
  -----------------------------------------------------------
  slack (MET)                                         0.21


  Startpoint: DFF_208/q_reg
              (rising edge-triggered flip-flop clocked by ideal_clock1)
  Endpoint: DFF_207/q_reg
            (rising edge-triggered flip-flop clocked by ideal_clock1)
  Path Group: ideal_clock1
  Path Type: min

  Point                                    Incr       Path
  -----------------------------------------------------------
  clock ideal_clock1 (rise edge)           0.00       0.00
  clock network delay (propagated)         0.15       0.15
  DFF_208/q_reg/CLK (DFFX1_RVT)            0.00       0.15 r
  DFF_208/q_reg/Q (DFFX1_RVT)              0.15       0.31 f
  U4418/Y (AND2X1_RVT)                     0.07 *     0.37 f
  DFF_207/q_reg/D (DFFX1_RVT)              0.00 *     0.37 f
  data arrival time                                   0.37

  clock ideal_clock1 (rise edge)           0.00       0.00
  clock network delay (propagated)         0.15       0.15
  DFF_207/q_reg/CLK (DFFX1_RVT)            0.00       0.15 r
  library hold time                        0.02       0.16
  data required time                                  0.16
  -----------------------------------------------------------
  data required time                                  0.16
  data arrival time                                  -0.37
  -----------------------------------------------------------
  slack (MET)                                         0.21


  Startpoint: DFF_76/q_reg
              (rising edge-triggered flip-flop clocked by ideal_clock1)
  Endpoint: DFF_108/q_reg
            (rising edge-triggered flip-flop clocked by ideal_clock1)
  Path Group: ideal_clock1
  Path Type: min

  Point                                    Incr       Path
  -----------------------------------------------------------
  clock ideal_clock1 (rise edge)           0.00       0.00
  clock network delay (propagated)         0.15       0.15
  DFF_76/q_reg/CLK (DFFX1_RVT)             0.00       0.15 r
  DFF_76/q_reg/Q (DFFX1_RVT)               0.16       0.32 f
  U5711/Y (AND2X1_RVT)                     0.06 *     0.38 f
  DFF_108/q_reg/D (DFFX1_RVT)              0.00 *     0.38 f
  data arrival time                                   0.38

  clock ideal_clock1 (rise edge)           0.00       0.00
  clock network delay (propagated)         0.15       0.15
  DFF_108/q_reg/CLK (DFFX1_RVT)            0.00       0.15 r
  library hold time                        0.02       0.17
  data required time                                  0.17
  -----------------------------------------------------------
  data required time                                  0.17
  data arrival time                                  -0.38
  -----------------------------------------------------------
  slack (MET)                                         0.21


  Startpoint: DFF_1196/q_reg
              (rising edge-triggered flip-flop clocked by ideal_clock1)
  Endpoint: DFF_1228/q_reg
            (rising edge-triggered flip-flop clocked by ideal_clock1)
  Path Group: ideal_clock1
  Path Type: min

  Point                                    Incr       Path
  -----------------------------------------------------------
  clock ideal_clock1 (rise edge)           0.00       0.00
  clock network delay (propagated)         0.15       0.15
  DFF_1196/q_reg/CLK (DFFX1_RVT)           0.00       0.15 r
  DFF_1196/q_reg/Q (DFFX1_RVT)             0.16       0.32 f
  U6430/Y (AND2X1_RVT)                     0.06 *     0.38 f
  DFF_1228/q_reg/D (DFFX1_RVT)             0.00 *     0.38 f
  data arrival time                                   0.38

  clock ideal_clock1 (rise edge)           0.00       0.00
  clock network delay (propagated)         0.14       0.14
  DFF_1228/q_reg/CLK (DFFX1_RVT)           0.00       0.14 r
  library hold time                        0.02       0.17
  data required time                                  0.17
  -----------------------------------------------------------
  data required time                                  0.17
  data arrival time                                  -0.38
  -----------------------------------------------------------
  slack (MET)                                         0.21


  Startpoint: DFF_1247/q_reg
              (rising edge-triggered flip-flop clocked by ideal_clock1)
  Endpoint: DFF_1279/q_reg
            (rising edge-triggered flip-flop clocked by ideal_clock1)
  Path Group: ideal_clock1
  Path Type: min

  Point                                    Incr       Path
  -----------------------------------------------------------
  clock ideal_clock1 (rise edge)           0.00       0.00
  clock network delay (propagated)         0.14       0.14
  DFF_1247/q_reg/CLK (DFFX1_RVT)           0.00       0.14 r
  DFF_1247/q_reg/Q (DFFX1_RVT)             0.16       0.30 f
  U6481/Y (AND2X1_RVT)                     0.06 *     0.36 f
  DFF_1279/q_reg/D (DFFX1_RVT)             0.00 *     0.36 f
  data arrival time                                   0.36

  clock ideal_clock1 (rise edge)           0.00       0.00
  clock network delay (propagated)         0.13       0.13
  DFF_1279/q_reg/CLK (DFFX1_RVT)           0.00       0.13 r
  library hold time                        0.02       0.15
  data required time                                  0.15
  -----------------------------------------------------------
  data required time                                  0.15
  data arrival time                                  -0.36
  -----------------------------------------------------------
  slack (MET)                                         0.21


  Startpoint: DFF_988/q_reg
              (rising edge-triggered flip-flop clocked by ideal_clock1)
  Endpoint: DFF_987/q_reg
            (rising edge-triggered flip-flop clocked by ideal_clock1)
  Path Group: ideal_clock1
  Path Type: min

  Point                                    Incr       Path
  -----------------------------------------------------------
  clock ideal_clock1 (rise edge)           0.00       0.00
  clock network delay (propagated)         0.15       0.15
  DFF_988/q_reg/CLK (DFFX1_RVT)            0.00       0.15 r
  DFF_988/q_reg/Q (DFFX1_RVT)              0.16       0.31 f
  U5492/Y (AND2X1_RVT)                     0.07 *     0.38 f
  DFF_987/q_reg/D (DFFX1_RVT)              0.00 *     0.38 f
  data arrival time                                   0.38

  clock ideal_clock1 (rise edge)           0.00       0.00
  clock network delay (propagated)         0.16       0.16
  DFF_987/q_reg/CLK (DFFX1_RVT)            0.00       0.16 r
  library hold time                        0.01       0.17
  data required time                                  0.17
  -----------------------------------------------------------
  data required time                                  0.17
  data arrival time                                  -0.38
  -----------------------------------------------------------
  slack (MET)                                         0.21


  Startpoint: DFF_708/q_reg
              (rising edge-triggered flip-flop clocked by ideal_clock1)
  Endpoint: DFF_763/q_reg
            (rising edge-triggered flip-flop clocked by ideal_clock1)
  Path Group: ideal_clock1
  Path Type: min

  Point                                    Incr       Path
  -----------------------------------------------------------
  clock ideal_clock1 (rise edge)           0.00       0.00
  clock network delay (propagated)         0.16       0.16
  DFF_708/q_reg/CLK (DFFX1_RVT)            0.00       0.16 r
  DFF_708/q_reg/QN (DFFX1_RVT)             0.11       0.27 f
  U6158/Y (OA221X1_RVT)                    0.11 *     0.37 f
  DFF_763/q_reg/D (DFFX1_RVT)              0.00 *     0.37 f
  data arrival time                                   0.37

  clock ideal_clock1 (rise edge)           0.00       0.00
  clock network delay (propagated)         0.15       0.15
  DFF_763/q_reg/CLK (DFFX1_RVT)            0.00       0.15 r
  library hold time                        0.01       0.16
  data required time                                  0.16
  -----------------------------------------------------------
  data required time                                  0.16
  data arrival time                                  -0.37
  -----------------------------------------------------------
  slack (MET)                                         0.21


  Startpoint: DFF_607/q_reg
              (rising edge-triggered flip-flop clocked by ideal_clock1)
  Endpoint: DFF_606/q_reg
            (rising edge-triggered flip-flop clocked by ideal_clock1)
  Path Group: ideal_clock1
  Path Type: min

  Point                                    Incr       Path
  -----------------------------------------------------------
  clock ideal_clock1 (rise edge)           0.00       0.00
  clock network delay (propagated)         0.16       0.16
  DFF_607/q_reg/CLK (DFFX1_RVT)            0.00       0.16 r
  DFF_607/q_reg/Q (DFFX1_RVT)              0.16       0.32 f
  U5404/Y (AND2X1_RVT)                     0.06 *     0.38 f
  DFF_606/q_reg/D (DFFX1_RVT)              0.00 *     0.38 f
  data arrival time                                   0.38

  clock ideal_clock1 (rise edge)           0.00       0.00
  clock network delay (propagated)         0.14       0.14
  DFF_606/q_reg/CLK (DFFX1_RVT)            0.00       0.14 r
  library hold time                        0.02       0.16
  data required time                                  0.16
  -----------------------------------------------------------
  data required time                                  0.16
  data arrival time                                  -0.38
  -----------------------------------------------------------
  slack (MET)                                         0.21


1
