Information: Propagating switching activity (low effort zero delay simulation). (PWR-6)
Warning: Design has unannotated primary inputs. (PWR-414)
Warning: Design has unannotated sequential cell outputs. (PWR-415)
 
****************************************
Report : power
        -analysis_effort low
Design : s35932
Version: L-2016.03-SP5-1
Date   : Wed Mar  6 02:00:42 2019
****************************************


Library(s) Used:

    saed32rvt_ss0p95v25c (File: /mnt/class_data/ecec574-w2019/PDKs/SAED32nm/lib/stdcell_rvt/db_ccs/saed32rvt_ss0p95v25c.db)

Information: The cells in your design are not characterized for internal power. (PWR-229)

Operating Conditions: ss0p95v25c   Library: saed32rvt_ss0p95v25c
Wire Load Model Mode: enclosed

Design        Wire Load Model            Library
------------------------------------------------
s35932                 ForQA             saed32rvt_ss0p95v25c


Global Operating Voltage = 0.95 
Power-specific unit information :
    Voltage Units = 1V
    Capacitance Units = 1.000000ff
    Time Units = 1ns
    Dynamic Power Units = 1uW    (derived from V,C,T units)
    Leakage Power Units = 1pW


  Cell Internal Power  =   0.0000 uW    (0%)
  Net Switching Power  = 317.3162 uW  (100%)
                         ---------
Total Dynamic Power    = 317.3162 uW  (100%)

Cell Leakage Power     = 489.1390 uW


                 Internal         Switching           Leakage            Total
Power Group      Power            Power               Power              Power   (   %    )  Attrs
--------------------------------------------------------------------------------------------------
io_pad             0.0000            0.0000            0.0000            0.0000  (   0.00%)
memory             0.0000            0.0000            0.0000            0.0000  (   0.00%)
black_box          0.0000            0.0000            0.0000            0.0000  (   0.00%)
clock_network      0.0000          194.4264        1.0615e+07          205.0416  (  25.43%)
register           0.0000           69.0380        2.4345e+08          312.4879  (  38.75%)
sequential         0.0000            0.0000            0.0000            0.0000  (   0.00%)
combinational      0.0000           53.8517        2.3507e+08          288.9255  (  35.83%)
--------------------------------------------------------------------------------------------------
Total              0.0000 uW       317.3161 uW     4.8914e+08 pW       806.4551 uW
1
