 
****************************************
  Report : Chip Summary
  Design : s35932
  Version: L-2016.03-SP5-1
  Date   : Wed Mar  6 02:00:28 2019
****************************************
Std cell utilization: 61.24%  (79101/(129168-0))
(Non-fixed + Fixed)
Std cell utilization: 60.48%  (76607/(129168-2510))
(Non-fixed only)
Chip area:            129168   sites, bbox (5.00 5.00 186.79 185.58) um
Std cell area:        79101    sites, (non-fixed:76607  fixed:2494)
                      4938     cells, (non-fixed:4792   fixed:146)
Macro cell area:      0        sites
                      0        cells
Placement blockages:  0        sites, (excluding fixed std cells)
                      2510     sites, (include fixed std cells & chimney area)
                      0        sites, (complete p/g net blockages)
Routing blockages:    0        sites, (partial p/g net blockages)
                      0        sites, (routing blockages and signal pre-route)
Lib cell count:       20 
Avg. std cell width:  1.74 um 
Site array:           unit     (width: 0.152 um, height: 1.672 um, rows: 108)
Physical DB scale:    1000 db_unit = 1 um 

 
****************************************
  Report : pnet options
  Design : s35932
  Version: L-2016.03-SP5-1
  Date   : Wed Mar  6 02:00:28 2019
****************************************


--------------------------------------------------------------------
Layer      Blockage   Min_width   Min_height   Via_additive     Density
--------------------------------------------------------------------
M1         none          ---         ---       via additive      ---
M2         none          ---         ---       via additive      ---
M3         none          ---         ---       via additive      ---
M4         none          ---         ---       via additive      ---
M5         none          ---         ---       via additive      ---
M6         none          ---         ---       via additive      ---
M7         none          ---         ---       via additive      ---
M8         none          ---         ---       via additive      ---
M9         none          ---         ---       via additive      ---
MRDL       none          ---         ---       via additive      ---

**********************************
      Sub-Region Utilization      
**********************************
Number of regions with placement utilization 0 - 0.125 is 0 (0.00%)
Number of regions with placement utilization 0.125 - 0.25 is 0 (0.00%)
Number of regions with placement utilization 0.25 - 0.375 is 0 (0.00%)
Number of regions with placement utilization 0.375 - 0.5 is 14 (2.89%)
Number of regions with placement utilization 0.5 - 0.625 is 262 (54.13%)
Number of regions with placement utilization 0.625 - 0.75 is 199 (41.12%)
Number of regions with placement utilization 0.75 - 0.875 is 9 (1.86%)
Number of regions with placement utilization 0.875 - 1 is 0 (0.00%)
1
