 
****************************************
Report : timing
        -path full
        -delay min
        -max_paths 20
Design : s386
Version: L-2016.03-SP5-1
Date   : Thu Mar  7 00:22:23 2019
****************************************

 * Some/all delay information is back-annotated.

Operating Conditions: ss0p95v25c   Library: saed32rvt_ss0p95v25c
	Parasitic source    : LPE
	Parasitic mode      : RealRC
	Extraction mode     : MIN_MAX
	Extraction derating : 25/25/25

Information: Percent of Arnoldi-based delays = 16.06%

  Startpoint: DFF_1/q_reg
              (rising edge-triggered flip-flop clocked by ideal_clock1)
  Endpoint: DFF_5/q_reg
            (rising edge-triggered flip-flop clocked by ideal_clock1)
  Path Group: ideal_clock1
  Path Type: min

  Point                                    Incr       Path
  -----------------------------------------------------------
  clock ideal_clock1 (rise edge)           0.00       0.00
  clock network delay (propagated)         0.00       0.00
  DFF_1/q_reg/CLK (DFFX1_RVT)              0.00       0.00 r
  DFF_1/q_reg/Q (DFFX1_RVT)                0.17       0.17 f
  U98/Y (OA221X1_RVT)                      0.11 &     0.28 f
  DFF_5/q_reg/D (DFFX1_RVT)                0.00 &     0.28 f
  data arrival time                                   0.28

  clock ideal_clock1 (rise edge)           0.00       0.00
  clock network delay (propagated)         0.00       0.00
  DFF_5/q_reg/CLK (DFFX1_RVT)              0.00       0.00 r
  library hold time                       -0.02      -0.02
  data required time                                 -0.02
  -----------------------------------------------------------
  data required time                                 -0.02
  data arrival time                                  -0.28
  -----------------------------------------------------------
  slack (MET)                                         0.29


  Startpoint: DFF_5/q_reg
              (rising edge-triggered flip-flop clocked by ideal_clock1)
  Endpoint: DFF_4/q_reg
            (rising edge-triggered flip-flop clocked by ideal_clock1)
  Path Group: ideal_clock1
  Path Type: min

  Point                                    Incr       Path
  -----------------------------------------------------------
  clock ideal_clock1 (rise edge)           0.00       0.00
  clock network delay (propagated)         0.00       0.00
  DFF_5/q_reg/CLK (DFFX1_RVT)              0.00       0.00 r
  DFF_5/q_reg/QN (DFFX1_RVT)               0.14       0.14 f
  U111/Y (AO22X1_RVT)                      0.08 &     0.22 f
  U112/Y (AO22X1_RVT)                      0.06 &     0.28 f
  DFF_4/q_reg/D (DFFX1_RVT)                0.00 &     0.28 f
  data arrival time                                   0.28

  clock ideal_clock1 (rise edge)           0.00       0.00
  clock network delay (propagated)         0.00       0.00
  DFF_4/q_reg/CLK (DFFX1_RVT)              0.00       0.00 r
  library hold time                       -0.02      -0.02
  data required time                                 -0.02
  -----------------------------------------------------------
  data required time                                 -0.02
  data arrival time                                  -0.28
  -----------------------------------------------------------
  slack (MET)                                         0.30


  Startpoint: DFF_0/q_reg
              (rising edge-triggered flip-flop clocked by ideal_clock1)
  Endpoint: DFF_0/q_reg
            (rising edge-triggered flip-flop clocked by ideal_clock1)
  Path Group: ideal_clock1
  Path Type: min

  Point                                    Incr       Path
  -----------------------------------------------------------
  clock ideal_clock1 (rise edge)           0.00       0.00
  clock network delay (propagated)         0.00       0.00
  DFF_0/q_reg/CLK (DFFX1_RVT)              0.00       0.00 r
  DFF_0/q_reg/Q (DFFX1_RVT)                0.16       0.16 f
  U99/Y (NAND4X0_RVT)                      0.06 &     0.22 r
  U102/Y (NAND2X0_RVT)                     0.05 &     0.27 f
  DFF_0/q_reg/D (DFFX1_RVT)                0.00 &     0.27 f
  data arrival time                                   0.27

  clock ideal_clock1 (rise edge)           0.00       0.00
  clock network delay (propagated)         0.00       0.00
  DFF_0/q_reg/CLK (DFFX1_RVT)              0.00       0.00 r
  library hold time                       -0.03      -0.03
  data required time                                 -0.03
  -----------------------------------------------------------
  data required time                                 -0.03
  data arrival time                                  -0.27
  -----------------------------------------------------------
  slack (MET)                                         0.30


  Startpoint: DFF_5/q_reg
              (rising edge-triggered flip-flop clocked by ideal_clock1)
  Endpoint: DFF_1/q_reg
            (rising edge-triggered flip-flop clocked by ideal_clock1)
  Path Group: ideal_clock1
  Path Type: min

  Point                                    Incr       Path
  -----------------------------------------------------------
  clock ideal_clock1 (rise edge)           0.00       0.00
  clock network delay (propagated)         0.00       0.00
  DFF_5/q_reg/CLK (DFFX1_RVT)              0.00       0.00 r
  DFF_5/q_reg/QN (DFFX1_RVT)               0.16       0.16 r
  U104/Y (NAND3X0_RVT)                     0.05 &     0.21 f
  U105/Y (AO22X1_RVT)                      0.09 &     0.30 f
  DFF_1/q_reg/D (DFFX1_RVT)                0.00 &     0.30 f
  data arrival time                                   0.30

  clock ideal_clock1 (rise edge)           0.00       0.00
  clock network delay (propagated)         0.00       0.00
  DFF_1/q_reg/CLK (DFFX1_RVT)              0.00       0.00 r
  library hold time                       -0.02      -0.02
  data required time                                 -0.02
  -----------------------------------------------------------
  data required time                                 -0.02
  data arrival time                                  -0.30
  -----------------------------------------------------------
  slack (MET)                                         0.32


  Startpoint: DFF_0/q_reg
              (rising edge-triggered flip-flop clocked by ideal_clock1)
  Endpoint: DFF_3/q_reg
            (rising edge-triggered flip-flop clocked by ideal_clock1)
  Path Group: ideal_clock1
  Path Type: min

  Point                                    Incr       Path
  -----------------------------------------------------------
  clock ideal_clock1 (rise edge)           0.00       0.00
  clock network delay (propagated)         0.00       0.00
  DFF_0/q_reg/CLK (DFFX1_RVT)              0.00       0.00 r
  DFF_0/q_reg/QN (DFFX1_RVT)               0.14       0.14 f
  U119/Y (NAND3X0_RVT)                     0.07 &     0.21 r
  U122/Y (OA22X1_RVT)                      0.07 &     0.28 r
  U123/Y (NAND2X0_RVT)                     0.04 &     0.32 f
  DFF_3/q_reg/D (DFFX1_RVT)                0.00 &     0.32 f
  data arrival time                                   0.32

  clock ideal_clock1 (rise edge)           0.00       0.00
  clock network delay (propagated)         0.00       0.00
  DFF_3/q_reg/CLK (DFFX1_RVT)              0.00       0.00 r
  library hold time                       -0.02      -0.02
  data required time                                 -0.02
  -----------------------------------------------------------
  data required time                                 -0.02
  data arrival time                                  -0.32
  -----------------------------------------------------------
  slack (MET)                                         0.35


  Startpoint: DFF_0/q_reg
              (rising edge-triggered flip-flop clocked by ideal_clock1)
  Endpoint: DFF_2/q_reg
            (rising edge-triggered flip-flop clocked by ideal_clock1)
  Path Group: ideal_clock1
  Path Type: min

  Point                                    Incr       Path
  -----------------------------------------------------------
  clock ideal_clock1 (rise edge)           0.00       0.00
  clock network delay (propagated)         0.00       0.00
  DFF_0/q_reg/CLK (DFFX1_RVT)              0.00       0.00 r
  DFF_0/q_reg/QN (DFFX1_RVT)               0.16       0.16 r
  U88/Y (NAND3X0_RVT)                      0.08 &     0.24 f
  U121/Y (NAND3X0_RVT)                     0.08 &     0.31 r
  DFF_2/q_reg/D (DFFX1_RVT)                0.00 &     0.31 r
  data arrival time                                   0.31

  clock ideal_clock1 (rise edge)           0.00       0.00
  clock network delay (propagated)         0.00       0.00
  DFF_2/q_reg/CLK (DFFX1_RVT)              0.00       0.00 r
  library hold time                       -0.04      -0.04
  data required time                                 -0.04
  -----------------------------------------------------------
  data required time                                 -0.04
  data arrival time                                  -0.31
  -----------------------------------------------------------
  slack (MET)                                         0.35


  Startpoint: DFF_1/q_reg
              (rising edge-triggered flip-flop clocked by ideal_clock1)
  Endpoint: v13_D_6 (output port clocked by ideal_clock1)
  Path Group: ideal_clock1
  Path Type: min

  Point                                    Incr       Path
  -----------------------------------------------------------
  clock ideal_clock1 (rise edge)           0.00       0.00
  clock network delay (propagated)         0.00       0.00
  DFF_1/q_reg/CLK (DFFX1_RVT)              0.00       0.00 r
  DFF_1/q_reg/QN (DFFX1_RVT)               0.16       0.16 f
  U108/Y (AO22X1_RVT)                      0.09 &     0.25 f
  v13_D_6 (out)                            0.00 &     0.25 f
  data arrival time                                   0.25

  clock ideal_clock1 (rise edge)           0.00       0.00
  clock network delay (ideal)              0.00       0.00
  output external delay                   -2.00      -2.00
  data required time                                 -2.00
  -----------------------------------------------------------
  data required time                                 -2.00
  data arrival time                                  -0.25
  -----------------------------------------------------------
  slack (MET)                                         2.25


  Startpoint: DFF_2/q_reg
              (rising edge-triggered flip-flop clocked by ideal_clock1)
  Endpoint: v13_D_12 (output port clocked by ideal_clock1)
  Path Group: ideal_clock1
  Path Type: min

  Point                                    Incr       Path
  -----------------------------------------------------------
  clock ideal_clock1 (rise edge)           0.00       0.00
  clock network delay (propagated)         0.00       0.00
  DFF_2/q_reg/CLK (DFFX1_RVT)              0.00       0.00 r
  DFF_2/q_reg/QN (DFFX1_RVT)               0.15       0.15 r
  U89/Y (NOR3X0_RVT)                       0.12 &     0.27 f
  v13_D_12 (out)                           0.00 &     0.27 f
  data arrival time                                   0.27

  clock ideal_clock1 (rise edge)           0.00       0.00
  clock network delay (ideal)              0.00       0.00
  output external delay                   -2.00      -2.00
  data required time                                 -2.00
  -----------------------------------------------------------
  data required time                                 -2.00
  data arrival time                                  -0.27
  -----------------------------------------------------------
  slack (MET)                                         2.27


  Startpoint: DFF_3/q_reg
              (rising edge-triggered flip-flop clocked by ideal_clock1)
  Endpoint: v13_D_10 (output port clocked by ideal_clock1)
  Path Group: ideal_clock1
  Path Type: min

  Point                                    Incr       Path
  -----------------------------------------------------------
  clock ideal_clock1 (rise edge)           0.00       0.00
  clock network delay (propagated)         0.00       0.00
  DFF_3/q_reg/CLK (DFFX1_RVT)              0.00       0.00 r
  DFF_3/q_reg/Q (DFFX1_RVT)                0.16       0.16 r
  U92/Y (AND4X1_RVT)                       0.11 &     0.27 r
  v13_D_10 (out)                           0.00 &     0.27 r
  data arrival time                                   0.27

  clock ideal_clock1 (rise edge)           0.00       0.00
  clock network delay (ideal)              0.00       0.00
  output external delay                   -2.00      -2.00
  data required time                                 -2.00
  -----------------------------------------------------------
  data required time                                 -2.00
  data arrival time                                  -0.27
  -----------------------------------------------------------
  slack (MET)                                         2.27


  Startpoint: DFF_5/q_reg
              (rising edge-triggered flip-flop clocked by ideal_clock1)
  Endpoint: v13_D_7 (output port clocked by ideal_clock1)
  Path Group: ideal_clock1
  Path Type: min

  Point                                    Incr       Path
  -----------------------------------------------------------
  clock ideal_clock1 (rise edge)           0.00       0.00
  clock network delay (propagated)         0.00       0.00
  DFF_5/q_reg/CLK (DFFX1_RVT)              0.00       0.00 r
  DFF_5/q_reg/Q (DFFX1_RVT)                0.17       0.17 r
  U96/Y (OA221X1_RVT)                      0.11 &     0.29 r
  v13_D_7 (out)                            0.00 &     0.29 r
  data arrival time                                   0.29

  clock ideal_clock1 (rise edge)           0.00       0.00
  clock network delay (ideal)              0.00       0.00
  output external delay                   -2.00      -2.00
  data required time                                 -2.00
  -----------------------------------------------------------
  data required time                                 -2.00
  data arrival time                                  -0.29
  -----------------------------------------------------------
  slack (MET)                                         2.29


  Startpoint: DFF_2/q_reg
              (rising edge-triggered flip-flop clocked by ideal_clock1)
  Endpoint: v13_D_11 (output port clocked by ideal_clock1)
  Path Group: ideal_clock1
  Path Type: min

  Point                                    Incr       Path
  -----------------------------------------------------------
  clock ideal_clock1 (rise edge)           0.00       0.00
  clock network delay (propagated)         0.00       0.00
  DFF_2/q_reg/CLK (DFFX1_RVT)              0.00       0.00 r
  DFF_2/q_reg/Q (DFFX1_RVT)                0.16       0.16 f
  U87/Y (NAND4X0_RVT)                      0.08 &     0.24 r
  U125/Y (NAND3X0_RVT)                     0.07 &     0.31 f
  v13_D_11 (out)                           0.00 &     0.31 f
  data arrival time                                   0.31

  clock ideal_clock1 (rise edge)           0.00       0.00
  clock network delay (ideal)              0.00       0.00
  output external delay                   -2.00      -2.00
  data required time                                 -2.00
  -----------------------------------------------------------
  data required time                                 -2.00
  data arrival time                                  -0.31
  -----------------------------------------------------------
  slack (MET)                                         2.31


  Startpoint: DFF_2/q_reg
              (rising edge-triggered flip-flop clocked by ideal_clock1)
  Endpoint: v13_D_8 (output port clocked by ideal_clock1)
  Path Group: ideal_clock1
  Path Type: min

  Point                                    Incr       Path
  -----------------------------------------------------------
  clock ideal_clock1 (rise edge)           0.00       0.00
  clock network delay (propagated)         0.00       0.00
  DFF_2/q_reg/CLK (DFFX1_RVT)              0.00       0.00 r
  DFF_2/q_reg/Q (DFFX1_RVT)                0.16       0.16 f
  U87/Y (NAND4X0_RVT)                      0.08 &     0.24 r
  U90/Y (NOR2X0_RVT)                       0.10 &     0.34 f
  v13_D_8 (out)                            0.00 &     0.34 f
  data arrival time                                   0.34

  clock ideal_clock1 (rise edge)           0.00       0.00
  clock network delay (ideal)              0.00       0.00
  output external delay                   -2.00      -2.00
  data required time                                 -2.00
  -----------------------------------------------------------
  data required time                                 -2.00
  data arrival time                                  -0.34
  -----------------------------------------------------------
  slack (MET)                                         2.34


  Startpoint: DFF_3/q_reg
              (rising edge-triggered flip-flop clocked by ideal_clock1)
  Endpoint: v13_D_9 (output port clocked by ideal_clock1)
  Path Group: ideal_clock1
  Path Type: min

  Point                                    Incr       Path
  -----------------------------------------------------------
  clock ideal_clock1 (rise edge)           0.00       0.00
  clock network delay (propagated)         0.00       0.00
  DFF_3/q_reg/CLK (DFFX1_RVT)              0.00       0.00 r
  DFF_3/q_reg/QN (DFFX1_RVT)               0.14       0.14 f
  U82/Y (NAND3X0_RVT)                      0.08 &     0.22 r
  U68/Y (OAI21X1_RVT)                      0.13 &     0.35 f
  v13_D_9 (out)                            0.00 &     0.35 f
  data arrival time                                   0.35

  clock ideal_clock1 (rise edge)           0.00       0.00
  clock network delay (ideal)              0.00       0.00
  output external delay                   -2.00      -2.00
  data required time                                 -2.00
  -----------------------------------------------------------
  data required time                                 -2.00
  data arrival time                                  -0.35
  -----------------------------------------------------------
  slack (MET)                                         2.35


1
