/opt/synopsys/2016/core-synthesis-tools/auxx/gui/dv/dv_setup.tcl
/opt/synopsys/2016/core-synthesis-tools/auxx/gui/syn/snpsSynProcs.tcl
/opt/synopsys/2016/core-synthesis-tools/auxx/gui/syn/layout/pkgIndex.tcl
/opt/synopsys/2016/core-synthesis-tools/auxx/gui/common/layout/pkgIndex.tcl
/opt/synopsys/2016/core-synthesis-tools/auxx/gui/common/histogram/pkgIndex.tcl
/opt/synopsys/2016/core-synthesis-tools/auxx/gui/common/profiler/pkgIndex.tcl
/opt/synopsys/2016/core-synthesis-tools/auxx/gui/common/fanoutviewer/pkgIndex.tcl
/opt/synopsys/2016/core-synthesis-tools/auxx/gui/common/tiledview/pkgIndex.tcl
/opt/synopsys/2016/core-synthesis-tools/auxx/gui/common/tq/pkgIndex.tcl
/opt/synopsys/2016/core-synthesis-tools/auxx/gui/common/view/pkgIndex.tcl
/opt/synopsys/2016/core-synthesis-tools/auxx/gui/common/select/pkgIndex.tcl
/opt/synopsys/2016/core-synthesis-tools/auxx/gui/common/timing/pkgIndex.tcl
/opt/synopsys/2016/core-synthesis-tools/auxx/gui/common/strokes/pkgIndex.tcl
/opt/synopsys/2016/core-synthesis-tools/auxx/gui/common/highlight/pkgIndex.tcl
/opt/synopsys/2016/core-synthesis-tools/auxx/gui/common/table/pkgIndex.tcl
/opt/synopsys/2016/core-synthesis-tools/auxx/gui/common/dialogs/pkgIndex.tcl
/opt/synopsys/2016/core-synthesis-tools/auxx/gui/common/mrupalette/pkgIndex.tcl
/opt/synopsys/2016/core-synthesis-tools/auxx/gui/common/commandform/pkgIndex.tcl
/opt/synopsys/2016/core-synthesis-tools/auxx/gui/common/misc/pkgIndex.tcl
/opt/synopsys/2016/core-synthesis-tools/auxx/gui/common/tcl-dp/pkgIndex.tcl
/opt/synopsys/2016/core-synthesis-tools/auxx/gui/common/pathinspector/pkgIndex.tcl
/opt/synopsys/2016/core-synthesis-tools/auxx/gui/common/menus/pkgIndex.tcl
/opt/synopsys/2016/core-synthesis-tools/auxx/gui/common/hierarchy/pkgIndex.tcl
/opt/synopsys/2016/core-synthesis-tools/auxx/gui/common/opdlg/pkgIndex.tcl
/opt/synopsys/2016/core-synthesis-tools/auxx/gui/common/palettegroup/pkgIndex.tcl
/opt/synopsys/2016/core-synthesis-tools/auxx/gui/common/schematic/pkgIndex.tcl
/opt/synopsys/2016/core-synthesis-tools/auxx/gui/common/qtcl/pkgIndex.tcl
/opt/synopsys/2016/core-synthesis-tools/auxx/gui/common/libviewer/pkgIndex.tcl
/opt/synopsys/2016/core-synthesis-tools/auxx/gui/common/WindowFrameWork/pkgIndex.tcl
/opt/synopsys/2016/core-synthesis-tools/auxx/gui/common/regressionToolkit/pkgIndex.tcl
/opt/synopsys/2016/core-synthesis-tools/auxx/gui/common/docBrowser/pkgIndex.tcl
/opt/synopsys/2016/core-synthesis-tools/auxx/gui/common/setup/pkgIndex.tcl
/opt/synopsys/2016/core-synthesis-tools/auxx/gui/common/acg/pkgIndex.tcl
/opt/synopsys/2016/core-synthesis-tools/auxx/gui/dv/pkgIndex.tcl
/opt/synopsys/2016/core-synthesis-tools/auxx/syn/lib/pkgIndex.tcl
/opt/synopsys/2016/core-synthesis-tools/auxx/tcllib/lib/iwidgets4.1/pkgIndex.tcl
/opt/synopsys/2016/core-synthesis-tools/auxx/tcllib/snps_tcl/snpsUtils/pkgIndex.tcl
/opt/synopsys/2016/core-synthesis-tools/auxx/tcllib/snps_tcl/snpsTest/pkgIndex.tcl
/opt/synopsys/2016/core-synthesis-tools/auxx/tcllib/snps_tcl/snpsTclPro/pkgIndex.tcl
/opt/synopsys/2016/core-synthesis-tools/auxx/tcllib/snps_tcl/pkgIndex.tcl
/opt/synopsys/2016/core-synthesis-tools/auxx/tcllib/lib/tcl8.6/platform/pkgIndex.tcl
/opt/synopsys/2016/core-synthesis-tools/auxx/tcllib/lib/tcl8.6/dde/pkgIndex.tcl
/opt/synopsys/2016/core-synthesis-tools/auxx/tcllib/lib/tcl8.6/msgcat/pkgIndex.tcl
/opt/synopsys/2016/core-synthesis-tools/auxx/tcllib/lib/tcl8.6/opt/pkgIndex.tcl
/opt/synopsys/2016/core-synthesis-tools/auxx/tcllib/lib/tcl8.6/http1.0/pkgIndex.tcl
/opt/synopsys/2016/core-synthesis-tools/auxx/tcllib/lib/tcl8.6/tcltest/pkgIndex.tcl
/opt/synopsys/2016/core-synthesis-tools/auxx/tcllib/lib/tcl8.6/reg/pkgIndex.tcl
/opt/synopsys/2016/core-synthesis-tools/auxx/tcllib/lib/tcl8.6/http/pkgIndex.tcl
/opt/synopsys/2016/core-synthesis-tools/auxx/gui/common/setup/snpsCommonSetup.tcl
/opt/synopsys/2016/core-synthesis-tools/auxx/gui/common/setup/snpsCustomize.tcl
/opt/synopsys/2016/core-synthesis-tools/auxx/gui/common/setup/snpsProcheck.tcl
/opt/synopsys/2016/core-synthesis-tools/auxx/gui/common/qtcl/.synopsys_qtcl.tcl
/opt/synopsys/2016/core-synthesis-tools/auxx/gui/common/highlight/highlight.tcl
/opt/synopsys/2016/core-synthesis-tools/auxx/gui/common/misc/base.tcl
/opt/synopsys/2016/core-synthesis-tools/auxx/gui/common/misc/timing.tcl
/opt/synopsys/2016/core-synthesis-tools/auxx/gui/common/misc/setting.tcl
/opt/synopsys/2016/core-synthesis-tools/auxx/gui/common/misc/preset.tcl
/opt/synopsys/2016/core-synthesis-tools/auxx/gui/common/WindowFrameWork/windowFrameWork.tcl
/opt/synopsys/2016/core-synthesis-tools/auxx/gui/common/WindowFrameWork/skipBusyCursorCmdList.tcl
/opt/synopsys/2016/core-synthesis-tools/auxx/gui/common/docBrowser/docBrowser.tcl
/opt/synopsys/2016/core-synthesis-tools/auxx/tcllib/snps_tcl/snpsUtils/snpsUtils.tcl
/opt/synopsys/2016/core-synthesis-tools/auxx/gui/common/dialogs/ObjectChooser.tcl
/opt/synopsys/2016/core-synthesis-tools/auxx/gui/common/misc/DialogObjectChooser.tcl
/opt/synopsys/2016/core-synthesis-tools/auxx/gui/common/dialogs/HistBinInformation.tcl
/opt/synopsys/2016/core-synthesis-tools/auxx/gui/common/dialogs/HistBin1Information.tcl
/opt/synopsys/2016/core-synthesis-tools/auxx/gui/common/dialogs/BinsOnlyInformation.tcl
/opt/synopsys/2016/core-synthesis-tools/auxx/gui/common/dialogs/FileChooser.tcl
/opt/synopsys/2016/core-synthesis-tools/auxx/gui/common/dialogs/PathPinSimpleInfo.tcl
/opt/synopsys/2016/core-synthesis-tools/auxx/gui/common/dialogs/PathsBasicInfo.tcl
/opt/synopsys/2016/core-synthesis-tools/auxx/gui/common/dialogs/PathsBasicSimpleInfo.tcl
/opt/synopsys/2016/core-synthesis-tools/auxx/gui/common/dialogs/SlctOperationInfo.tcl
/opt/synopsys/2016/core-synthesis-tools/auxx/gui/common/dialogs/ObjectListInfo.tcl
/opt/synopsys/2016/core-synthesis-tools/auxx/gui/common/dialogs/FanInOutInfo.tcl
/opt/synopsys/2016/core-synthesis-tools/auxx/gui/common/dialogs/NumberOfLevelsChooser.tcl
/opt/synopsys/2016/core-synthesis-tools/auxx/gui/common/dialogs/WindowReuseInfo.tcl
/opt/synopsys/2016/core-synthesis-tools/auxx/gui/common/dialogs/ReportOutputOptionInfo.tcl
/opt/synopsys/2016/core-synthesis-tools/auxx/gui/common/setup/snpsCollections.tcl
/opt/synopsys/2016/core-synthesis-tools/auxx/gui/common/dialogs/CompileLinkDesign.tcl
/opt/synopsys/2016/core-synthesis-tools/auxx/gui/common/histogram/DialogEndpointSlack.tcl
/opt/synopsys/2016/core-synthesis-tools/auxx/gui/common/histogram/DialogPathsSlack.tcl
/opt/synopsys/2016/core-synthesis-tools/auxx/gui/common/histogram/DialogNetCapacitance.tcl
/opt/synopsys/2016/core-synthesis-tools/auxx/gui/common/schematic/DialogPathSchematicFanInOut.tcl
/opt/synopsys/2016/core-synthesis-tools/auxx/gui/common/schematic/DialogPathSchematicAddPaths.tcl
/home/mgk39@drexel.edu/ecec574/ASICII-Course/dc_synth/dc_synth.tcl
/home/mgk39@drexel.edu/ecec574/tutorial/OpenSPARC_src/trunk/T1-FPU/bw_clk_cl_fpu_cmp.v
/home/mgk39@drexel.edu/ecec574/tutorial/OpenSPARC_src/trunk/T1-FPU/fpu_add_ctl.v
/home/mgk39@drexel.edu/ecec574/tutorial/OpenSPARC_src/trunk/T1-FPU/fpu_add_exp_dp.v
/home/mgk39@drexel.edu/ecec574/tutorial/OpenSPARC_src/trunk/T1-FPU/fpu_add_frac_dp.v
/home/mgk39@drexel.edu/ecec574/tutorial/OpenSPARC_src/trunk/T1-FPU/fpu_add.v
/home/mgk39@drexel.edu/ecec574/tutorial/OpenSPARC_src/trunk/T1-FPU/fpu_cnt_lead0_53b.v
/home/mgk39@drexel.edu/ecec574/tutorial/OpenSPARC_src/trunk/T1-FPU/fpu_cnt_lead0_64b.v
/home/mgk39@drexel.edu/ecec574/tutorial/OpenSPARC_src/trunk/T1-FPU/fpu_cnt_lead0_lvl1.v
/home/mgk39@drexel.edu/ecec574/tutorial/OpenSPARC_src/trunk/T1-FPU/fpu_cnt_lead0_lvl2.v
/home/mgk39@drexel.edu/ecec574/tutorial/OpenSPARC_src/trunk/T1-FPU/fpu_cnt_lead0_lvl3.v
/home/mgk39@drexel.edu/ecec574/tutorial/OpenSPARC_src/trunk/T1-FPU/fpu_cnt_lead0_lvl4.v
/home/mgk39@drexel.edu/ecec574/tutorial/OpenSPARC_src/trunk/T1-FPU/fpu_denorm_3b.v
/home/mgk39@drexel.edu/ecec574/tutorial/OpenSPARC_src/trunk/T1-FPU/fpu_denorm_3to1.v
/home/mgk39@drexel.edu/ecec574/tutorial/OpenSPARC_src/trunk/T1-FPU/fpu_denorm_frac.v
/home/mgk39@drexel.edu/ecec574/tutorial/OpenSPARC_src/trunk/T1-FPU/fpu_div_ctl.v
/home/mgk39@drexel.edu/ecec574/tutorial/OpenSPARC_src/trunk/T1-FPU/fpu_div_exp_dp.v
/home/mgk39@drexel.edu/ecec574/tutorial/OpenSPARC_src/trunk/T1-FPU/fpu_div_frac_dp.v
/home/mgk39@drexel.edu/ecec574/tutorial/OpenSPARC_src/trunk/T1-FPU/fpu_div.v
/home/mgk39@drexel.edu/ecec574/tutorial/OpenSPARC_src/trunk/T1-FPU/fpu_in2_gt_in1_2b.v
/home/mgk39@drexel.edu/ecec574/tutorial/OpenSPARC_src/trunk/T1-FPU/fpu_in2_gt_in1_3b.v
/home/mgk39@drexel.edu/ecec574/tutorial/OpenSPARC_src/trunk/T1-FPU/fpu_in2_gt_in1_3to1.v
/home/mgk39@drexel.edu/ecec574/tutorial/OpenSPARC_src/trunk/T1-FPU/fpu_in2_gt_in1_frac.v
/home/mgk39@drexel.edu/ecec574/tutorial/OpenSPARC_src/trunk/T1-FPU/fpu_in_ctl.v
/home/mgk39@drexel.edu/ecec574/tutorial/OpenSPARC_src/trunk/T1-FPU/fpu_in_dp.v
/home/mgk39@drexel.edu/ecec574/tutorial/OpenSPARC_src/trunk/T1-FPU/fpu_in.v
/home/mgk39@drexel.edu/ecec574/tutorial/OpenSPARC_src/trunk/T1-FPU/fpu_mul_ctl.v
/home/mgk39@drexel.edu/ecec574/tutorial/OpenSPARC_src/trunk/T1-FPU/fpu_mul_exp_dp.v
/home/mgk39@drexel.edu/ecec574/tutorial/OpenSPARC_src/trunk/T1-FPU/fpu_mul_frac_dp.v
/home/mgk39@drexel.edu/ecec574/tutorial/OpenSPARC_src/trunk/T1-FPU/fpu_mul.v
/home/mgk39@drexel.edu/ecec574/tutorial/OpenSPARC_src/trunk/T1-FPU/fpu_out_ctl.v
/home/mgk39@drexel.edu/ecec574/tutorial/OpenSPARC_src/trunk/T1-FPU/fpu_out_dp.v
/home/mgk39@drexel.edu/ecec574/tutorial/OpenSPARC_src/trunk/T1-FPU/fpu_out.v
/home/mgk39@drexel.edu/ecec574/tutorial/OpenSPARC_src/trunk/T1-FPU/fpu_rptr_groups.v
/home/mgk39@drexel.edu/ecec574/tutorial/OpenSPARC_src/trunk/T1-FPU/fpu_rptr_macros.v
/home/mgk39@drexel.edu/ecec574/tutorial/OpenSPARC_src/trunk/T1-FPU/fpu_rptr_min_global.v
/home/mgk39@drexel.edu/ecec574/tutorial/OpenSPARC_src/trunk/T1-FPU/fpu.v
/home/mgk39@drexel.edu/ecec574/tutorial/OpenSPARC_src/trunk/T1-common/common/cluster_header_ctu.v
/home/mgk39@drexel.edu/ecec574/tutorial/OpenSPARC_src/trunk/T1-common/common/cluster_header_dup.v
/home/mgk39@drexel.edu/ecec574/tutorial/OpenSPARC_src/trunk/T1-common/common/cluster_header_sync.v
/home/mgk39@drexel.edu/ecec574/tutorial/OpenSPARC_src/trunk/T1-common/common/cluster_header.v
/home/mgk39@drexel.edu/ecec574/tutorial/OpenSPARC_src/trunk/T1-common/common/cmp_sram_redhdr.v
/home/mgk39@drexel.edu/ecec574/tutorial/OpenSPARC_src/trunk/T1-common/common/dbl_buf.v
/home/mgk39@drexel.edu/ecec574/tutorial/OpenSPARC_src/trunk/T1-common/common/swrvr_clib.v
/home/mgk39@drexel.edu/ecec574/tutorial/OpenSPARC_src/trunk/T1-common/common/swrvr_dlib.v
/home/mgk39@drexel.edu/ecec574/tutorial/OpenSPARC_src/trunk/T1-common/common/synchronizer_asr_dup.v
/home/mgk39@drexel.edu/ecec574/tutorial/OpenSPARC_src/trunk/T1-common/common/synchronizer_asr.v
/home/mgk39@drexel.edu/ecec574/tutorial/OpenSPARC_src/trunk/T1-common/common/sync_pulse_synchronizer.v
/home/mgk39@drexel.edu/ecec574/tutorial/OpenSPARC_src/trunk/T1-common/common/test_stub_bist.v
/home/mgk39@drexel.edu/ecec574/tutorial/OpenSPARC_src/trunk/T1-common/common/test_stub_scan.v
/home/mgk39@drexel.edu/ecec574/tutorial/OpenSPARC_src/trunk/T1-common/common/ucb_bus_in.v
/home/mgk39@drexel.edu/ecec574/tutorial/OpenSPARC_src/trunk/T1-common/common/ucb_bus_out.v
/home/mgk39@drexel.edu/ecec574/tutorial/OpenSPARC_src/trunk/T1-common/common/ucb_flow_2buf.v
/home/mgk39@drexel.edu/ecec574/tutorial/OpenSPARC_src/trunk/T1-common/common/ucb_flow_jbi.v
/home/mgk39@drexel.edu/ecec574/tutorial/OpenSPARC_src/trunk/T1-common/common/ucb_flow_spi.v
/home/mgk39@drexel.edu/ecec574/tutorial/OpenSPARC_src/trunk/T1-common/common/ucb_noflow.v
/home/mgk39@drexel.edu/ecec574/tutorial/OpenSPARC_src/trunk/T1-common/m1/m1.V
/home/mgk39@drexel.edu/ecec574/tutorial/OpenSPARC_src/trunk/T1-common/srams/bw_r_cm16x40b.v
/home/mgk39@drexel.edu/ecec574/tutorial/OpenSPARC_src/trunk/T1-common/srams/bw_r_cm16x40.v
/home/mgk39@drexel.edu/ecec574/tutorial/OpenSPARC_src/trunk/T1-common/srams/bw_r_dcd.v
/home/mgk39@drexel.edu/ecec574/tutorial/OpenSPARC_src/trunk/T1-common/srams/bw_r_dcm.v
/home/mgk39@drexel.edu/ecec574/tutorial/OpenSPARC_src/trunk/T1-common/srams/bw_r_efa.v
/home/mgk39@drexel.edu/ecec574/tutorial/OpenSPARC_src/trunk/T1-common/srams/bw_rf_16x65.v
/home/mgk39@drexel.edu/ecec574/tutorial/OpenSPARC_src/trunk/T1-common/srams/bw_rf_16x81.v
/home/mgk39@drexel.edu/ecec574/tutorial/OpenSPARC_src/trunk/T1-common/srams/bw_r_frf.v
/home/mgk39@drexel.edu/ecec574/tutorial/OpenSPARC_src/trunk/T1-common/srams/bw_r_icd.v
/home/mgk39@drexel.edu/ecec574/tutorial/OpenSPARC_src/trunk/T1-common/srams/bw_r_idct.v
/home/mgk39@drexel.edu/ecec574/tutorial/OpenSPARC_src/trunk/T1-common/srams/bw_r_irf_fpga1.v
/home/mgk39@drexel.edu/ecec574/tutorial/OpenSPARC_src/trunk/T1-common/srams/bw_r_irf_register.v
/home/mgk39@drexel.edu/ecec574/tutorial/OpenSPARC_src/trunk/T1-common/srams/bw_r_irf.v
/home/mgk39@drexel.edu/ecec574/tutorial/OpenSPARC_src/trunk/T1-common/srams/bw_r_l2d_32k.v
/home/mgk39@drexel.edu/ecec574/tutorial/OpenSPARC_src/trunk/T1-common/srams/bw_r_l2d_rep_bot.v
/home/mgk39@drexel.edu/ecec574/tutorial/OpenSPARC_src/trunk/T1-common/srams/bw_r_l2d_rep_top.v
/home/mgk39@drexel.edu/ecec574/tutorial/OpenSPARC_src/trunk/T1-common/srams/bw_r_l2d.v
/home/mgk39@drexel.edu/ecec574/tutorial/OpenSPARC_src/trunk/T1-common/srams/bw_r_l2t.v
/home/mgk39@drexel.edu/ecec574/tutorial/OpenSPARC_src/trunk/T1-common/srams/bw_r_rf16x128d.v
/home/mgk39@drexel.edu/ecec574/tutorial/OpenSPARC_src/trunk/T1-common/srams/bw_r_rf16x160.v
/home/mgk39@drexel.edu/ecec574/tutorial/OpenSPARC_src/trunk/T1-common/srams/bw_r_rf16x32.v
/home/mgk39@drexel.edu/ecec574/tutorial/OpenSPARC_src/trunk/T1-common/srams/bw_r_rf32x108.v
/home/mgk39@drexel.edu/ecec574/tutorial/OpenSPARC_src/trunk/T1-common/srams/bw_r_rf32x152b.v
/home/mgk39@drexel.edu/ecec574/tutorial/OpenSPARC_src/trunk/T1-common/srams/bw_r_rf32x80.v
/home/mgk39@drexel.edu/ecec574/tutorial/OpenSPARC_src/trunk/T1-common/srams/bw_r_scm.v
/home/mgk39@drexel.edu/ecec574/tutorial/OpenSPARC_src/trunk/T1-common/srams/bw_r_tlb_fpga.v
/home/mgk39@drexel.edu/ecec574/tutorial/OpenSPARC_src/trunk/T1-common/srams/bw_r_tlb.v
/home/mgk39@drexel.edu/ecec574/tutorial/OpenSPARC_src/trunk/T1-common/srams/regfile_1w_4r.v
/home/mgk39@drexel.edu/ecec574/tutorial/OpenSPARC_src/trunk/T1-common/u1/u1.V
/home/mgk39@drexel.edu/ecec574/tutorial/OpenSPARC_src/trunk/T1-CPU/mul/mul64.v
/home/mgk39@drexel.edu/ecec574/tutorial/OpenSPARC_src/trunk/T1-common/srams/bw_r_rf16x160.v
/mnt/class_data/ecec574-w2019/PDKs/SAED32nm_new/SAED32_EDK/lib/stdcell_rvt/db_ccs/saed32rvt_ss0p95v125c.db
